INFO:root:EMAverage called
INFO:root:MovingAverage called
INFO:root:SignalProcess called
INFO:ib_insync.client:Connecting to 127.0.0.1:7497 with clientId 1...
INFO:ib_insync.client:Connected
INFO:ib_insync.client:Logged on to server version 163
ERROR:ib_insync.client:Peer closed connection. clientId 1 already in use?
INFO:ib_insync.client:Disconnecting
ERROR:ib_insync.client:API connection failed: TimeoutError()
INFO:ib_insync.client:Connecting to 127.0.0.1:7497 with clientId 2...
INFO:ib_insync.client:Connected
INFO:ib_insync.client:Logged on to server version 163
INFO:ib_insync.client:API connection ready
INFO:ib_insync.wrapper:Warning 2104, reqId -1: Market data farm connection is OK:uscrypto
INFO:ib_insync.wrapper:Warning 2104, reqId -1: Market data farm connection is OK:usfarm.nj
INFO:ib_insync.wrapper:Warning 2104, reqId -1: Market data farm connection is OK:cashfarm
INFO:ib_insync.wrapper:Warning 2104, reqId -1: Market data farm connection is OK:usfarm
INFO:ib_insync.wrapper:Warning 2106, reqId -1: HMDS data farm connection is OK:euhmds
INFO:ib_insync.wrapper:Warning 2106, reqId -1: HMDS data farm connection is OK:cashhmds
INFO:ib_insync.wrapper:Warning 2106, reqId -1: HMDS data farm connection is OK:fundfarm
INFO:ib_insync.wrapper:Warning 2106, reqId -1: HMDS data farm connection is OK:ushmds
INFO:ib_insync.wrapper:Warning 2158, reqId -1: Sec-def data farm connection is OK:secdefnj
INFO:ib_insync.ib:Synchronization complete
INFO:root:EMAverage called
INFO:root:MovingAverage called
INFO:root:SignalProcess called
INFO:ib_insync.client:Connecting to 127.0.0.1:7497 with clientId 3...
INFO:ib_insync.client:Connected
INFO:ib_insync.client:Logged on to server version 163
INFO:ib_insync.client:API connection ready
INFO:ib_insync.wrapper:Warning 2104, reqId -1: Market data farm connection is OK:uscrypto
INFO:ib_insync.wrapper:Warning 2104, reqId -1: Market data farm connection is OK:usfarm.nj
INFO:ib_insync.wrapper:Warning 2104, reqId -1: Market data farm connection is OK:cashfarm
INFO:ib_insync.wrapper:Warning 2104, reqId -1: Market data farm connection is OK:usfarm
INFO:ib_insync.wrapper:Warning 2106, reqId -1: HMDS data farm connection is OK:euhmds
INFO:ib_insync.wrapper:Warning 2106, reqId -1: HMDS data farm connection is OK:cashhmds
INFO:ib_insync.wrapper:Warning 2106, reqId -1: HMDS data farm connection is OK:fundfarm
INFO:ib_insync.wrapper:Warning 2106, reqId -1: HMDS data farm connection is OK:ushmds
INFO:ib_insync.wrapper:Warning 2158, reqId -1: Sec-def data farm connection is OK:secdefnj
INFO:ib_insync.ib:Synchronization complete
INFO:root:EMAverage called
INFO:root:MovingAverage called
INFO:root:SignalProcess called
INFO:ib_insync.client:Connecting to 127.0.0.1:7497 with clientId 4...
INFO:ib_insync.client:Connected
INFO:ib_insync.client:Logged on to server version 163
INFO:ib_insync.client:API connection ready
INFO:ib_insync.wrapper:Warning 2104, reqId -1: Market data farm connection is OK:uscrypto
INFO:ib_insync.wrapper:Warning 2104, reqId -1: Market data farm connection is OK:usfarm.nj
INFO:ib_insync.wrapper:Warning 2104, reqId -1: Market data farm connection is OK:cashfarm
INFO:ib_insync.wrapper:Warning 2104, reqId -1: Market data farm connection is OK:usfarm
INFO:ib_insync.wrapper:Warning 2106, reqId -1: HMDS data farm connection is OK:euhmds
INFO:ib_insync.wrapper:Warning 2106, reqId -1: HMDS data farm connection is OK:cashhmds
INFO:ib_insync.wrapper:Warning 2106, reqId -1: HMDS data farm connection is OK:fundfarm
INFO:ib_insync.wrapper:Warning 2106, reqId -1: HMDS data farm connection is OK:ushmds
INFO:ib_insync.wrapper:Warning 2158, reqId -1: Sec-def data farm connection is OK:secdefnj
INFO:ib_insync.ib:Synchronization complete
INFO:numexpr.utils:NumExpr defaulting to 8 threads.
INFO:root:EMAverage called
INFO:root:MovingAverage called
INFO:root:SignalProcess called
INFO:ib_insync.client:Connecting to 127.0.0.1:7497 with clientId 5...
INFO:ib_insync.client:Connected
INFO:ib_insync.client:Logged on to server version 163
INFO:ib_insync.client:API connection ready
INFO:ib_insync.wrapper:Warning 2104, reqId -1: Market data farm connection is OK:uscrypto
INFO:ib_insync.wrapper:Warning 2104, reqId -1: Market data farm connection is OK:usfarm.nj
INFO:ib_insync.wrapper:Warning 2104, reqId -1: Market data farm connection is OK:cashfarm
INFO:ib_insync.wrapper:Warning 2104, reqId -1: Market data farm connection is OK:usfarm
INFO:ib_insync.wrapper:Warning 2106, reqId -1: HMDS data farm connection is OK:euhmds
INFO:ib_insync.wrapper:Warning 2106, reqId -1: HMDS data farm connection is OK:cashhmds
INFO:ib_insync.wrapper:Warning 2106, reqId -1: HMDS data farm connection is OK:fundfarm
INFO:ib_insync.wrapper:Warning 2106, reqId -1: HMDS data farm connection is OK:ushmds
INFO:ib_insync.wrapper:Warning 2158, reqId -1: Sec-def data farm connection is OK:secdefnj
INFO:ib_insync.ib:Synchronization complete
INFO:root:EMAverage called
INFO:root:MovingAverage called
INFO:root:SignalProcess called
INFO:ib_insync.client:Connecting to 127.0.0.1:7497 with clientId 6...
INFO:ib_insync.client:Connected
INFO:ib_insync.client:Logged on to server version 163
INFO:ib_insync.client:API connection ready
INFO:ib_insync.wrapper:Warning 2104, reqId -1: Market data farm connection is OK:uscrypto
INFO:ib_insync.wrapper:Warning 2104, reqId -1: Market data farm connection is OK:usfarm.nj
INFO:ib_insync.wrapper:Warning 2104, reqId -1: Market data farm connection is OK:cashfarm
INFO:ib_insync.wrapper:Warning 2104, reqId -1: Market data farm connection is OK:usfarm
INFO:ib_insync.wrapper:Warning 2106, reqId -1: HMDS data farm connection is OK:euhmds
INFO:ib_insync.wrapper:Warning 2106, reqId -1: HMDS data farm connection is OK:cashhmds
INFO:ib_insync.wrapper:Warning 2106, reqId -1: HMDS data farm connection is OK:fundfarm
INFO:ib_insync.wrapper:Warning 2106, reqId -1: HMDS data farm connection is OK:ushmds
INFO:ib_insync.wrapper:Warning 2158, reqId -1: Sec-def data farm connection is OK:secdefnj
INFO:ib_insync.ib:Synchronization complete
INFO:ib_insync.ib:Disconnecting from 127.0.0.1:7497, 181 B sent in 8 messages, 39.8 kB received in 666 messages, session time 3.12 ks.
INFO:ib_insync.client:Disconnecting
INFO:ib_insync.ib:Disconnecting from 127.0.0.1:7497, 181 B sent in 8 messages, 39.8 kB received in 666 messages, session time 3.03 ks.
INFO:ib_insync.client:Disconnecting
INFO:ib_insync.ib:Disconnecting from 127.0.0.1:7497, 181 B sent in 8 messages, 39.7 kB received in 662 messages, session time 2.90 ks.
INFO:ib_insync.client:Disconnecting
INFO:ib_insync.ib:Disconnecting from 127.0.0.1:7497, 181 B sent in 8 messages, 29.1 kB received in 442 messages, session time 2.66 ks.
INFO:ib_insync.client:Disconnecting
INFO:root:EMAverage called
INFO:root:MovingAverage called
INFO:root:SignalProcess called
INFO:ib_insync.client:Connecting to 127.0.0.1:7497 with clientId 7...
INFO:ib_insync.client:Connected
INFO:ib_insync.client:Logged on to server version 163
INFO:ib_insync.client:API connection ready
INFO:ib_insync.wrapper:Warning 2104, reqId -1: Market data farm connection is OK:uscrypto
INFO:ib_insync.wrapper:Warning 2104, reqId -1: Market data farm connection is OK:usfarm.nj
INFO:ib_insync.wrapper:Warning 2104, reqId -1: Market data farm connection is OK:cashfarm
INFO:ib_insync.wrapper:Warning 2104, reqId -1: Market data farm connection is OK:usfarm
INFO:ib_insync.wrapper:Warning 2106, reqId -1: HMDS data farm connection is OK:euhmds
INFO:ib_insync.wrapper:Warning 2106, reqId -1: HMDS data farm connection is OK:cashhmds
INFO:ib_insync.wrapper:Warning 2106, reqId -1: HMDS data farm connection is OK:fundfarm
INFO:ib_insync.wrapper:Warning 2106, reqId -1: HMDS data farm connection is OK:ushmds
INFO:ib_insync.wrapper:Warning 2158, reqId -1: Sec-def data farm connection is OK:secdefnj
INFO:ib_insync.ib:Synchronization complete
INFO:root:EMAverage called
INFO:root:MovingAverage called
INFO:root:SignalProcess called
INFO:ib_insync.client:Connecting to 127.0.0.1:7497 with clientId 8...
INFO:ib_insync.client:Connected
INFO:ib_insync.client:Logged on to server version 163
INFO:ib_insync.client:API connection ready
INFO:ib_insync.wrapper:Warning 2104, reqId -1: Market data farm connection is OK:uscrypto
INFO:ib_insync.wrapper:Warning 2104, reqId -1: Market data farm connection is OK:usfarm.nj
INFO:ib_insync.wrapper:Warning 2104, reqId -1: Market data farm connection is OK:cashfarm
INFO:ib_insync.wrapper:Warning 2104, reqId -1: Market data farm connection is OK:usfarm
INFO:ib_insync.wrapper:Warning 2106, reqId -1: HMDS data farm connection is OK:euhmds
INFO:ib_insync.wrapper:Warning 2106, reqId -1: HMDS data farm connection is OK:cashhmds
INFO:ib_insync.wrapper:Warning 2106, reqId -1: HMDS data farm connection is OK:fundfarm
INFO:ib_insync.wrapper:Warning 2106, reqId -1: HMDS data farm connection is OK:ushmds
INFO:ib_insync.wrapper:Warning 2158, reqId -1: Sec-def data farm connection is OK:secdefnj
INFO:ib_insync.ib:Synchronization complete
INFO:ib_insync.client:Connecting to 127.0.0.1:7497 with clientId 9...
INFO:ib_insync.client:Connected
INFO:ib_insync.client:Logged on to server version 163
INFO:ib_insync.client:API connection ready
INFO:ib_insync.wrapper:Warning 2104, reqId -1: Market data farm connection is OK:uscrypto
INFO:ib_insync.wrapper:Warning 2104, reqId -1: Market data farm connection is OK:usfarm.nj
INFO:ib_insync.wrapper:Warning 2104, reqId -1: Market data farm connection is OK:cashfarm
INFO:ib_insync.wrapper:Warning 2104, reqId -1: Market data farm connection is OK:usfarm
INFO:ib_insync.wrapper:Warning 2106, reqId -1: HMDS data farm connection is OK:euhmds
INFO:ib_insync.wrapper:Warning 2106, reqId -1: HMDS data farm connection is OK:cashhmds
INFO:ib_insync.wrapper:Warning 2106, reqId -1: HMDS data farm connection is OK:fundfarm
INFO:ib_insync.wrapper:Warning 2106, reqId -1: HMDS data farm connection is OK:ushmds
INFO:ib_insync.wrapper:Warning 2158, reqId -1: Sec-def data farm connection is OK:secdefnj
INFO:ib_insync.ib:Synchronization complete
INFO:root:EMAverage called
INFO:root:MovingAverage called
INFO:root:SignalProcess called
INFO:ib_insync.client:Connecting to 127.0.0.1:7497 with clientId 10...
INFO:ib_insync.client:Connected
INFO:ib_insync.client:Logged on to server version 163
INFO:ib_insync.client:API connection ready
INFO:ib_insync.wrapper:Warning 2104, reqId -1: Market data farm connection is OK:uscrypto
INFO:ib_insync.wrapper:Warning 2104, reqId -1: Market data farm connection is OK:usfarm.nj
INFO:ib_insync.wrapper:Warning 2104, reqId -1: Market data farm connection is OK:cashfarm
INFO:ib_insync.wrapper:Warning 2104, reqId -1: Market data farm connection is OK:usfarm
INFO:ib_insync.wrapper:Warning 2106, reqId -1: HMDS data farm connection is OK:euhmds
INFO:ib_insync.wrapper:Warning 2106, reqId -1: HMDS data farm connection is OK:cashhmds
INFO:ib_insync.wrapper:Warning 2106, reqId -1: HMDS data farm connection is OK:fundfarm
INFO:ib_insync.wrapper:Warning 2106, reqId -1: HMDS data farm connection is OK:ushmds
INFO:ib_insync.wrapper:Warning 2158, reqId -1: Sec-def data farm connection is OK:secdefnj
INFO:ib_insync.ib:Synchronization complete
