INFO:root:EMAverage called
INFO:root:MovingAverage called
INFO:root:SignalProcess called
INFO:ib_insync.client:Connecting to 127.0.0.1:7497 with clientId 1...
INFO:ib_insync.client:Connected
INFO:ib_insync.client:Logged on to server version 163
INFO:ib_insync.client:API connection ready
INFO:ib_insync.wrapper:Warning 2104, reqId -1: Market data farm connection is OK:uscrypto
INFO:ib_insync.wrapper:Warning 2104, reqId -1: Market data farm connection is OK:hfarm
INFO:ib_insync.wrapper:Warning 2104, reqId -1: Market data farm connection is OK:usfarm.nj
INFO:ib_insync.wrapper:Warning 2104, reqId -1: Market data farm connection is OK:jfarm
INFO:ib_insync.wrapper:Warning 2104, reqId -1: Market data farm connection is OK:cashfarm
INFO:ib_insync.wrapper:Warning 2104, reqId -1: Market data farm connection is OK:eufarmnj
INFO:ib_insync.wrapper:Warning 2104, reqId -1: Market data farm connection is OK:usfarm
INFO:ib_insync.wrapper:Warning 2106, reqId -1: HMDS data farm connection is OK:euhmds
INFO:ib_insync.wrapper:Warning 2106, reqId -1: HMDS data farm connection is OK:cashhmds
INFO:ib_insync.wrapper:Warning 2106, reqId -1: HMDS data farm connection is OK:fundfarm
INFO:ib_insync.wrapper:Warning 2106, reqId -1: HMDS data farm connection is OK:ushmds
INFO:ib_insync.wrapper:Warning 2158, reqId -1: Sec-def data farm connection is OK:secdefnj
INFO:ib_insync.ib:Synchronization complete
INFO:ib_insync.wrapper:Warning 2108, reqId -1: Market data farm connection is inactive but should be available upon demand.hfarm
INFO:ib_insync.wrapper:Warning 2108, reqId -1: Market data farm connection is inactive but should be available upon demand.hfarm
INFO:ib_insync.wrapper:Warning 2108, reqId -1: Market data farm connection is inactive but should be available upon demand.jfarm
INFO:ib_insync.wrapper:Warning 2108, reqId -1: Market data farm connection is inactive but should be available upon demand.jfarm
INFO:ib_insync.wrapper:Warning 2108, reqId -1: Market data farm connection is inactive but should be available upon demand.eufarmnj
INFO:ib_insync.wrapper:Warning 2108, reqId -1: Market data farm connection is inactive but should be available upon demand.eufarmnj
INFO:root:EMAverage called
INFO:root:MovingAverage called
INFO:root:SignalProcess called
INFO:ib_insync.client:Connecting to 127.0.0.1:7497 with clientId 1...
INFO:ib_insync.client:Connected
INFO:ib_insync.client:Logged on to server version 163
ERROR:ib_insync.client:Peer closed connection. clientId 1 already in use?
INFO:ib_insync.client:Disconnecting
ERROR:ib_insync.client:API connection failed: TimeoutError()
INFO:ib_insync.client:Connecting to 127.0.0.1:7497 with clientId 2...
INFO:ib_insync.client:Connected
INFO:ib_insync.client:Logged on to server version 163
INFO:ib_insync.client:API connection ready
INFO:ib_insync.wrapper:Warning 2104, reqId -1: Market data farm connection is OK:uscrypto
INFO:ib_insync.wrapper:Warning 2104, reqId -1: Market data farm connection is OK:usfarm.nj
INFO:ib_insync.wrapper:Warning 2104, reqId -1: Market data farm connection is OK:cashfarm
INFO:ib_insync.wrapper:Warning 2104, reqId -1: Market data farm connection is OK:usfarm
INFO:ib_insync.wrapper:Warning 2106, reqId -1: HMDS data farm connection is OK:euhmds
INFO:ib_insync.wrapper:Warning 2106, reqId -1: HMDS data farm connection is OK:cashhmds
INFO:ib_insync.wrapper:Warning 2106, reqId -1: HMDS data farm connection is OK:fundfarm
INFO:ib_insync.wrapper:Warning 2106, reqId -1: HMDS data farm connection is OK:ushmds
INFO:ib_insync.wrapper:Warning 2158, reqId -1: Sec-def data farm connection is OK:secdefnj
INFO:ib_insync.ib:Synchronization complete
INFO:numexpr.utils:NumExpr defaulting to 8 threads.
INFO:root:EMAverage called
INFO:root:MovingAverage called
INFO:root:SignalProcess called
INFO:ib_insync.client:Connecting to 127.0.0.1:7497 with clientId 3...
INFO:ib_insync.client:Connected
INFO:ib_insync.client:Logged on to server version 163
INFO:ib_insync.wrapper:Warning 2104, reqId -1: Market data farm connection is OK:uscrypto
INFO:ib_insync.wrapper:Warning 2104, reqId -1: Market data farm connection is OK:usfarm.nj
INFO:ib_insync.wrapper:Warning 2104, reqId -1: Market data farm connection is OK:cashfarm
INFO:ib_insync.client:API connection ready
INFO:ib_insync.wrapper:Warning 2104, reqId -1: Market data farm connection is OK:usfarm
INFO:ib_insync.wrapper:Warning 2106, reqId -1: HMDS data farm connection is OK:euhmds
INFO:ib_insync.wrapper:Warning 2106, reqId -1: HMDS data farm connection is OK:cashhmds
INFO:ib_insync.wrapper:Warning 2106, reqId -1: HMDS data farm connection is OK:fundfarm
INFO:ib_insync.wrapper:Warning 2106, reqId -1: HMDS data farm connection is OK:ushmds
INFO:ib_insync.wrapper:Warning 2158, reqId -1: Sec-def data farm connection is OK:secdefnj
INFO:ib_insync.ib:Synchronization complete
INFO:root:EMAverage called
INFO:root:MovingAverage called
INFO:root:SignalProcess called
INFO:ib_insync.client:Connecting to 127.0.0.1:7497 with clientId 3...
INFO:ib_insync.client:Connected
INFO:ib_insync.client:Logged on to server version 163
ERROR:ib_insync.client:Peer closed connection. clientId 3 already in use?
INFO:ib_insync.client:Disconnecting
ERROR:ib_insync.client:API connection failed: TimeoutError()
INFO:ib_insync.client:Connecting to 127.0.0.1:7497 with clientId 4...
INFO:ib_insync.client:Connected
INFO:ib_insync.client:Logged on to server version 163
INFO:ib_insync.client:API connection ready
INFO:ib_insync.wrapper:Warning 2104, reqId -1: Market data farm connection is OK:uscrypto
INFO:ib_insync.wrapper:Warning 2104, reqId -1: Market data farm connection is OK:usfarm.nj
INFO:ib_insync.wrapper:Warning 2104, reqId -1: Market data farm connection is OK:cashfarm
INFO:ib_insync.wrapper:Warning 2104, reqId -1: Market data farm connection is OK:usfarm
INFO:ib_insync.wrapper:Warning 2106, reqId -1: HMDS data farm connection is OK:euhmds
INFO:ib_insync.wrapper:Warning 2106, reqId -1: HMDS data farm connection is OK:cashhmds
INFO:ib_insync.wrapper:Warning 2106, reqId -1: HMDS data farm connection is OK:fundfarm
INFO:ib_insync.wrapper:Warning 2106, reqId -1: HMDS data farm connection is OK:ushmds
INFO:ib_insync.wrapper:Warning 2158, reqId -1: Sec-def data farm connection is OK:secdefnj
INFO:ib_insync.ib:Synchronization complete
INFO:root:EMAverage called
INFO:root:MovingAverage called
INFO:root:SignalProcess called
INFO:ib_insync.client:Connecting to 127.0.0.1:7497 with clientId 5...
INFO:ib_insync.client:Connected
INFO:ib_insync.client:Logged on to server version 163
INFO:ib_insync.client:API connection ready
INFO:ib_insync.wrapper:Warning 2104, reqId -1: Market data farm connection is OK:uscrypto
INFO:ib_insync.wrapper:Warning 2104, reqId -1: Market data farm connection is OK:usfarm.nj
INFO:ib_insync.wrapper:Warning 2104, reqId -1: Market data farm connection is OK:cashfarm
INFO:ib_insync.wrapper:Warning 2104, reqId -1: Market data farm connection is OK:usfarm
INFO:ib_insync.wrapper:Warning 2106, reqId -1: HMDS data farm connection is OK:euhmds
INFO:ib_insync.wrapper:Warning 2106, reqId -1: HMDS data farm connection is OK:cashhmds
INFO:ib_insync.wrapper:Warning 2106, reqId -1: HMDS data farm connection is OK:fundfarm
INFO:ib_insync.wrapper:Warning 2106, reqId -1: HMDS data farm connection is OK:ushmds
INFO:ib_insync.wrapper:Warning 2158, reqId -1: Sec-def data farm connection is OK:secdefnj
INFO:ib_insync.ib:Synchronization complete
INFO:root:EMAverage called
INFO:root:MovingAverage called
INFO:root:SignalProcess called
INFO:ib_insync.client:Connecting to 127.0.0.1:7497 with clientId 6...
INFO:ib_insync.client:Connected
INFO:ib_insync.client:Logged on to server version 163
INFO:ib_insync.client:API connection ready
INFO:ib_insync.wrapper:Warning 2104, reqId -1: Market data farm connection is OK:uscrypto
INFO:ib_insync.wrapper:Warning 2104, reqId -1: Market data farm connection is OK:usfarm.nj
INFO:ib_insync.wrapper:Warning 2104, reqId -1: Market data farm connection is OK:cashfarm
INFO:ib_insync.wrapper:Warning 2104, reqId -1: Market data farm connection is OK:usfarm
INFO:ib_insync.wrapper:Warning 2106, reqId -1: HMDS data farm connection is OK:euhmds
INFO:ib_insync.wrapper:Warning 2106, reqId -1: HMDS data farm connection is OK:cashhmds
INFO:ib_insync.wrapper:Warning 2106, reqId -1: HMDS data farm connection is OK:fundfarm
INFO:ib_insync.wrapper:Warning 2106, reqId -1: HMDS data farm connection is OK:ushmds
INFO:ib_insync.wrapper:Warning 2158, reqId -1: Sec-def data farm connection is OK:secdefnj
INFO:ib_insync.ib:Synchronization complete
INFO:ib_insync.ib:Disconnecting from 127.0.0.1:7497, 183 B sent in 8 messages, 59.1 kB received in 906 messages, session time 5.11 ks.
INFO:ib_insync.client:Disconnecting
INFO:ib_insync.ib:Disconnecting from 127.0.0.1:7497, 183 B sent in 8 messages, 58.2 kB received in 894 messages, session time 4.96 ks.
INFO:ib_insync.client:Disconnecting
INFO:ib_insync.ib:Disconnecting from 127.0.0.1:7497, 183 B sent in 8 messages, 36.5 kB received in 402 messages, session time 849 s.
INFO:ib_insync.client:Disconnecting
INFO:ib_insync.ib:Disconnecting from 127.0.0.1:7497, 183 B sent in 8 messages, 36.3 kB received in 394 messages, session time 537 s.
INFO:ib_insync.client:Disconnecting
INFO:ib_insync.ib:Disconnecting from 127.0.0.1:7497, 183 B sent in 8 messages, 36.2 kB received in 390 messages, session time 462 s.
INFO:ib_insync.client:Disconnecting
INFO:root:EMAverage called
INFO:root:MovingAverage called
INFO:root:SignalProcess called
INFO:ib_insync.client:Connecting to 127.0.0.1:7497 with clientId 7...
INFO:ib_insync.client:Connected
INFO:ib_insync.client:Logged on to server version 163
INFO:ib_insync.wrapper:Warning 2104, reqId -1: Market data farm connection is OK:uscrypto
INFO:ib_insync.wrapper:Warning 2104, reqId -1: Market data farm connection is OK:usfarm.nj
INFO:ib_insync.client:API connection ready
INFO:ib_insync.wrapper:Warning 2104, reqId -1: Market data farm connection is OK:cashfarm
INFO:ib_insync.wrapper:Warning 2104, reqId -1: Market data farm connection is OK:usfarm
INFO:ib_insync.wrapper:Warning 2106, reqId -1: HMDS data farm connection is OK:euhmds
INFO:ib_insync.wrapper:Warning 2106, reqId -1: HMDS data farm connection is OK:cashhmds
INFO:ib_insync.wrapper:Warning 2106, reqId -1: HMDS data farm connection is OK:fundfarm
INFO:ib_insync.wrapper:Warning 2106, reqId -1: HMDS data farm connection is OK:ushmds
INFO:ib_insync.wrapper:Warning 2158, reqId -1: Sec-def data farm connection is OK:secdefnj
INFO:ib_insync.ib:Synchronization complete
INFO:ib_insync.client:Connecting to 127.0.0.1:7497 with clientId 8...
INFO:ib_insync.client:Connected
INFO:ib_insync.client:Logged on to server version 163
INFO:ib_insync.wrapper:Warning 2104, reqId -1: Market data farm connection is OK:uscrypto
INFO:ib_insync.wrapper:Warning 2104, reqId -1: Market data farm connection is OK:usfarm.nj
INFO:ib_insync.wrapper:Warning 2104, reqId -1: Market data farm connection is OK:cashfarm
INFO:ib_insync.wrapper:Warning 2104, reqId -1: Market data farm connection is OK:usfarm
INFO:ib_insync.wrapper:Warning 2106, reqId -1: HMDS data farm connection is OK:euhmds
INFO:ib_insync.wrapper:Warning 2106, reqId -1: HMDS data farm connection is OK:cashhmds
INFO:ib_insync.wrapper:Warning 2106, reqId -1: HMDS data farm connection is OK:fundfarm
INFO:ib_insync.wrapper:Warning 2106, reqId -1: HMDS data farm connection is OK:ushmds
INFO:ib_insync.wrapper:Warning 2158, reqId -1: Sec-def data farm connection is OK:secdefnj
INFO:ib_insync.client:API connection ready
INFO:ib_insync.ib:Synchronization complete
ERROR:ib_insync.wrapper:Error 162, reqId 14: Historical Market Data Service error message:No market data permissions for AMEX STK. Requested market data requires additional subscription for API. See link in 'Market Data Connections' dialog for more details., contract: Stock(symbol='SPY', exchange='SMART', currency='USD')
INFO:ib_insync.client:Connecting to 127.0.0.1:7497 with clientId 8...
INFO:ib_insync.client:Connected
INFO:ib_insync.client:Logged on to server version 163
ERROR:ib_insync.client:Peer closed connection. clientId 8 already in use?
INFO:ib_insync.client:Disconnecting
ERROR:ib_insync.client:API connection failed: TimeoutError()
INFO:ib_insync.client:Connecting to 127.0.0.1:7497 with clientId 9...
INFO:ib_insync.client:Connected
INFO:ib_insync.client:Logged on to server version 163
INFO:ib_insync.wrapper:Warning 2104, reqId -1: Market data farm connection is OK:uscrypto
INFO:ib_insync.wrapper:Warning 2104, reqId -1: Market data farm connection is OK:usfarm.nj
INFO:ib_insync.client:API connection ready
INFO:ib_insync.wrapper:Warning 2104, reqId -1: Market data farm connection is OK:cashfarm
INFO:ib_insync.wrapper:Warning 2104, reqId -1: Market data farm connection is OK:usfarm
INFO:ib_insync.wrapper:Warning 2106, reqId -1: HMDS data farm connection is OK:euhmds
INFO:ib_insync.wrapper:Warning 2106, reqId -1: HMDS data farm connection is OK:cashhmds
INFO:ib_insync.wrapper:Warning 2106, reqId -1: HMDS data farm connection is OK:fundfarm
INFO:ib_insync.wrapper:Warning 2106, reqId -1: HMDS data farm connection is OK:ushmds
INFO:ib_insync.wrapper:Warning 2158, reqId -1: Sec-def data farm connection is OK:secdefnj
INFO:ib_insync.ib:Synchronization complete
ERROR:ib_insync.wrapper:Error 162, reqId 6: Historical Market Data Service error message:No market data permissions for ISLAND STK. Requested market data requires additional subscription for API. See link in 'Market Data Connections' dialog for more details., contract: Stock(symbol='MSFT', exchange='SMART', currency='USD')
INFO:ib_insync.client:Connecting to 127.0.0.1:7497 with clientId 10...
INFO:ib_insync.client:Connected
INFO:ib_insync.client:Logged on to server version 163
INFO:ib_insync.wrapper:Warning 2104, reqId -1: Market data farm connection is OK:uscrypto
INFO:ib_insync.client:API connection ready
INFO:ib_insync.wrapper:Warning 2104, reqId -1: Market data farm connection is OK:usfarm.nj
INFO:ib_insync.wrapper:Warning 2104, reqId -1: Market data farm connection is OK:cashfarm
INFO:ib_insync.wrapper:Warning 2104, reqId -1: Market data farm connection is OK:usfarm
INFO:ib_insync.wrapper:Warning 2106, reqId -1: HMDS data farm connection is OK:euhmds
INFO:ib_insync.wrapper:Warning 2106, reqId -1: HMDS data farm connection is OK:cashhmds
INFO:ib_insync.wrapper:Warning 2106, reqId -1: HMDS data farm connection is OK:fundfarm
INFO:ib_insync.wrapper:Warning 2106, reqId -1: HMDS data farm connection is OK:ushmds
INFO:ib_insync.wrapper:Warning 2158, reqId -1: Sec-def data farm connection is OK:secdefnj
INFO:ib_insync.ib:Synchronization complete
ERROR:ib_insync.wrapper:Error 162, reqId 3: Historical Market Data Service error message:No market data permissions for ISLAND STK. Requested market data requires additional subscription for API. See link in 'Market Data Connections' dialog for more details., contract: Stock(symbol='INTC', exchange='SMART', primaryExchange='NASDAQ', currency='USD')
INFO:ib_insync.ib:Disconnecting from 127.0.0.1:7497, 182 B sent in 8 messages, 18.4 kB received in 382 messages, session time 156 s.
INFO:ib_insync.client:Disconnecting
INFO:ib_insync.ib:Disconnecting from 127.0.0.1:7497, 180 B sent in 8 messages, 18.2 kB received in 382 messages, session time 136 s.
INFO:ib_insync.client:Disconnecting
INFO:root:EMAverage called
INFO:root:MovingAverage called
INFO:root:SignalProcess called
INFO:ib_insync.client:Connecting to 127.0.0.1:7497 with clientId 11...
INFO:ib_insync.client:Connected
INFO:ib_insync.client:Logged on to server version 163
INFO:ib_insync.wrapper:Warning 2104, reqId -1: Market data farm connection is OK:uscrypto
INFO:ib_insync.client:API connection ready
INFO:ib_insync.wrapper:Warning 2104, reqId -1: Market data farm connection is OK:usfarm.nj
INFO:ib_insync.wrapper:Warning 2104, reqId -1: Market data farm connection is OK:cashfarm
INFO:ib_insync.wrapper:Warning 2104, reqId -1: Market data farm connection is OK:usfarm
INFO:ib_insync.wrapper:Warning 2106, reqId -1: HMDS data farm connection is OK:euhmds
INFO:ib_insync.wrapper:Warning 2106, reqId -1: HMDS data farm connection is OK:cashhmds
INFO:ib_insync.wrapper:Warning 2106, reqId -1: HMDS data farm connection is OK:fundfarm
INFO:ib_insync.wrapper:Warning 2106, reqId -1: HMDS data farm connection is OK:ushmds
INFO:ib_insync.wrapper:Warning 2158, reqId -1: Sec-def data farm connection is OK:secdefnj
INFO:ib_insync.ib:Synchronization complete
ERROR:ib_insync.wrapper:Error 162, reqId 3: Historical Market Data Service error message:No market data permissions for ISLAND STK. Requested market data requires additional subscription for API. See link in 'Market Data Connections' dialog for more details., contract: Stock(symbol='INTC', exchange='SMART', primaryExchange='NASDAQ', currency='USD')
INFO:root:EMAverage called
INFO:root:MovingAverage called
INFO:root:SignalProcess called
INFO:ib_insync.client:Connecting to 127.0.0.1:7497 with clientId 12...
INFO:ib_insync.client:Connected
INFO:ib_insync.client:Logged on to server version 163
INFO:ib_insync.wrapper:Warning 2104, reqId -1: Market data farm connection is OK:uscrypto
INFO:ib_insync.wrapper:Warning 2104, reqId -1: Market data farm connection is OK:usfarm.nj
INFO:ib_insync.client:API connection ready
INFO:ib_insync.wrapper:Warning 2104, reqId -1: Market data farm connection is OK:cashfarm
INFO:ib_insync.wrapper:Warning 2104, reqId -1: Market data farm connection is OK:usfarm
INFO:ib_insync.wrapper:Warning 2106, reqId -1: HMDS data farm connection is OK:euhmds
INFO:ib_insync.wrapper:Warning 2106, reqId -1: HMDS data farm connection is OK:cashhmds
INFO:ib_insync.wrapper:Warning 2106, reqId -1: HMDS data farm connection is OK:fundfarm
INFO:ib_insync.wrapper:Warning 2106, reqId -1: HMDS data farm connection is OK:ushmds
INFO:ib_insync.wrapper:Warning 2158, reqId -1: Sec-def data farm connection is OK:secdefnj
INFO:ib_insync.ib:Synchronization complete
ERROR:ib_insync.wrapper:Error 162, reqId 3: Historical Market Data Service error message:No market data permissions for ISLAND STK. Requested market data requires additional subscription for API. See link in 'Market Data Connections' dialog for more details., contract: Stock(symbol='INTC', exchange='SMART', primaryExchange='NASDAQ', currency='USD')
INFO:root:EMAverage called
INFO:root:MovingAverage called
INFO:root:SignalProcess called
INFO:ib_insync.client:Connecting to 127.0.0.1:7497 with clientId 13...
INFO:ib_insync.client:Connected
INFO:ib_insync.client:Logged on to server version 163
INFO:ib_insync.wrapper:Warning 2104, reqId -1: Market data farm connection is OK:uscrypto
INFO:ib_insync.wrapper:Warning 2104, reqId -1: Market data farm connection is OK:usfarm.nj
INFO:ib_insync.client:API connection ready
INFO:ib_insync.wrapper:Warning 2104, reqId -1: Market data farm connection is OK:cashfarm
INFO:ib_insync.wrapper:Warning 2104, reqId -1: Market data farm connection is OK:usfarm
INFO:ib_insync.wrapper:Warning 2106, reqId -1: HMDS data farm connection is OK:euhmds
INFO:ib_insync.wrapper:Warning 2106, reqId -1: HMDS data farm connection is OK:cashhmds
INFO:ib_insync.wrapper:Warning 2106, reqId -1: HMDS data farm connection is OK:fundfarm
INFO:ib_insync.wrapper:Warning 2106, reqId -1: HMDS data farm connection is OK:ushmds
INFO:ib_insync.wrapper:Warning 2158, reqId -1: Sec-def data farm connection is OK:secdefnj
INFO:ib_insync.ib:Synchronization complete
ERROR:ib_insync.wrapper:Error 162, reqId 3: Historical Market Data Service error message:No market data permissions for ISLAND STK. Requested market data requires additional subscription for API. See link in 'Market Data Connections' dialog for more details., contract: Stock(symbol='INTC', exchange='SMART', primaryExchange='NASDAQ', currency='USD')
INFO:root:EMAverage called
INFO:root:MovingAverage called
INFO:root:SignalProcess called
INFO:ib_insync.client:Connecting to 127.0.0.1:7497 with clientId 14...
INFO:ib_insync.client:Connected
INFO:ib_insync.client:Logged on to server version 163
INFO:ib_insync.wrapper:Warning 2104, reqId -1: Market data farm connection is OK:uscrypto
INFO:ib_insync.wrapper:Warning 2104, reqId -1: Market data farm connection is OK:usfarm.nj
INFO:ib_insync.wrapper:Warning 2104, reqId -1: Market data farm connection is OK:cashfarm
INFO:ib_insync.wrapper:Warning 2104, reqId -1: Market data farm connection is OK:usfarm
INFO:ib_insync.client:API connection ready
INFO:ib_insync.wrapper:Warning 2106, reqId -1: HMDS data farm connection is OK:euhmds
INFO:ib_insync.wrapper:Warning 2106, reqId -1: HMDS data farm connection is OK:cashhmds
INFO:ib_insync.wrapper:Warning 2106, reqId -1: HMDS data farm connection is OK:fundfarm
INFO:ib_insync.wrapper:Warning 2106, reqId -1: HMDS data farm connection is OK:ushmds
INFO:ib_insync.wrapper:Warning 2158, reqId -1: Sec-def data farm connection is OK:secdefnj
INFO:ib_insync.ib:Synchronization complete
ERROR:ib_insync.wrapper:Error 162, reqId 3: Historical Market Data Service error message:No market data permissions for ISLAND STK. Requested market data requires additional subscription for API. See link in 'Market Data Connections' dialog for more details., contract: Stock(symbol='INTC', exchange='SMART', primaryExchange='NASDAQ', currency='USD')
ERROR:ib_insync.wrapper:Error 162, reqId 4: Historical Market Data Service error message:No market data permissions for ISLAND STK. Requested market data requires additional subscription for API. See link in 'Market Data Connections' dialog for more details., contract: Stock(symbol='TSLA', exchange='SMART', currency='USD')
ERROR:ib_insync.wrapper:Error 162, reqId 5: Historical Market Data Service error message:No market data permissions for ISLAND STK. Requested market data requires additional subscription for API. See link in 'Market Data Connections' dialog for more details., contract: Stock(symbol='TSLA', exchange='SMART', currency='USD')
ERROR:ib_insync.wrapper:Error 321, reqId 6: Error validating request.-'bS' : cause - Please enter exchange, contract: Stock(symbol='TSLA')
ERROR:ib_insync.wrapper:Error 321, reqId 7: Error validating request.-'bS' : cause - Please enter exchange, contract: CFD(symbol='IBUS30')
ERROR:ib_insync.wrapper:Error 162, reqId 8: Historical Market Data Service error message:No historical market data for EUR/CASH@FXSUBPIP Last 3600, contract: Forex('EURUSD', exchange='IDEALPRO')
ERROR:ib_insync.wrapper:Error 162, reqId 9: Historical Market Data Service error message:No historical market data for EUR/CASH@FXSUBPIP Last 3600, contract: Forex('EURUSD', exchange='IDEALPRO')
ERROR:ib_insync.wrapper:Error 162, reqId 10: Historical Market Data Service error message:No historical market data for EUR/CASH@FXSUBPIP Last 3600, contract: Forex('EURUSD', exchange='IDEALPRO')
ERROR:ib_insync.wrapper:Error 321, reqId 12: Error validating request.-'bS' : cause - Please enter exchange, contract: CFD(symbol='IBUS30')
ERROR:ib_insync.wrapper:Error 162, reqId 13: Historical Market Data Service error message:No market data permissions for ISLAND STK. Requested market data requires additional subscription for API. See link in 'Market Data Connections' dialog for more details., contract: Stock(symbol='AMD', exchange='SMART', currency='USD')
ERROR:ib_insync.wrapper:Error 200, reqId 14: No security definition has been found for the request, contract: Future(symbol='ES', lastTradeDateOrContractMonth='20180921', exchange='GLOBEX')
ERROR:ib_insync.wrapper:Error 200, reqId 15: No security definition has been found for the request, contract: Future(symbol='ES', lastTradeDateOrContractMonth='20180921', exchange='GLOBEX')
INFO:ib_insync.wrapper:Warning 2174, reqId 17: Warning: You submitted request with date-time attributes without explicit time zone. Please switch to use yyyymmdd-hh:mm:ss in UTC or use instrument time zone, like US/Eastern. Implied time zone functionality will be removed in the next API release, contract: Forex('EURUSD', exchange='IDEALPRO')
ERROR:ib_insync.wrapper:Error 162, reqId 18: Historical Market Data Service error message:No market data permissions for ISLAND STK. Requested market data requires additional subscription for API. See link in 'Market Data Connections' dialog for more details., contract: Stock(symbol='MSFT', exchange='SMART', currency='USD')
ERROR:ib_insync.wrapper:Error 162, reqId 20: Historical Market Data Service error message:No market data permissions for ISLAND STK. Requested market data requires additional subscription for API. See link in 'Market Data Connections' dialog for more details., contract: Stock(symbol='INTC', exchange='SMART', primaryExchange='NYSE', currency='USD')
ERROR:ib_insync.wrapper:Error 321, reqId 21: Error validating request.-'bS' : cause - Please enter exchange, contract: Stock(symbol='INTC', primaryExchange='NYSE')
ERROR:ib_insync.wrapper:Error 321, reqId 22: Error validating request.-'bS' : cause - Please enter exchange, contract: Stock(symbol='INTC', primaryExchange='NYSE')
ERROR:ib_insync.wrapper:Error 321, reqId 23: Error validating request.-'bS' : cause - Please enter exchange, contract: Stock(symbol='INTC', primaryExchange='NYSE')
ERROR:ib_insync.wrapper:Error 321, reqId 24: Error validating request.-'bS' : cause - End date not supported with adjusted last, contract: Forex('EURUSD', exchange='IDEALPRO')
ERROR:ib_insync.wrapper:Error 321, reqId 26: Error validating request.-'bS' : cause - Please enter exchange, contract: Stock(symbol='INTC', primaryExchange='NYSE')
ERROR:ib_insync.wrapper:Error 321, reqId 27: Error validating request.-'bS' : cause - Please enter exchange, contract: Stock(symbol='INTC')
ERROR:ib_insync.wrapper:Error 162, reqId 28: Historical Market Data Service error message:No market data permissions for ISLAND STK. Requested market data requires additional subscription for API. See link in 'Market Data Connections' dialog for more details., contract: Stock(symbol='TSLA', exchange='SMART', currency='USD')
ERROR:ib_insync.wrapper:Error 162, reqId 29: Historical Market Data Service error message:No market data permissions for ISLAND STK. Requested market data requires additional subscription for API. See link in 'Market Data Connections' dialog for more details., contract: Stock(symbol='TSLA', exchange='SMART', currency='USD')
ERROR:ib_insync.wrapper:Error 162, reqId 30: Historical Market Data Service error message:No market data permissions for ISLAND STK. Requested market data requires additional subscription for API. See link in 'Market Data Connections' dialog for more details., contract: Stock(symbol='TSLA', exchange='SMART', currency='USD')
ERROR:ib_insync.wrapper:Error 162, reqId 32: Historical Market Data Service error message:No market data permissions for ISLAND STK. Requested market data requires additional subscription for API. See link in 'Market Data Connections' dialog for more details., contract: Stock(symbol='TSLA', exchange='SMART', currency='USD')
ERROR:ib_insync.wrapper:Error 162, reqId 33: Historical Market Data Service error message:No market data permissions for ISLAND STK. Requested market data requires additional subscription for API. See link in 'Market Data Connections' dialog for more details., contract: Stock(symbol='TSLA', exchange='SMART', currency='USD')
ERROR:ib_insync.wrapper:Error 162, reqId 34: Historical Market Data Service error message:No market data permissions for AMEX STK. Requested market data requires additional subscription for API. See link in 'Market Data Connections' dialog for more details., contract: Stock(symbol='SPY', exchange='SMART', currency='USD')
ERROR:ib_insync.wrapper:Error 162, reqId 35: Historical Market Data Service error message:No market data permissions for ISLAND STK. Requested market data requires additional subscription for API. See link in 'Market Data Connections' dialog for more details., contract: Stock(symbol='INTC', exchange='SMART', primaryExchange='NASDAQ', currency='USD')
ERROR:ib_insync.wrapper:Error 162, reqId 36: Historical Market Data Service error message:No market data permissions for ISLAND STK. Requested market data requires additional subscription for API. See link in 'Market Data Connections' dialog for more details., contract: Stock(symbol='INTC', exchange='SMART', primaryExchange='ISLAND', currency='USD')
ERROR:ib_insync.wrapper:Error 162, reqId 38: Historical Market Data Service error message:No market data permissions for ISLAND STK. Requested market data requires additional subscription for API. See link in 'Market Data Connections' dialog for more details., contract: Stock(symbol='TSLA', exchange='SMART', currency='USD')
ERROR:ib_insync.wrapper:Error 162, reqId 40: Historical Market Data Service error message:No market data permissions for ISLAND STK. Requested market data requires additional subscription for API. See link in 'Market Data Connections' dialog for more details., contract: Stock(symbol='TSLA', exchange='SMART', currency='USD')
ERROR:ib_insync.client:Peer closed connection.
ERROR:ib_insync.client:Peer closed connection.
ERROR:ib_insync.client:Peer closed connection.
ERROR:ib_insync.client:Peer closed connection.
ERROR:ib_insync.client:Peer closed connection.
ERROR:ib_insync.client:Peer closed connection.
ERROR:ib_insync.client:Peer closed connection.
