INFO:root:SMA called
INFO:root:EMAverage called
INFO:root:SignalProcess called
INFO:ib_insync.client:Connecting to 127.0.0.1:7497 with clientId 1...
INFO:ib_insync.client:Connected
INFO:ib_insync.client:Logged on to server version 163
INFO:ib_insync.wrapper:Warning 2104, reqId -1: Market data farm connection is OK:uscrypto
INFO:ib_insync.wrapper:Warning 2104, reqId -1: Market data farm connection is OK:usfarm.nj
INFO:ib_insync.client:API connection ready
INFO:ib_insync.wrapper:Warning 2104, reqId -1: Market data farm connection is OK:usfuture
INFO:ib_insync.wrapper:Warning 2104, reqId -1: Market data farm connection is OK:cashfarm
INFO:ib_insync.wrapper:Warning 2104, reqId -1: Market data farm connection is OK:usfarm
INFO:ib_insync.wrapper:Warning 2106, reqId -1: HMDS data farm connection is OK:euhmds
INFO:ib_insync.wrapper:Warning 2106, reqId -1: HMDS data farm connection is OK:cashhmds
INFO:ib_insync.wrapper:Warning 2106, reqId -1: HMDS data farm connection is OK:fundfarm
INFO:ib_insync.wrapper:Warning 2106, reqId -1: HMDS data farm connection is OK:ushmds
INFO:ib_insync.wrapper:Warning 2158, reqId -1: Sec-def data farm connection is OK:secdefnj
INFO:ib_insync.wrapper:position: Position(account='DU1003749', contract=CFD(conId=143916318, symbol='EUR', currency='USD', localSymbol='EUR.USD', tradingClass='EUR.USD'), position=-1000.0, avgCost=1.0958)
INFO:ib_insync.wrapper:position: Position(account='DU1003749', contract=Future(conId=551601533, symbol='NQ', lastTradeDateOrContractMonth='20230616', multiplier='20', currency='USD', localSymbol='NQM3', tradingClass='NQ'), position=1.0, avgCost=259080.0)
INFO:ib_insync.wrapper:position: Position(account='DU1003749', contract=Forex('EURUSD', conId=12087792, localSymbol='EUR.USD', tradingClass='EUR.USD'), position=0.0, avgCost=0.0)
INFO:ib_insync.wrapper:position: Position(account='DU1003749', contract=Stock(conId=14171, symbol='LHA', exchange='IBIS', currency='EUR', localSymbol='LHA', tradingClass='XETRA'), position=2.0, avgCost=11.00555)
INFO:ib_insync.wrapper:updatePortfolio: PortfolioItem(contract=CFD(conId=143916318, symbol='EUR', right='0', currency='USD', localSymbol='EUR.USD', tradingClass='EUR.USD'), position=-1000.0, marketPrice=1.10527505, marketValue=-1105.28, averageCost=1.0958, unrealizedPNL=-9.48, realizedPNL=0.0, account='DU1003749')
INFO:ib_insync.wrapper:updatePortfolio: PortfolioItem(contract=Stock(conId=14171, symbol='LHA', right='0', primaryExchange='IBIS', currency='EUR', localSymbol='LHA', tradingClass='XETRA'), position=2.0, marketPrice=9.45199965, marketValue=18.9, averageCost=11.00555, unrealizedPNL=-3.11, realizedPNL=0.0, account='DU1003749')
INFO:ib_insync.wrapper:updatePortfolio: PortfolioItem(contract=Future(conId=551601533, symbol='NQ', lastTradeDateOrContractMonth='20230616', right='0', multiplier='20', primaryExchange='CME', currency='USD', localSymbol='NQM3', tradingClass='NQ'), position=1.0, marketPrice=12953.6503906, marketValue=259073.01, averageCost=259082.2, unrealizedPNL=-9.19, realizedPNL=-805.2, account='DU1003749')
INFO:ib_insync.wrapper:execDetails Execution(execId='0000e215.64499818.01.01', time=datetime.datetime(2023, 4, 27, 0, 25, 56, tzinfo=datetime.timezone.utc), acctNumber='DU1003749', exchange='IDEALPRO', side='BOT', shares=1.0, price=1.1044, permId=1694909814, clientId=4, orderId=10, liquidation=0, cumQty=1.0, avgPrice=1.1044, orderRef='', evRule='', evMultiplier=0.0, modelCode='', lastLiquidity=2)
INFO:ib_insync.wrapper:execDetails Execution(execId='0000e215.64499819.01.01', time=datetime.datetime(2023, 4, 27, 0, 25, 57, tzinfo=datetime.timezone.utc), acctNumber='DU1003749', exchange='IDEALPRO', side='SLD', shares=2.0, price=1.10425, permId=1694909815, clientId=4, orderId=11, liquidation=0, cumQty=2.0, avgPrice=1.10425, orderRef='', evRule='', evMultiplier=0.0, modelCode='', lastLiquidity=2)
INFO:ib_insync.wrapper:execDetails Execution(execId='0000e215.6449981a.01.01', time=datetime.datetime(2023, 4, 27, 0, 26, 5, tzinfo=datetime.timezone.utc), acctNumber='DU1003749', exchange='IDEALPRO', side='BOT', shares=2.0, price=1.10445, permId=1694909816, clientId=4, orderId=12, liquidation=0, cumQty=2.0, avgPrice=1.10445, orderRef='', evRule='', evMultiplier=0.0, modelCode='', lastLiquidity=2)
INFO:ib_insync.wrapper:execDetails Execution(execId='0000e215.6449981b.01.01', time=datetime.datetime(2023, 4, 27, 0, 27, 21, tzinfo=datetime.timezone.utc), acctNumber='DU1003749', exchange='IDEALPRO', side='SLD', shares=2.0, price=1.10425, permId=1694909817, clientId=4, orderId=13, liquidation=0, cumQty=2.0, avgPrice=1.10425, orderRef='', evRule='', evMultiplier=0.0, modelCode='', lastLiquidity=2)
INFO:ib_insync.wrapper:execDetails Execution(execId='0000e215.6449981e.01.01', time=datetime.datetime(2023, 4, 27, 0, 27, 31, tzinfo=datetime.timezone.utc), acctNumber='DU1003749', exchange='IDEALPRO', side='BOT', shares=2.0, price=1.10455, permId=1694909818, clientId=4, orderId=14, liquidation=0, cumQty=2.0, avgPrice=1.10455, orderRef='', evRule='', evMultiplier=0.0, modelCode='', lastLiquidity=2)
INFO:ib_insync.wrapper:execDetails Execution(execId='0000e1a7.6449a381.01.01', time=datetime.datetime(2023, 4, 27, 0, 28, 32, tzinfo=datetime.timezone.utc), acctNumber='DU1003749', exchange='CME', side='BOT', shares=1.0, price=12949.25, permId=1694909824, clientId=5, orderId=9, liquidation=0, cumQty=1.0, avgPrice=12949.25, orderRef='', evRule='', evMultiplier=0.0, modelCode='', lastLiquidity=1)
INFO:ib_insync.wrapper:execDetails Execution(execId='0000e1a7.6449a382.01.01', time=datetime.datetime(2023, 4, 27, 0, 29, 16, tzinfo=datetime.timezone.utc), acctNumber='DU1003749', exchange='CME', side='SLD', shares=2.0, price=12947.5, permId=1694909825, clientId=5, orderId=10, liquidation=0, cumQty=2.0, avgPrice=12947.5, orderRef='', evRule='', evMultiplier=0.0, modelCode='', lastLiquidity=1)
INFO:ib_insync.wrapper:execDetails Execution(execId='0000e1a7.6449a38b.01.01', time=datetime.datetime(2023, 4, 27, 0, 30, tzinfo=datetime.timezone.utc), acctNumber='DU1003749', exchange='CME', side='BOT', shares=1.0, price=12949.75, permId=1694909826, clientId=5, orderId=11, liquidation=0, cumQty=1.0, avgPrice=12949.75, orderRef='', evRule='', evMultiplier=0.0, modelCode='', lastLiquidity=1)
INFO:ib_insync.wrapper:execDetails Execution(execId='0000e1a7.6449a38c.01.01', time=datetime.datetime(2023, 4, 27, 0, 30, 1, tzinfo=datetime.timezone.utc), acctNumber='DU1003749', exchange='CME', side='BOT', shares=1.0, price=12962.5, permId=1694909826, clientId=5, orderId=11, liquidation=0, cumQty=2.0, avgPrice=12956.125, orderRef='', evRule='', evMultiplier=0.0, modelCode='', lastLiquidity=1)
INFO:ib_insync.wrapper:execDetails Execution(execId='0000e1a7.6449a391.01.01', time=datetime.datetime(2023, 4, 27, 0, 30, 31, tzinfo=datetime.timezone.utc), acctNumber='DU1003749', exchange='CME', side='SLD', shares=2.0, price=12946.75, permId=1694909827, clientId=5, orderId=12, liquidation=0, cumQty=2.0, avgPrice=12946.75, orderRef='', evRule='', evMultiplier=0.0, modelCode='', lastLiquidity=1)
INFO:ib_insync.wrapper:execDetails Execution(execId='0000e1a7.6449a399.01.01', time=datetime.datetime(2023, 4, 27, 0, 31, 2, tzinfo=datetime.timezone.utc), acctNumber='DU1003749', exchange='CME', side='BOT', shares=1.0, price=12948.5, permId=1694909828, clientId=5, orderId=13, liquidation=0, cumQty=1.0, avgPrice=12948.5, orderRef='', evRule='', evMultiplier=0.0, modelCode='', lastLiquidity=1)
INFO:ib_insync.wrapper:execDetails Execution(execId='0000e1a7.6449a39a.01.01', time=datetime.datetime(2023, 4, 27, 0, 31, 3, tzinfo=datetime.timezone.utc), acctNumber='DU1003749', exchange='CME', side='BOT', shares=1.0, price=12961.25, permId=1694909828, clientId=5, orderId=13, liquidation=0, cumQty=2.0, avgPrice=12954.875, orderRef='', evRule='', evMultiplier=0.0, modelCode='', lastLiquidity=1)
INFO:ib_insync.wrapper:execDetails Execution(execId='0000e1a7.6449a7a5.01.01', time=datetime.datetime(2023, 4, 27, 2, 16, 20, tzinfo=datetime.timezone.utc), acctNumber='DU1003749', exchange='CME', side='SLD', shares=1.0, price=12955.25, permId=1694909846, clientId=10, orderId=5, liquidation=0, cumQty=1.0, avgPrice=12955.25, orderRef='', evRule='', evMultiplier=0.0, modelCode='', lastLiquidity=1)
INFO:ib_insync.wrapper:execDetails Execution(execId='0000e1a7.6449a7a6.01.01', time=datetime.datetime(2023, 4, 27, 2, 16, 21, tzinfo=datetime.timezone.utc), acctNumber='DU1003749', exchange='CME', side='SLD', shares=1.0, price=12942.5, permId=1694909846, clientId=10, orderId=5, liquidation=0, cumQty=2.0, avgPrice=12948.875, orderRef='', evRule='', evMultiplier=0.0, modelCode='', lastLiquidity=1)
INFO:ib_insync.wrapper:execDetails Execution(execId='0000e1a7.6449a892.01.01', time=datetime.datetime(2023, 4, 27, 2, 53, 46, tzinfo=datetime.timezone.utc), acctNumber='DU1003749', exchange='CME', side='BOT', shares=2.0, price=12952.5, permId=1694909861, clientId=11, orderId=5, liquidation=0, cumQty=2.0, avgPrice=12952.5, orderRef='', evRule='', evMultiplier=0.0, modelCode='', lastLiquidity=1)
INFO:ib_insync.wrapper:execDetails Execution(execId='0000e1a7.6449a8a7.01.01', time=datetime.datetime(2023, 4, 27, 2, 56, 46, tzinfo=datetime.timezone.utc), acctNumber='DU1003749', exchange='CME', side='SLD', shares=2.0, price=12952.75, permId=1694909862, clientId=11, orderId=6, liquidation=0, cumQty=2.0, avgPrice=12952.75, orderRef='', evRule='', evMultiplier=0.0, modelCode='', lastLiquidity=1)
INFO:ib_insync.wrapper:execDetails Execution(execId='0000e1a7.6449a8a9.01.01', time=datetime.datetime(2023, 4, 27, 2, 57, 21, tzinfo=datetime.timezone.utc), acctNumber='DU1003749', exchange='CME', side='BOT', shares=2.0, price=12954.0, permId=1694909863, clientId=11, orderId=7, liquidation=0, cumQty=2.0, avgPrice=12954.0, orderRef='', evRule='', evMultiplier=0.0, modelCode='', lastLiquidity=1)
INFO:ib_insync.wrapper:commissionReport: CommissionReport(execId='0000e215.64499818.01.01', commission=2.5, currency='USD', realizedPNL=0.0, yield_=0.0, yieldRedemptionDate=0)
INFO:ib_insync.wrapper:commissionReport: CommissionReport(execId='0000e215.64499819.01.01', commission=2.5, currency='USD', realizedPNL=0.0, yield_=0.0, yieldRedemptionDate=0)
INFO:ib_insync.wrapper:commissionReport: CommissionReport(execId='0000e215.6449981a.01.01', commission=2.5, currency='USD', realizedPNL=0.0, yield_=0.0, yieldRedemptionDate=0)
INFO:ib_insync.wrapper:commissionReport: CommissionReport(execId='0000e215.6449981b.01.01', commission=2.5, currency='USD', realizedPNL=0.0, yield_=0.0, yieldRedemptionDate=0)
INFO:ib_insync.wrapper:commissionReport: CommissionReport(execId='0000e215.6449981e.01.01', commission=2.5, currency='USD', realizedPNL=0.0, yield_=0.0, yieldRedemptionDate=0)
INFO:ib_insync.wrapper:commissionReport: CommissionReport(execId='0000e1a7.6449a381.01.01', commission=2.2, currency='USD', realizedPNL=0.0, yield_=0.0, yieldRedemptionDate=0)
INFO:ib_insync.wrapper:commissionReport: CommissionReport(execId='0000e1a7.6449a382.01.01', commission=4.4, currency='USD', realizedPNL=-39.4, yield_=0.0, yieldRedemptionDate=0)
INFO:ib_insync.wrapper:commissionReport: CommissionReport(execId='0000e1a7.6449a38b.01.01', commission=2.2, currency='USD', realizedPNL=-49.4, yield_=0.0, yieldRedemptionDate=0)
INFO:ib_insync.wrapper:commissionReport: CommissionReport(execId='0000e1a7.6449a38c.01.01', commission=2.2, currency='USD', realizedPNL=0.0, yield_=0.0, yieldRedemptionDate=0)
INFO:ib_insync.wrapper:commissionReport: CommissionReport(execId='0000e1a7.6449a391.01.01', commission=4.4, currency='USD', realizedPNL=-319.4, yield_=0.0, yieldRedemptionDate=0)
INFO:ib_insync.wrapper:commissionReport: CommissionReport(execId='0000e1a7.6449a399.01.01', commission=2.2, currency='USD', realizedPNL=-39.4, yield_=0.0, yieldRedemptionDate=0)
INFO:ib_insync.wrapper:commissionReport: CommissionReport(execId='0000e1a7.6449a39a.01.01', commission=2.2, currency='USD', realizedPNL=0.0, yield_=0.0, yieldRedemptionDate=0)
INFO:ib_insync.wrapper:commissionReport: CommissionReport(execId='0000e1a7.6449a7a5.01.01', commission=2.2, currency='USD', realizedPNL=-124.4, yield_=0.0, yieldRedemptionDate=0)
INFO:ib_insync.wrapper:commissionReport: CommissionReport(execId='0000e1a7.6449a7a6.01.01', commission=2.2, currency='USD', realizedPNL=0.0, yield_=0.0, yieldRedemptionDate=0)
INFO:ib_insync.wrapper:commissionReport: CommissionReport(execId='0000e1a7.6449a892.01.01', commission=4.4, currency='USD', realizedPNL=-204.4, yield_=0.0, yieldRedemptionDate=0)
INFO:ib_insync.wrapper:commissionReport: CommissionReport(execId='0000e1a7.6449a8a7.01.01', commission=4.4, currency='USD', realizedPNL=0.6, yield_=0.0, yieldRedemptionDate=0)
INFO:ib_insync.wrapper:commissionReport: CommissionReport(execId='0000e1a7.6449a8a9.01.01', commission=4.4, currency='USD', realizedPNL=-29.4, yield_=0.0, yieldRedemptionDate=0)
INFO:ib_insync.ib:Synchronization complete
INFO:ib_insync.client:Connecting to 127.0.0.1:7497 with clientId 1...
INFO:ib_insync.client:Connected
INFO:ib_insync.client:Logged on to server version 163
ERROR:ib_insync.client:Peer closed connection. clientId 1 already in use?
INFO:ib_insync.client:Disconnecting
ERROR:ib_insync.client:API connection failed: TimeoutError()
INFO:ib_insync.client:Connecting to 127.0.0.1:7497 with clientId 2...
INFO:ib_insync.client:Connected
INFO:ib_insync.client:Logged on to server version 163
INFO:ib_insync.client:API connection ready
INFO:ib_insync.wrapper:Warning 2104, reqId -1: Market data farm connection is OK:uscrypto
INFO:ib_insync.wrapper:Warning 2104, reqId -1: Market data farm connection is OK:usfarm.nj
INFO:ib_insync.wrapper:Warning 2104, reqId -1: Market data farm connection is OK:usfuture
INFO:ib_insync.wrapper:Warning 2104, reqId -1: Market data farm connection is OK:cashfarm
INFO:ib_insync.wrapper:Warning 2104, reqId -1: Market data farm connection is OK:usfarm
INFO:ib_insync.wrapper:Warning 2106, reqId -1: HMDS data farm connection is OK:euhmds
INFO:ib_insync.wrapper:Warning 2106, reqId -1: HMDS data farm connection is OK:cashhmds
INFO:ib_insync.wrapper:Warning 2106, reqId -1: HMDS data farm connection is OK:fundfarm
INFO:ib_insync.wrapper:Warning 2106, reqId -1: HMDS data farm connection is OK:ushmds
INFO:ib_insync.wrapper:Warning 2158, reqId -1: Sec-def data farm connection is OK:secdefnj
INFO:ib_insync.wrapper:position: Position(account='DU1003749', contract=CFD(conId=143916318, symbol='EUR', currency='USD', localSymbol='EUR.USD', tradingClass='EUR.USD'), position=-1000.0, avgCost=1.0958)
INFO:ib_insync.wrapper:position: Position(account='DU1003749', contract=Future(conId=551601533, symbol='NQ', lastTradeDateOrContractMonth='20230616', multiplier='20', currency='USD', localSymbol='NQM3', tradingClass='NQ'), position=1.0, avgCost=259080.0)
INFO:ib_insync.wrapper:position: Position(account='DU1003749', contract=Forex('EURUSD', conId=12087792, localSymbol='EUR.USD', tradingClass='EUR.USD'), position=0.0, avgCost=0.0)
INFO:ib_insync.wrapper:position: Position(account='DU1003749', contract=Stock(conId=14171, symbol='LHA', exchange='IBIS', currency='EUR', localSymbol='LHA', tradingClass='XETRA'), position=2.0, avgCost=11.00555)
INFO:ib_insync.wrapper:updatePortfolio: PortfolioItem(contract=CFD(conId=143916318, symbol='EUR', right='0', currency='USD', localSymbol='EUR.USD', tradingClass='EUR.USD'), position=-1000.0, marketPrice=1.10527505, marketValue=-1105.28, averageCost=1.0958, unrealizedPNL=-9.48, realizedPNL=0.0, account='DU1003749')
INFO:ib_insync.wrapper:updatePortfolio: PortfolioItem(contract=Stock(conId=14171, symbol='LHA', right='0', primaryExchange='IBIS', currency='EUR', localSymbol='LHA', tradingClass='XETRA'), position=2.0, marketPrice=9.45199965, marketValue=18.9, averageCost=11.00555, unrealizedPNL=-3.11, realizedPNL=0.0, account='DU1003749')
INFO:ib_insync.wrapper:updatePortfolio: PortfolioItem(contract=Future(conId=551601533, symbol='NQ', lastTradeDateOrContractMonth='20230616', right='0', multiplier='20', primaryExchange='CME', currency='USD', localSymbol='NQM3', tradingClass='NQ'), position=1.0, marketPrice=12953.6503906, marketValue=259073.01, averageCost=259082.2, unrealizedPNL=-9.19, realizedPNL=-805.2, account='DU1003749')
INFO:ib_insync.wrapper:execDetails Execution(execId='0000e215.64499818.01.01', time=datetime.datetime(2023, 4, 27, 0, 25, 56, tzinfo=datetime.timezone.utc), acctNumber='DU1003749', exchange='IDEALPRO', side='BOT', shares=1.0, price=1.1044, permId=1694909814, clientId=4, orderId=10, liquidation=0, cumQty=1.0, avgPrice=1.1044, orderRef='', evRule='', evMultiplier=0.0, modelCode='', lastLiquidity=2)
INFO:ib_insync.wrapper:execDetails Execution(execId='0000e215.64499819.01.01', time=datetime.datetime(2023, 4, 27, 0, 25, 57, tzinfo=datetime.timezone.utc), acctNumber='DU1003749', exchange='IDEALPRO', side='SLD', shares=2.0, price=1.10425, permId=1694909815, clientId=4, orderId=11, liquidation=0, cumQty=2.0, avgPrice=1.10425, orderRef='', evRule='', evMultiplier=0.0, modelCode='', lastLiquidity=2)
INFO:ib_insync.wrapper:execDetails Execution(execId='0000e215.6449981a.01.01', time=datetime.datetime(2023, 4, 27, 0, 26, 5, tzinfo=datetime.timezone.utc), acctNumber='DU1003749', exchange='IDEALPRO', side='BOT', shares=2.0, price=1.10445, permId=1694909816, clientId=4, orderId=12, liquidation=0, cumQty=2.0, avgPrice=1.10445, orderRef='', evRule='', evMultiplier=0.0, modelCode='', lastLiquidity=2)
INFO:ib_insync.wrapper:execDetails Execution(execId='0000e215.6449981b.01.01', time=datetime.datetime(2023, 4, 27, 0, 27, 21, tzinfo=datetime.timezone.utc), acctNumber='DU1003749', exchange='IDEALPRO', side='SLD', shares=2.0, price=1.10425, permId=1694909817, clientId=4, orderId=13, liquidation=0, cumQty=2.0, avgPrice=1.10425, orderRef='', evRule='', evMultiplier=0.0, modelCode='', lastLiquidity=2)
INFO:ib_insync.wrapper:execDetails Execution(execId='0000e215.6449981e.01.01', time=datetime.datetime(2023, 4, 27, 0, 27, 31, tzinfo=datetime.timezone.utc), acctNumber='DU1003749', exchange='IDEALPRO', side='BOT', shares=2.0, price=1.10455, permId=1694909818, clientId=4, orderId=14, liquidation=0, cumQty=2.0, avgPrice=1.10455, orderRef='', evRule='', evMultiplier=0.0, modelCode='', lastLiquidity=2)
INFO:ib_insync.wrapper:execDetails Execution(execId='0000e1a7.6449a381.01.01', time=datetime.datetime(2023, 4, 27, 0, 28, 32, tzinfo=datetime.timezone.utc), acctNumber='DU1003749', exchange='CME', side='BOT', shares=1.0, price=12949.25, permId=1694909824, clientId=5, orderId=9, liquidation=0, cumQty=1.0, avgPrice=12949.25, orderRef='', evRule='', evMultiplier=0.0, modelCode='', lastLiquidity=1)
INFO:ib_insync.wrapper:execDetails Execution(execId='0000e1a7.6449a382.01.01', time=datetime.datetime(2023, 4, 27, 0, 29, 16, tzinfo=datetime.timezone.utc), acctNumber='DU1003749', exchange='CME', side='SLD', shares=2.0, price=12947.5, permId=1694909825, clientId=5, orderId=10, liquidation=0, cumQty=2.0, avgPrice=12947.5, orderRef='', evRule='', evMultiplier=0.0, modelCode='', lastLiquidity=1)
INFO:ib_insync.wrapper:execDetails Execution(execId='0000e1a7.6449a38b.01.01', time=datetime.datetime(2023, 4, 27, 0, 30, tzinfo=datetime.timezone.utc), acctNumber='DU1003749', exchange='CME', side='BOT', shares=1.0, price=12949.75, permId=1694909826, clientId=5, orderId=11, liquidation=0, cumQty=1.0, avgPrice=12949.75, orderRef='', evRule='', evMultiplier=0.0, modelCode='', lastLiquidity=1)
INFO:ib_insync.wrapper:execDetails Execution(execId='0000e1a7.6449a38c.01.01', time=datetime.datetime(2023, 4, 27, 0, 30, 1, tzinfo=datetime.timezone.utc), acctNumber='DU1003749', exchange='CME', side='BOT', shares=1.0, price=12962.5, permId=1694909826, clientId=5, orderId=11, liquidation=0, cumQty=2.0, avgPrice=12956.125, orderRef='', evRule='', evMultiplier=0.0, modelCode='', lastLiquidity=1)
INFO:ib_insync.wrapper:execDetails Execution(execId='0000e1a7.6449a391.01.01', time=datetime.datetime(2023, 4, 27, 0, 30, 31, tzinfo=datetime.timezone.utc), acctNumber='DU1003749', exchange='CME', side='SLD', shares=2.0, price=12946.75, permId=1694909827, clientId=5, orderId=12, liquidation=0, cumQty=2.0, avgPrice=12946.75, orderRef='', evRule='', evMultiplier=0.0, modelCode='', lastLiquidity=1)
INFO:ib_insync.wrapper:execDetails Execution(execId='0000e1a7.6449a399.01.01', time=datetime.datetime(2023, 4, 27, 0, 31, 2, tzinfo=datetime.timezone.utc), acctNumber='DU1003749', exchange='CME', side='BOT', shares=1.0, price=12948.5, permId=1694909828, clientId=5, orderId=13, liquidation=0, cumQty=1.0, avgPrice=12948.5, orderRef='', evRule='', evMultiplier=0.0, modelCode='', lastLiquidity=1)
INFO:ib_insync.wrapper:execDetails Execution(execId='0000e1a7.6449a39a.01.01', time=datetime.datetime(2023, 4, 27, 0, 31, 3, tzinfo=datetime.timezone.utc), acctNumber='DU1003749', exchange='CME', side='BOT', shares=1.0, price=12961.25, permId=1694909828, clientId=5, orderId=13, liquidation=0, cumQty=2.0, avgPrice=12954.875, orderRef='', evRule='', evMultiplier=0.0, modelCode='', lastLiquidity=1)
INFO:ib_insync.wrapper:execDetails Execution(execId='0000e1a7.6449a7a5.01.01', time=datetime.datetime(2023, 4, 27, 2, 16, 20, tzinfo=datetime.timezone.utc), acctNumber='DU1003749', exchange='CME', side='SLD', shares=1.0, price=12955.25, permId=1694909846, clientId=10, orderId=5, liquidation=0, cumQty=1.0, avgPrice=12955.25, orderRef='', evRule='', evMultiplier=0.0, modelCode='', lastLiquidity=1)
INFO:ib_insync.wrapper:execDetails Execution(execId='0000e1a7.6449a7a6.01.01', time=datetime.datetime(2023, 4, 27, 2, 16, 21, tzinfo=datetime.timezone.utc), acctNumber='DU1003749', exchange='CME', side='SLD', shares=1.0, price=12942.5, permId=1694909846, clientId=10, orderId=5, liquidation=0, cumQty=2.0, avgPrice=12948.875, orderRef='', evRule='', evMultiplier=0.0, modelCode='', lastLiquidity=1)
INFO:ib_insync.wrapper:execDetails Execution(execId='0000e1a7.6449a892.01.01', time=datetime.datetime(2023, 4, 27, 2, 53, 46, tzinfo=datetime.timezone.utc), acctNumber='DU1003749', exchange='CME', side='BOT', shares=2.0, price=12952.5, permId=1694909861, clientId=11, orderId=5, liquidation=0, cumQty=2.0, avgPrice=12952.5, orderRef='', evRule='', evMultiplier=0.0, modelCode='', lastLiquidity=1)
INFO:ib_insync.wrapper:execDetails Execution(execId='0000e1a7.6449a8a7.01.01', time=datetime.datetime(2023, 4, 27, 2, 56, 46, tzinfo=datetime.timezone.utc), acctNumber='DU1003749', exchange='CME', side='SLD', shares=2.0, price=12952.75, permId=1694909862, clientId=11, orderId=6, liquidation=0, cumQty=2.0, avgPrice=12952.75, orderRef='', evRule='', evMultiplier=0.0, modelCode='', lastLiquidity=1)
INFO:ib_insync.wrapper:execDetails Execution(execId='0000e1a7.6449a8a9.01.01', time=datetime.datetime(2023, 4, 27, 2, 57, 21, tzinfo=datetime.timezone.utc), acctNumber='DU1003749', exchange='CME', side='BOT', shares=2.0, price=12954.0, permId=1694909863, clientId=11, orderId=7, liquidation=0, cumQty=2.0, avgPrice=12954.0, orderRef='', evRule='', evMultiplier=0.0, modelCode='', lastLiquidity=1)
INFO:ib_insync.wrapper:commissionReport: CommissionReport(execId='0000e215.64499818.01.01', commission=2.5, currency='USD', realizedPNL=0.0, yield_=0.0, yieldRedemptionDate=0)
INFO:ib_insync.wrapper:commissionReport: CommissionReport(execId='0000e215.64499819.01.01', commission=2.5, currency='USD', realizedPNL=0.0, yield_=0.0, yieldRedemptionDate=0)
INFO:ib_insync.wrapper:commissionReport: CommissionReport(execId='0000e215.6449981a.01.01', commission=2.5, currency='USD', realizedPNL=0.0, yield_=0.0, yieldRedemptionDate=0)
INFO:ib_insync.wrapper:commissionReport: CommissionReport(execId='0000e215.6449981b.01.01', commission=2.5, currency='USD', realizedPNL=0.0, yield_=0.0, yieldRedemptionDate=0)
INFO:ib_insync.wrapper:commissionReport: CommissionReport(execId='0000e215.6449981e.01.01', commission=2.5, currency='USD', realizedPNL=0.0, yield_=0.0, yieldRedemptionDate=0)
INFO:ib_insync.wrapper:commissionReport: CommissionReport(execId='0000e1a7.6449a381.01.01', commission=2.2, currency='USD', realizedPNL=0.0, yield_=0.0, yieldRedemptionDate=0)
INFO:ib_insync.wrapper:commissionReport: CommissionReport(execId='0000e1a7.6449a382.01.01', commission=4.4, currency='USD', realizedPNL=-39.4, yield_=0.0, yieldRedemptionDate=0)
INFO:ib_insync.wrapper:commissionReport: CommissionReport(execId='0000e1a7.6449a38b.01.01', commission=2.2, currency='USD', realizedPNL=-49.4, yield_=0.0, yieldRedemptionDate=0)
INFO:ib_insync.wrapper:commissionReport: CommissionReport(execId='0000e1a7.6449a38c.01.01', commission=2.2, currency='USD', realizedPNL=0.0, yield_=0.0, yieldRedemptionDate=0)
INFO:ib_insync.wrapper:commissionReport: CommissionReport(execId='0000e1a7.6449a391.01.01', commission=4.4, currency='USD', realizedPNL=-319.4, yield_=0.0, yieldRedemptionDate=0)
INFO:ib_insync.wrapper:commissionReport: CommissionReport(execId='0000e1a7.6449a399.01.01', commission=2.2, currency='USD', realizedPNL=-39.4, yield_=0.0, yieldRedemptionDate=0)
INFO:ib_insync.wrapper:commissionReport: CommissionReport(execId='0000e1a7.6449a39a.01.01', commission=2.2, currency='USD', realizedPNL=0.0, yield_=0.0, yieldRedemptionDate=0)
INFO:ib_insync.wrapper:commissionReport: CommissionReport(execId='0000e1a7.6449a7a5.01.01', commission=2.2, currency='USD', realizedPNL=-124.4, yield_=0.0, yieldRedemptionDate=0)
INFO:ib_insync.wrapper:commissionReport: CommissionReport(execId='0000e1a7.6449a7a6.01.01', commission=2.2, currency='USD', realizedPNL=0.0, yield_=0.0, yieldRedemptionDate=0)
INFO:ib_insync.wrapper:commissionReport: CommissionReport(execId='0000e1a7.6449a892.01.01', commission=4.4, currency='USD', realizedPNL=-204.4, yield_=0.0, yieldRedemptionDate=0)
INFO:ib_insync.wrapper:commissionReport: CommissionReport(execId='0000e1a7.6449a8a7.01.01', commission=4.4, currency='USD', realizedPNL=0.6, yield_=0.0, yieldRedemptionDate=0)
INFO:ib_insync.wrapper:commissionReport: CommissionReport(execId='0000e1a7.6449a8a9.01.01', commission=4.4, currency='USD', realizedPNL=-29.4, yield_=0.0, yieldRedemptionDate=0)
INFO:ib_insync.ib:Synchronization complete
INFO:ib_insync.wrapper:position: Position(account='DU1003749', contract=Future(conId=551601533, symbol='NQ', lastTradeDateOrContractMonth='20230616', multiplier='20', currency='USD', localSymbol='NQM3', tradingClass='NQ'), position=1.0, avgCost=259082.2)
INFO:ib_insync.wrapper:position: Position(account='DU1003749', contract=Future(conId=551601533, symbol='NQ', lastTradeDateOrContractMonth='20230616', multiplier='20', currency='USD', localSymbol='NQM3', tradingClass='NQ'), position=1.0, avgCost=259082.2)
INFO:ib_insync.wrapper:updatePortfolio: PortfolioItem(contract=CFD(conId=143916318, symbol='EUR', right='0', currency='USD', localSymbol='EUR.USD', tradingClass='EUR.USD'), position=-1000.0, marketPrice=1.105325, marketValue=-1105.32, averageCost=1.0958, unrealizedPNL=-9.52, realizedPNL=0.0, account='DU1003749')
INFO:ib_insync.wrapper:updatePortfolio: PortfolioItem(contract=CFD(conId=143916318, symbol='EUR', right='0', currency='USD', localSymbol='EUR.USD', tradingClass='EUR.USD'), position=-1000.0, marketPrice=1.105325, marketValue=-1105.32, averageCost=1.0958, unrealizedPNL=-9.52, realizedPNL=0.0, account='DU1003749')
INFO:ib_insync.wrapper:updatePortfolio: PortfolioItem(contract=Future(conId=551601533, symbol='NQ', lastTradeDateOrContractMonth='20230616', right='0', multiplier='20', primaryExchange='CME', currency='USD', localSymbol='NQM3', tradingClass='NQ'), position=1.0, marketPrice=12954.9873047, marketValue=259099.75, averageCost=259082.2, unrealizedPNL=17.55, realizedPNL=-805.2, account='DU1003749')
INFO:ib_insync.wrapper:updatePortfolio: PortfolioItem(contract=Future(conId=551601533, symbol='NQ', lastTradeDateOrContractMonth='20230616', right='0', multiplier='20', primaryExchange='CME', currency='USD', localSymbol='NQM3', tradingClass='NQ'), position=1.0, marketPrice=12954.9873047, marketValue=259099.75, averageCost=259082.2, unrealizedPNL=17.55, realizedPNL=-805.2, account='DU1003749')
INFO:ib_insync.client:Connecting to 127.0.0.1:7497 with clientId 3...
INFO:ib_insync.client:Connected
INFO:ib_insync.client:Logged on to server version 163
INFO:ib_insync.client:API connection ready
INFO:ib_insync.wrapper:Warning 2104, reqId -1: Market data farm connection is OK:uscrypto
INFO:ib_insync.wrapper:Warning 2104, reqId -1: Market data farm connection is OK:usfarm.nj
INFO:ib_insync.wrapper:Warning 2104, reqId -1: Market data farm connection is OK:usfuture
INFO:ib_insync.wrapper:Warning 2104, reqId -1: Market data farm connection is OK:cashfarm
INFO:ib_insync.wrapper:Warning 2104, reqId -1: Market data farm connection is OK:usfarm
INFO:ib_insync.wrapper:Warning 2106, reqId -1: HMDS data farm connection is OK:euhmds
INFO:ib_insync.wrapper:Warning 2106, reqId -1: HMDS data farm connection is OK:cashhmds
INFO:ib_insync.wrapper:Warning 2106, reqId -1: HMDS data farm connection is OK:fundfarm
INFO:ib_insync.wrapper:Warning 2106, reqId -1: HMDS data farm connection is OK:ushmds
INFO:ib_insync.wrapper:Warning 2158, reqId -1: Sec-def data farm connection is OK:secdefnj
INFO:ib_insync.wrapper:position: Position(account='DU1003749', contract=CFD(conId=143916318, symbol='EUR', currency='USD', localSymbol='EUR.USD', tradingClass='EUR.USD'), position=-1000.0, avgCost=1.0958)
INFO:ib_insync.wrapper:position: Position(account='DU1003749', contract=Future(conId=551601533, symbol='NQ', lastTradeDateOrContractMonth='20230616', multiplier='20', currency='USD', localSymbol='NQM3', tradingClass='NQ'), position=1.0, avgCost=259082.2)
INFO:ib_insync.wrapper:position: Position(account='DU1003749', contract=Forex('EURUSD', conId=12087792, localSymbol='EUR.USD', tradingClass='EUR.USD'), position=0.0, avgCost=0.0)
INFO:ib_insync.wrapper:position: Position(account='DU1003749', contract=Stock(conId=14171, symbol='LHA', exchange='IBIS', currency='EUR', localSymbol='LHA', tradingClass='XETRA'), position=2.0, avgCost=11.00555)
INFO:ib_insync.wrapper:updatePortfolio: PortfolioItem(contract=CFD(conId=143916318, symbol='EUR', right='0', currency='USD', localSymbol='EUR.USD', tradingClass='EUR.USD'), position=-1000.0, marketPrice=1.105325, marketValue=-1105.32, averageCost=1.0958, unrealizedPNL=-9.52, realizedPNL=0.0, account='DU1003749')
INFO:ib_insync.wrapper:updatePortfolio: PortfolioItem(contract=Stock(conId=14171, symbol='LHA', right='0', primaryExchange='IBIS', currency='EUR', localSymbol='LHA', tradingClass='XETRA'), position=2.0, marketPrice=9.45199965, marketValue=18.9, averageCost=11.00555, unrealizedPNL=-3.11, realizedPNL=0.0, account='DU1003749')
INFO:ib_insync.wrapper:updatePortfolio: PortfolioItem(contract=Future(conId=551601533, symbol='NQ', lastTradeDateOrContractMonth='20230616', right='0', multiplier='20', primaryExchange='CME', currency='USD', localSymbol='NQM3', tradingClass='NQ'), position=1.0, marketPrice=12954.9873047, marketValue=259099.75, averageCost=259082.2, unrealizedPNL=17.55, realizedPNL=-805.2, account='DU1003749')
INFO:ib_insync.wrapper:execDetails Execution(execId='0000e215.64499818.01.01', time=datetime.datetime(2023, 4, 27, 0, 25, 56, tzinfo=datetime.timezone.utc), acctNumber='DU1003749', exchange='IDEALPRO', side='BOT', shares=1.0, price=1.1044, permId=1694909814, clientId=4, orderId=10, liquidation=0, cumQty=1.0, avgPrice=1.1044, orderRef='', evRule='', evMultiplier=0.0, modelCode='', lastLiquidity=2)
INFO:ib_insync.wrapper:execDetails Execution(execId='0000e215.64499819.01.01', time=datetime.datetime(2023, 4, 27, 0, 25, 57, tzinfo=datetime.timezone.utc), acctNumber='DU1003749', exchange='IDEALPRO', side='SLD', shares=2.0, price=1.10425, permId=1694909815, clientId=4, orderId=11, liquidation=0, cumQty=2.0, avgPrice=1.10425, orderRef='', evRule='', evMultiplier=0.0, modelCode='', lastLiquidity=2)
INFO:ib_insync.wrapper:execDetails Execution(execId='0000e215.6449981a.01.01', time=datetime.datetime(2023, 4, 27, 0, 26, 5, tzinfo=datetime.timezone.utc), acctNumber='DU1003749', exchange='IDEALPRO', side='BOT', shares=2.0, price=1.10445, permId=1694909816, clientId=4, orderId=12, liquidation=0, cumQty=2.0, avgPrice=1.10445, orderRef='', evRule='', evMultiplier=0.0, modelCode='', lastLiquidity=2)
INFO:ib_insync.wrapper:execDetails Execution(execId='0000e215.6449981b.01.01', time=datetime.datetime(2023, 4, 27, 0, 27, 21, tzinfo=datetime.timezone.utc), acctNumber='DU1003749', exchange='IDEALPRO', side='SLD', shares=2.0, price=1.10425, permId=1694909817, clientId=4, orderId=13, liquidation=0, cumQty=2.0, avgPrice=1.10425, orderRef='', evRule='', evMultiplier=0.0, modelCode='', lastLiquidity=2)
INFO:ib_insync.wrapper:execDetails Execution(execId='0000e215.6449981e.01.01', time=datetime.datetime(2023, 4, 27, 0, 27, 31, tzinfo=datetime.timezone.utc), acctNumber='DU1003749', exchange='IDEALPRO', side='BOT', shares=2.0, price=1.10455, permId=1694909818, clientId=4, orderId=14, liquidation=0, cumQty=2.0, avgPrice=1.10455, orderRef='', evRule='', evMultiplier=0.0, modelCode='', lastLiquidity=2)
INFO:ib_insync.wrapper:execDetails Execution(execId='0000e1a7.6449a381.01.01', time=datetime.datetime(2023, 4, 27, 0, 28, 32, tzinfo=datetime.timezone.utc), acctNumber='DU1003749', exchange='CME', side='BOT', shares=1.0, price=12949.25, permId=1694909824, clientId=5, orderId=9, liquidation=0, cumQty=1.0, avgPrice=12949.25, orderRef='', evRule='', evMultiplier=0.0, modelCode='', lastLiquidity=1)
INFO:ib_insync.wrapper:execDetails Execution(execId='0000e1a7.6449a382.01.01', time=datetime.datetime(2023, 4, 27, 0, 29, 16, tzinfo=datetime.timezone.utc), acctNumber='DU1003749', exchange='CME', side='SLD', shares=2.0, price=12947.5, permId=1694909825, clientId=5, orderId=10, liquidation=0, cumQty=2.0, avgPrice=12947.5, orderRef='', evRule='', evMultiplier=0.0, modelCode='', lastLiquidity=1)
INFO:ib_insync.wrapper:execDetails Execution(execId='0000e1a7.6449a38b.01.01', time=datetime.datetime(2023, 4, 27, 0, 30, tzinfo=datetime.timezone.utc), acctNumber='DU1003749', exchange='CME', side='BOT', shares=1.0, price=12949.75, permId=1694909826, clientId=5, orderId=11, liquidation=0, cumQty=1.0, avgPrice=12949.75, orderRef='', evRule='', evMultiplier=0.0, modelCode='', lastLiquidity=1)
INFO:ib_insync.wrapper:execDetails Execution(execId='0000e1a7.6449a38c.01.01', time=datetime.datetime(2023, 4, 27, 0, 30, 1, tzinfo=datetime.timezone.utc), acctNumber='DU1003749', exchange='CME', side='BOT', shares=1.0, price=12962.5, permId=1694909826, clientId=5, orderId=11, liquidation=0, cumQty=2.0, avgPrice=12956.125, orderRef='', evRule='', evMultiplier=0.0, modelCode='', lastLiquidity=1)
INFO:ib_insync.wrapper:execDetails Execution(execId='0000e1a7.6449a391.01.01', time=datetime.datetime(2023, 4, 27, 0, 30, 31, tzinfo=datetime.timezone.utc), acctNumber='DU1003749', exchange='CME', side='SLD', shares=2.0, price=12946.75, permId=1694909827, clientId=5, orderId=12, liquidation=0, cumQty=2.0, avgPrice=12946.75, orderRef='', evRule='', evMultiplier=0.0, modelCode='', lastLiquidity=1)
INFO:ib_insync.wrapper:execDetails Execution(execId='0000e1a7.6449a399.01.01', time=datetime.datetime(2023, 4, 27, 0, 31, 2, tzinfo=datetime.timezone.utc), acctNumber='DU1003749', exchange='CME', side='BOT', shares=1.0, price=12948.5, permId=1694909828, clientId=5, orderId=13, liquidation=0, cumQty=1.0, avgPrice=12948.5, orderRef='', evRule='', evMultiplier=0.0, modelCode='', lastLiquidity=1)
INFO:ib_insync.wrapper:execDetails Execution(execId='0000e1a7.6449a39a.01.01', time=datetime.datetime(2023, 4, 27, 0, 31, 3, tzinfo=datetime.timezone.utc), acctNumber='DU1003749', exchange='CME', side='BOT', shares=1.0, price=12961.25, permId=1694909828, clientId=5, orderId=13, liquidation=0, cumQty=2.0, avgPrice=12954.875, orderRef='', evRule='', evMultiplier=0.0, modelCode='', lastLiquidity=1)
INFO:ib_insync.wrapper:execDetails Execution(execId='0000e1a7.6449a7a5.01.01', time=datetime.datetime(2023, 4, 27, 2, 16, 20, tzinfo=datetime.timezone.utc), acctNumber='DU1003749', exchange='CME', side='SLD', shares=1.0, price=12955.25, permId=1694909846, clientId=10, orderId=5, liquidation=0, cumQty=1.0, avgPrice=12955.25, orderRef='', evRule='', evMultiplier=0.0, modelCode='', lastLiquidity=1)
INFO:ib_insync.wrapper:execDetails Execution(execId='0000e1a7.6449a7a6.01.01', time=datetime.datetime(2023, 4, 27, 2, 16, 21, tzinfo=datetime.timezone.utc), acctNumber='DU1003749', exchange='CME', side='SLD', shares=1.0, price=12942.5, permId=1694909846, clientId=10, orderId=5, liquidation=0, cumQty=2.0, avgPrice=12948.875, orderRef='', evRule='', evMultiplier=0.0, modelCode='', lastLiquidity=1)
INFO:ib_insync.wrapper:execDetails Execution(execId='0000e1a7.6449a892.01.01', time=datetime.datetime(2023, 4, 27, 2, 53, 46, tzinfo=datetime.timezone.utc), acctNumber='DU1003749', exchange='CME', side='BOT', shares=2.0, price=12952.5, permId=1694909861, clientId=11, orderId=5, liquidation=0, cumQty=2.0, avgPrice=12952.5, orderRef='', evRule='', evMultiplier=0.0, modelCode='', lastLiquidity=1)
INFO:ib_insync.wrapper:execDetails Execution(execId='0000e1a7.6449a8a7.01.01', time=datetime.datetime(2023, 4, 27, 2, 56, 46, tzinfo=datetime.timezone.utc), acctNumber='DU1003749', exchange='CME', side='SLD', shares=2.0, price=12952.75, permId=1694909862, clientId=11, orderId=6, liquidation=0, cumQty=2.0, avgPrice=12952.75, orderRef='', evRule='', evMultiplier=0.0, modelCode='', lastLiquidity=1)
INFO:ib_insync.wrapper:execDetails Execution(execId='0000e1a7.6449a8a9.01.01', time=datetime.datetime(2023, 4, 27, 2, 57, 21, tzinfo=datetime.timezone.utc), acctNumber='DU1003749', exchange='CME', side='BOT', shares=2.0, price=12954.0, permId=1694909863, clientId=11, orderId=7, liquidation=0, cumQty=2.0, avgPrice=12954.0, orderRef='', evRule='', evMultiplier=0.0, modelCode='', lastLiquidity=1)
INFO:ib_insync.wrapper:commissionReport: CommissionReport(execId='0000e215.64499818.01.01', commission=2.5, currency='USD', realizedPNL=0.0, yield_=0.0, yieldRedemptionDate=0)
INFO:ib_insync.wrapper:commissionReport: CommissionReport(execId='0000e215.64499819.01.01', commission=2.5, currency='USD', realizedPNL=0.0, yield_=0.0, yieldRedemptionDate=0)
INFO:ib_insync.wrapper:commissionReport: CommissionReport(execId='0000e215.6449981a.01.01', commission=2.5, currency='USD', realizedPNL=0.0, yield_=0.0, yieldRedemptionDate=0)
INFO:ib_insync.wrapper:commissionReport: CommissionReport(execId='0000e215.6449981b.01.01', commission=2.5, currency='USD', realizedPNL=0.0, yield_=0.0, yieldRedemptionDate=0)
INFO:ib_insync.wrapper:commissionReport: CommissionReport(execId='0000e215.6449981e.01.01', commission=2.5, currency='USD', realizedPNL=0.0, yield_=0.0, yieldRedemptionDate=0)
INFO:ib_insync.wrapper:commissionReport: CommissionReport(execId='0000e1a7.6449a381.01.01', commission=2.2, currency='USD', realizedPNL=0.0, yield_=0.0, yieldRedemptionDate=0)
INFO:ib_insync.wrapper:commissionReport: CommissionReport(execId='0000e1a7.6449a382.01.01', commission=4.4, currency='USD', realizedPNL=-39.4, yield_=0.0, yieldRedemptionDate=0)
INFO:ib_insync.wrapper:commissionReport: CommissionReport(execId='0000e1a7.6449a38b.01.01', commission=2.2, currency='USD', realizedPNL=-49.4, yield_=0.0, yieldRedemptionDate=0)
INFO:ib_insync.wrapper:commissionReport: CommissionReport(execId='0000e1a7.6449a38c.01.01', commission=2.2, currency='USD', realizedPNL=0.0, yield_=0.0, yieldRedemptionDate=0)
INFO:ib_insync.wrapper:commissionReport: CommissionReport(execId='0000e1a7.6449a391.01.01', commission=4.4, currency='USD', realizedPNL=-319.4, yield_=0.0, yieldRedemptionDate=0)
INFO:ib_insync.wrapper:commissionReport: CommissionReport(execId='0000e1a7.6449a399.01.01', commission=2.2, currency='USD', realizedPNL=-39.4, yield_=0.0, yieldRedemptionDate=0)
INFO:ib_insync.wrapper:commissionReport: CommissionReport(execId='0000e1a7.6449a39a.01.01', commission=2.2, currency='USD', realizedPNL=0.0, yield_=0.0, yieldRedemptionDate=0)
INFO:ib_insync.wrapper:commissionReport: CommissionReport(execId='0000e1a7.6449a7a5.01.01', commission=2.2, currency='USD', realizedPNL=-124.4, yield_=0.0, yieldRedemptionDate=0)
INFO:ib_insync.wrapper:commissionReport: CommissionReport(execId='0000e1a7.6449a7a6.01.01', commission=2.2, currency='USD', realizedPNL=0.0, yield_=0.0, yieldRedemptionDate=0)
INFO:ib_insync.wrapper:commissionReport: CommissionReport(execId='0000e1a7.6449a892.01.01', commission=4.4, currency='USD', realizedPNL=-204.4, yield_=0.0, yieldRedemptionDate=0)
INFO:ib_insync.wrapper:commissionReport: CommissionReport(execId='0000e1a7.6449a8a7.01.01', commission=4.4, currency='USD', realizedPNL=0.6, yield_=0.0, yieldRedemptionDate=0)
INFO:ib_insync.wrapper:commissionReport: CommissionReport(execId='0000e1a7.6449a8a9.01.01', commission=4.4, currency='USD', realizedPNL=-29.4, yield_=0.0, yieldRedemptionDate=0)
INFO:ib_insync.ib:Synchronization complete
INFO:ib_insync.ib:Disconnecting from 127.0.0.1:7497, 155 B sent in 8 messages, 40.1 kB received in 658 messages, session time 163 s.
INFO:ib_insync.client:Disconnecting
INFO:ib_insync.ib:Disconnecting from 127.0.0.1:7497, 158 B sent in 8 messages, 40.4 kB received in 658 messages, session time 207 s.
INFO:ib_insync.client:Disconnecting
INFO:ib_insync.ib:placeOrder: New order Trade(contract=Future(conId=551601533, symbol='NQ', lastTradeDateOrContractMonth='20230616', multiplier='20', exchange='CME', currency='USD', localSymbol='NQM3', tradingClass='NQ'), order=MarketOrder(orderId=5, clientId=3, action='SELL', totalQuantity=2.0), orderStatus=OrderStatus(orderId=5, status='PendingSubmit', filled=0.0, remaining=0.0, avgFillPrice=0.0, permId=0, parentId=0, lastFillPrice=0.0, clientId=0, whyHeld='', mktCapPrice=0.0), fills=[], log=[TradeLogEntry(time=datetime.datetime(2023, 4, 27, 3, 1, 15, 405251, tzinfo=datetime.timezone.utc), status='PendingSubmit', message='', errorCode=0)])
INFO:ib_insync.ib:placeOrder: New order Trade(contract=Future(conId=551601533, symbol='NQ', lastTradeDateOrContractMonth='20230616', multiplier='20', exchange='CME', currency='USD', localSymbol='NQM3', tradingClass='NQ'), order=MarketOrder(orderId=6, clientId=3, action='SELL', totalQuantity=2.0), orderStatus=OrderStatus(orderId=6, status='PendingSubmit', filled=0.0, remaining=0.0, avgFillPrice=0.0, permId=0, parentId=0, lastFillPrice=0.0, clientId=0, whyHeld='', mktCapPrice=0.0), fills=[], log=[TradeLogEntry(time=datetime.datetime(2023, 4, 27, 3, 1, 15, 607792, tzinfo=datetime.timezone.utc), status='PendingSubmit', message='', errorCode=0)])
INFO:ib_insync.wrapper:orderStatus: Trade(contract=Future(conId=551601533, symbol='NQ', lastTradeDateOrContractMonth='20230616', multiplier='20', exchange='CME', currency='USD', localSymbol='NQM3', tradingClass='NQ'), order=MarketOrder(orderId=5, clientId=3, permId=1694909914, action='SELL', totalQuantity=2.0, lmtPrice=12953.25, auxPrice=0.0), orderStatus=OrderStatus(orderId=5, status='PreSubmitted', filled=0.0, remaining=2.0, avgFillPrice=0.0, permId=1694909914, parentId=0, lastFillPrice=0.0, clientId=3, whyHeld='', mktCapPrice=0.0), fills=[], log=[TradeLogEntry(time=datetime.datetime(2023, 4, 27, 3, 1, 15, 405251, tzinfo=datetime.timezone.utc), status='PendingSubmit', message='', errorCode=0), TradeLogEntry(time=datetime.datetime(2023, 4, 27, 3, 1, 15, 623875, tzinfo=datetime.timezone.utc), status='PreSubmitted', message='', errorCode=0)])
INFO:ib_insync.wrapper:position: Position(account='DU1003749', contract=Future(conId=551601533, symbol='NQ', lastTradeDateOrContractMonth='20230616', multiplier='20', currency='USD', localSymbol='NQM3', tradingClass='NQ'), position=-1.0, avgCost=259065.0)
INFO:ib_insync.wrapper:execDetails Execution(execId='0000e1a7.6449a8c3.01.01', time=datetime.datetime(2023, 4, 27, 3, 1, 16, tzinfo=datetime.timezone.utc), acctNumber='DU1003749', exchange='CME', side='SLD', shares=2.0, price=12953.25, permId=1694909914, clientId=3, orderId=5, liquidation=0, cumQty=2.0, avgPrice=12953.25, orderRef='', evRule='', evMultiplier=0.0, modelCode='', lastLiquidity=1)
INFO:ib_insync.wrapper:execDetails: Fill(contract=Future(conId=551601533, symbol='NQ', lastTradeDateOrContractMonth='20230616', multiplier='20', exchange='CME', currency='USD', localSymbol='NQM3', tradingClass='NQ'), execution=Execution(execId='0000e1a7.6449a8c3.01.01', time=datetime.datetime(2023, 4, 27, 3, 1, 16, tzinfo=datetime.timezone.utc), acctNumber='DU1003749', exchange='CME', side='SLD', shares=2.0, price=12953.25, permId=1694909914, clientId=3, orderId=5, liquidation=0, cumQty=2.0, avgPrice=12953.25, orderRef='', evRule='', evMultiplier=0.0, modelCode='', lastLiquidity=1), commissionReport=CommissionReport(execId='', commission=0.0, currency='', realizedPNL=0.0, yield_=0.0, yieldRedemptionDate=0), time=datetime.datetime(2023, 4, 27, 3, 1, 15, 623875, tzinfo=datetime.timezone.utc))
INFO:ib_insync.wrapper:orderStatus: Trade(contract=Future(conId=551601533, symbol='NQ', lastTradeDateOrContractMonth='20230616', multiplier='20', exchange='CME', currency='USD', localSymbol='NQM3', tradingClass='NQ'), order=MarketOrder(orderId=5, clientId=3, permId=1694909914, action='SELL', totalQuantity=2.0, lmtPrice=12953.25, auxPrice=0.0), orderStatus=OrderStatus(orderId=5, status='Filled', filled=2.0, remaining=0.0, avgFillPrice=12953.25, permId=1694909914, parentId=0, lastFillPrice=12953.25, clientId=3, whyHeld='', mktCapPrice=0.0), fills=[Fill(contract=Future(conId=551601533, symbol='NQ', lastTradeDateOrContractMonth='20230616', multiplier='20', exchange='CME', currency='USD', localSymbol='NQM3', tradingClass='NQ'), execution=Execution(execId='0000e1a7.6449a8c3.01.01', time=datetime.datetime(2023, 4, 27, 3, 1, 16, tzinfo=datetime.timezone.utc), acctNumber='DU1003749', exchange='CME', side='SLD', shares=2.0, price=12953.25, permId=1694909914, clientId=3, orderId=5, liquidation=0, cumQty=2.0, avgPrice=12953.25, orderRef='', evRule='', evMultiplier=0.0, modelCode='', lastLiquidity=1), commissionReport=CommissionReport(execId='', commission=0.0, currency='', realizedPNL=0.0, yield_=0.0, yieldRedemptionDate=0), time=datetime.datetime(2023, 4, 27, 3, 1, 15, 623875, tzinfo=datetime.timezone.utc))], log=[TradeLogEntry(time=datetime.datetime(2023, 4, 27, 3, 1, 15, 405251, tzinfo=datetime.timezone.utc), status='PendingSubmit', message='', errorCode=0), TradeLogEntry(time=datetime.datetime(2023, 4, 27, 3, 1, 15, 623875, tzinfo=datetime.timezone.utc), status='PreSubmitted', message='', errorCode=0), TradeLogEntry(time=datetime.datetime(2023, 4, 27, 3, 1, 15, 623875, tzinfo=datetime.timezone.utc), status='PreSubmitted', message='Fill 2.0@12953.25', errorCode=0), TradeLogEntry(time=datetime.datetime(2023, 4, 27, 3, 1, 15, 623875, tzinfo=datetime.timezone.utc), status='Filled', message='', errorCode=0)])
INFO:ib_insync.wrapper:commissionReport: CommissionReport(execId='0000e1a7.6449a8c3.01.01', commission=4.4, currency='USD', realizedPNL=-19.4, yield_=0.0, yieldRedemptionDate=0)
INFO:ib_insync.wrapper:position: Position(account='DU1003749', contract=Future(conId=551601533, symbol='NQ', lastTradeDateOrContractMonth='20230616', multiplier='20', currency='USD', localSymbol='NQM3', tradingClass='NQ'), position=-1.0, avgCost=259065.0)
INFO:ib_insync.wrapper:position: Position(account='DU1003749', contract=Future(conId=551601533, symbol='NQ', lastTradeDateOrContractMonth='20230616', multiplier='20', currency='USD', localSymbol='NQM3', tradingClass='NQ'), position=-1.0, avgCost=259065.0)
INFO:ib_insync.wrapper:orderStatus: Trade(contract=Future(conId=551601533, symbol='NQ', lastTradeDateOrContractMonth='20230616', multiplier='20', exchange='CME', currency='USD', localSymbol='NQM3', tradingClass='NQ'), order=MarketOrder(orderId=6, clientId=3, permId=1694909915, action='SELL', totalQuantity=2.0, lmtPrice=12953.25, auxPrice=0.0), orderStatus=OrderStatus(orderId=6, status='PreSubmitted', filled=0.0, remaining=2.0, avgFillPrice=0.0, permId=1694909915, parentId=0, lastFillPrice=0.0, clientId=3, whyHeld='', mktCapPrice=0.0), fills=[], log=[TradeLogEntry(time=datetime.datetime(2023, 4, 27, 3, 1, 15, 607792, tzinfo=datetime.timezone.utc), status='PendingSubmit', message='', errorCode=0), TradeLogEntry(time=datetime.datetime(2023, 4, 27, 3, 1, 15, 794292, tzinfo=datetime.timezone.utc), status='PreSubmitted', message='', errorCode=0)])
INFO:ib_insync.wrapper:position: Position(account='DU1003749', contract=Future(conId=551601533, symbol='NQ', lastTradeDateOrContractMonth='20230616', multiplier='20', currency='USD', localSymbol='NQM3', tradingClass='NQ'), position=-3.0, avgCost=259065.0)
INFO:ib_insync.wrapper:execDetails Execution(execId='0000e1a7.6449a8c4.01.01', time=datetime.datetime(2023, 4, 27, 3, 1, 16, tzinfo=datetime.timezone.utc), acctNumber='DU1003749', exchange='CME', side='SLD', shares=2.0, price=12953.25, permId=1694909915, clientId=3, orderId=6, liquidation=0, cumQty=2.0, avgPrice=12953.25, orderRef='', evRule='', evMultiplier=0.0, modelCode='', lastLiquidity=1)
INFO:ib_insync.wrapper:execDetails: Fill(contract=Future(conId=551601533, symbol='NQ', lastTradeDateOrContractMonth='20230616', multiplier='20', exchange='CME', currency='USD', localSymbol='NQM3', tradingClass='NQ'), execution=Execution(execId='0000e1a7.6449a8c4.01.01', time=datetime.datetime(2023, 4, 27, 3, 1, 16, tzinfo=datetime.timezone.utc), acctNumber='DU1003749', exchange='CME', side='SLD', shares=2.0, price=12953.25, permId=1694909915, clientId=3, orderId=6, liquidation=0, cumQty=2.0, avgPrice=12953.25, orderRef='', evRule='', evMultiplier=0.0, modelCode='', lastLiquidity=1), commissionReport=CommissionReport(execId='', commission=0.0, currency='', realizedPNL=0.0, yield_=0.0, yieldRedemptionDate=0), time=datetime.datetime(2023, 4, 27, 3, 1, 15, 794292, tzinfo=datetime.timezone.utc))
INFO:ib_insync.wrapper:orderStatus: Trade(contract=Future(conId=551601533, symbol='NQ', lastTradeDateOrContractMonth='20230616', multiplier='20', exchange='CME', currency='USD', localSymbol='NQM3', tradingClass='NQ'), order=MarketOrder(orderId=6, clientId=3, permId=1694909915, action='SELL', totalQuantity=2.0, lmtPrice=12953.25, auxPrice=0.0), orderStatus=OrderStatus(orderId=6, status='Filled', filled=2.0, remaining=0.0, avgFillPrice=12953.25, permId=1694909915, parentId=0, lastFillPrice=12953.25, clientId=3, whyHeld='', mktCapPrice=0.0), fills=[Fill(contract=Future(conId=551601533, symbol='NQ', lastTradeDateOrContractMonth='20230616', multiplier='20', exchange='CME', currency='USD', localSymbol='NQM3', tradingClass='NQ'), execution=Execution(execId='0000e1a7.6449a8c4.01.01', time=datetime.datetime(2023, 4, 27, 3, 1, 16, tzinfo=datetime.timezone.utc), acctNumber='DU1003749', exchange='CME', side='SLD', shares=2.0, price=12953.25, permId=1694909915, clientId=3, orderId=6, liquidation=0, cumQty=2.0, avgPrice=12953.25, orderRef='', evRule='', evMultiplier=0.0, modelCode='', lastLiquidity=1), commissionReport=CommissionReport(execId='', commission=0.0, currency='', realizedPNL=0.0, yield_=0.0, yieldRedemptionDate=0), time=datetime.datetime(2023, 4, 27, 3, 1, 15, 794292, tzinfo=datetime.timezone.utc))], log=[TradeLogEntry(time=datetime.datetime(2023, 4, 27, 3, 1, 15, 607792, tzinfo=datetime.timezone.utc), status='PendingSubmit', message='', errorCode=0), TradeLogEntry(time=datetime.datetime(2023, 4, 27, 3, 1, 15, 794292, tzinfo=datetime.timezone.utc), status='PreSubmitted', message='', errorCode=0), TradeLogEntry(time=datetime.datetime(2023, 4, 27, 3, 1, 15, 794292, tzinfo=datetime.timezone.utc), status='PreSubmitted', message='Fill 2.0@12953.25', errorCode=0), TradeLogEntry(time=datetime.datetime(2023, 4, 27, 3, 1, 15, 794292, tzinfo=datetime.timezone.utc), status='Filled', message='', errorCode=0)])
INFO:ib_insync.wrapper:commissionReport: CommissionReport(execId='0000e1a7.6449a8c4.01.01', commission=4.4, currency='USD', realizedPNL=0.0, yield_=0.0, yieldRedemptionDate=0)
INFO:ib_insync.wrapper:position: Position(account='DU1003749', contract=Future(conId=551601533, symbol='NQ', lastTradeDateOrContractMonth='20230616', multiplier='20', currency='USD', localSymbol='NQM3', tradingClass='NQ'), position=-3.0, avgCost=259063.53333333333)
INFO:ib_insync.wrapper:updatePortfolio: PortfolioItem(contract=Future(conId=551601533, symbol='NQ', lastTradeDateOrContractMonth='20230616', right='0', multiplier='20', primaryExchange='CME', currency='USD', localSymbol='NQM3', tradingClass='NQ'), position=-3.0, marketPrice=12953.5019531, marketValue=-777210.12, averageCost=259062.8, unrealizedPNL=-21.72, realizedPNL=-824.6, account='DU1003749')
INFO:ib_insync.ib:placeOrder: New order Trade(contract=Future(conId=551601533, symbol='NQ', lastTradeDateOrContractMonth='20230616', multiplier='20', exchange='CME', currency='USD', localSymbol='NQM3', tradingClass='NQ'), order=MarketOrder(orderId=7, clientId=3, action='BUY', totalQuantity=2.0), orderStatus=OrderStatus(orderId=7, status='PendingSubmit', filled=0.0, remaining=0.0, avgFillPrice=0.0, permId=0, parentId=0, lastFillPrice=0.0, clientId=0, whyHeld='', mktCapPrice=0.0), fills=[], log=[TradeLogEntry(time=datetime.datetime(2023, 4, 27, 3, 1, 22, 331947, tzinfo=datetime.timezone.utc), status='PendingSubmit', message='', errorCode=0)])
INFO:ib_insync.wrapper:orderStatus: Trade(contract=Future(conId=551601533, symbol='NQ', lastTradeDateOrContractMonth='20230616', multiplier='20', exchange='CME', currency='USD', localSymbol='NQM3', tradingClass='NQ'), order=MarketOrder(orderId=7, clientId=3, permId=1694909916, action='BUY', totalQuantity=2.0, lmtPrice=12953.75, auxPrice=0.0), orderStatus=OrderStatus(orderId=7, status='PreSubmitted', filled=0.0, remaining=2.0, avgFillPrice=0.0, permId=1694909916, parentId=0, lastFillPrice=0.0, clientId=3, whyHeld='', mktCapPrice=0.0), fills=[], log=[TradeLogEntry(time=datetime.datetime(2023, 4, 27, 3, 1, 22, 331947, tzinfo=datetime.timezone.utc), status='PendingSubmit', message='', errorCode=0), TradeLogEntry(time=datetime.datetime(2023, 4, 27, 3, 1, 22, 416205, tzinfo=datetime.timezone.utc), status='PreSubmitted', message='', errorCode=0)])
INFO:ib_insync.wrapper:position: Position(account='DU1003749', contract=Future(conId=551601533, symbol='NQ', lastTradeDateOrContractMonth='20230616', multiplier='20', currency='USD', localSymbol='NQM3', tradingClass='NQ'), position=-1.0, avgCost=259063.53333333333)
INFO:ib_insync.wrapper:execDetails Execution(execId='0000e1a7.6449a8c8.01.01', time=datetime.datetime(2023, 4, 27, 3, 1, 23, tzinfo=datetime.timezone.utc), acctNumber='DU1003749', exchange='CME', side='BOT', shares=2.0, price=12953.75, permId=1694909916, clientId=3, orderId=7, liquidation=0, cumQty=2.0, avgPrice=12953.75, orderRef='', evRule='', evMultiplier=0.0, modelCode='', lastLiquidity=1)
INFO:ib_insync.wrapper:execDetails: Fill(contract=Future(conId=551601533, symbol='NQ', lastTradeDateOrContractMonth='20230616', multiplier='20', exchange='CME', currency='USD', localSymbol='NQM3', tradingClass='NQ'), execution=Execution(execId='0000e1a7.6449a8c8.01.01', time=datetime.datetime(2023, 4, 27, 3, 1, 23, tzinfo=datetime.timezone.utc), acctNumber='DU1003749', exchange='CME', side='BOT', shares=2.0, price=12953.75, permId=1694909916, clientId=3, orderId=7, liquidation=0, cumQty=2.0, avgPrice=12953.75, orderRef='', evRule='', evMultiplier=0.0, modelCode='', lastLiquidity=1), commissionReport=CommissionReport(execId='', commission=0.0, currency='', realizedPNL=0.0, yield_=0.0, yieldRedemptionDate=0), time=datetime.datetime(2023, 4, 27, 3, 1, 22, 421200, tzinfo=datetime.timezone.utc))
INFO:ib_insync.wrapper:orderStatus: Trade(contract=Future(conId=551601533, symbol='NQ', lastTradeDateOrContractMonth='20230616', multiplier='20', exchange='CME', currency='USD', localSymbol='NQM3', tradingClass='NQ'), order=MarketOrder(orderId=7, clientId=3, permId=1694909916, action='BUY', totalQuantity=2.0, lmtPrice=12953.75, auxPrice=0.0), orderStatus=OrderStatus(orderId=7, status='Filled', filled=2.0, remaining=0.0, avgFillPrice=12953.75, permId=1694909916, parentId=0, lastFillPrice=12953.75, clientId=3, whyHeld='', mktCapPrice=0.0), fills=[Fill(contract=Future(conId=551601533, symbol='NQ', lastTradeDateOrContractMonth='20230616', multiplier='20', exchange='CME', currency='USD', localSymbol='NQM3', tradingClass='NQ'), execution=Execution(execId='0000e1a7.6449a8c8.01.01', time=datetime.datetime(2023, 4, 27, 3, 1, 23, tzinfo=datetime.timezone.utc), acctNumber='DU1003749', exchange='CME', side='BOT', shares=2.0, price=12953.75, permId=1694909916, clientId=3, orderId=7, liquidation=0, cumQty=2.0, avgPrice=12953.75, orderRef='', evRule='', evMultiplier=0.0, modelCode='', lastLiquidity=1), commissionReport=CommissionReport(execId='', commission=0.0, currency='', realizedPNL=0.0, yield_=0.0, yieldRedemptionDate=0), time=datetime.datetime(2023, 4, 27, 3, 1, 22, 421200, tzinfo=datetime.timezone.utc))], log=[TradeLogEntry(time=datetime.datetime(2023, 4, 27, 3, 1, 22, 331947, tzinfo=datetime.timezone.utc), status='PendingSubmit', message='', errorCode=0), TradeLogEntry(time=datetime.datetime(2023, 4, 27, 3, 1, 22, 416205, tzinfo=datetime.timezone.utc), status='PreSubmitted', message='', errorCode=0), TradeLogEntry(time=datetime.datetime(2023, 4, 27, 3, 1, 22, 421200, tzinfo=datetime.timezone.utc), status='PreSubmitted', message='Fill 2.0@12953.75', errorCode=0), TradeLogEntry(time=datetime.datetime(2023, 4, 27, 3, 1, 22, 422484, tzinfo=datetime.timezone.utc), status='Filled', message='', errorCode=0)])
INFO:ib_insync.wrapper:commissionReport: CommissionReport(execId='0000e1a7.6449a8c8.01.01', commission=4.4, currency='USD', realizedPNL=-28.8, yield_=0.0, yieldRedemptionDate=0)
INFO:ib_insync.wrapper:position: Position(account='DU1003749', contract=Future(conId=551601533, symbol='NQ', lastTradeDateOrContractMonth='20230616', multiplier='20', currency='USD', localSymbol='NQM3', tradingClass='NQ'), position=-1.0, avgCost=259063.53333333333)
INFO:ib_insync.wrapper:position: Position(account='DU1003749', contract=Future(conId=551601533, symbol='NQ', lastTradeDateOrContractMonth='20230616', multiplier='20', currency='USD', localSymbol='NQM3', tradingClass='NQ'), position=-1.0, avgCost=259063.53333333333)
INFO:ib_insync.wrapper:updatePortfolio: PortfolioItem(contract=Future(conId=551601533, symbol='NQ', lastTradeDateOrContractMonth='20230616', right='0', multiplier='20', primaryExchange='CME', currency='USD', localSymbol='NQM3', tradingClass='NQ'), position=-1.0, marketPrice=12953.5019531, marketValue=-259070.04, averageCost=259062.8, unrealizedPNL=-7.24, realizedPNL=-853.4, account='DU1003749')
INFO:ib_insync.ib:placeOrder: New order Trade(contract=Future(conId=551601533, symbol='NQ', lastTradeDateOrContractMonth='20230616', multiplier='20', exchange='CME', currency='USD', localSymbol='NQM3', tradingClass='NQ'), order=MarketOrder(orderId=8, clientId=3, action='BUY', totalQuantity=1.0), orderStatus=OrderStatus(orderId=8, status='PendingSubmit', filled=0.0, remaining=0.0, avgFillPrice=0.0, permId=0, parentId=0, lastFillPrice=0.0, clientId=0, whyHeld='', mktCapPrice=0.0), fills=[], log=[TradeLogEntry(time=datetime.datetime(2023, 4, 27, 3, 2, 0, 406318, tzinfo=datetime.timezone.utc), status='PendingSubmit', message='', errorCode=0)])
INFO:ib_insync.wrapper:orderStatus: Trade(contract=Future(conId=551601533, symbol='NQ', lastTradeDateOrContractMonth='20230616', multiplier='20', exchange='CME', currency='USD', localSymbol='NQM3', tradingClass='NQ'), order=MarketOrder(orderId=8, clientId=3, permId=1694909917, action='BUY', totalQuantity=1.0, lmtPrice=12953.75, auxPrice=0.0), orderStatus=OrderStatus(orderId=8, status='PreSubmitted', filled=0.0, remaining=1.0, avgFillPrice=0.0, permId=1694909917, parentId=0, lastFillPrice=0.0, clientId=3, whyHeld='', mktCapPrice=0.0), fills=[], log=[TradeLogEntry(time=datetime.datetime(2023, 4, 27, 3, 2, 0, 406318, tzinfo=datetime.timezone.utc), status='PendingSubmit', message='', errorCode=0), TradeLogEntry(time=datetime.datetime(2023, 4, 27, 3, 2, 0, 479084, tzinfo=datetime.timezone.utc), status='PreSubmitted', message='', errorCode=0)])
INFO:ib_insync.wrapper:position: Position(account='DU1003749', contract=Future(conId=551601533, symbol='NQ', lastTradeDateOrContractMonth='20230616', multiplier='20', currency='USD', localSymbol='NQM3', tradingClass='NQ'), position=0.0, avgCost=0.0)
INFO:ib_insync.wrapper:execDetails Execution(execId='0000e1a7.6449a8cc.01.01', time=datetime.datetime(2023, 4, 27, 3, 2, 1, tzinfo=datetime.timezone.utc), acctNumber='DU1003749', exchange='CME', side='BOT', shares=1.0, price=12953.75, permId=1694909917, clientId=3, orderId=8, liquidation=0, cumQty=1.0, avgPrice=12953.75, orderRef='', evRule='', evMultiplier=0.0, modelCode='', lastLiquidity=1)
INFO:ib_insync.wrapper:execDetails: Fill(contract=Future(conId=551601533, symbol='NQ', lastTradeDateOrContractMonth='20230616', multiplier='20', exchange='CME', currency='USD', localSymbol='NQM3', tradingClass='NQ'), execution=Execution(execId='0000e1a7.6449a8cc.01.01', time=datetime.datetime(2023, 4, 27, 3, 2, 1, tzinfo=datetime.timezone.utc), acctNumber='DU1003749', exchange='CME', side='BOT', shares=1.0, price=12953.75, permId=1694909917, clientId=3, orderId=8, liquidation=0, cumQty=1.0, avgPrice=12953.75, orderRef='', evRule='', evMultiplier=0.0, modelCode='', lastLiquidity=1), commissionReport=CommissionReport(execId='', commission=0.0, currency='', realizedPNL=0.0, yield_=0.0, yieldRedemptionDate=0), time=datetime.datetime(2023, 4, 27, 3, 2, 0, 483075, tzinfo=datetime.timezone.utc))
INFO:ib_insync.wrapper:orderStatus: Trade(contract=Future(conId=551601533, symbol='NQ', lastTradeDateOrContractMonth='20230616', multiplier='20', exchange='CME', currency='USD', localSymbol='NQM3', tradingClass='NQ'), order=MarketOrder(orderId=8, clientId=3, permId=1694909917, action='BUY', totalQuantity=1.0, lmtPrice=12953.75, auxPrice=0.0), orderStatus=OrderStatus(orderId=8, status='Filled', filled=1.0, remaining=0.0, avgFillPrice=12953.75, permId=1694909917, parentId=0, lastFillPrice=12953.75, clientId=3, whyHeld='', mktCapPrice=0.0), fills=[Fill(contract=Future(conId=551601533, symbol='NQ', lastTradeDateOrContractMonth='20230616', multiplier='20', exchange='CME', currency='USD', localSymbol='NQM3', tradingClass='NQ'), execution=Execution(execId='0000e1a7.6449a8cc.01.01', time=datetime.datetime(2023, 4, 27, 3, 2, 1, tzinfo=datetime.timezone.utc), acctNumber='DU1003749', exchange='CME', side='BOT', shares=1.0, price=12953.75, permId=1694909917, clientId=3, orderId=8, liquidation=0, cumQty=1.0, avgPrice=12953.75, orderRef='', evRule='', evMultiplier=0.0, modelCode='', lastLiquidity=1), commissionReport=CommissionReport(execId='', commission=0.0, currency='', realizedPNL=0.0, yield_=0.0, yieldRedemptionDate=0), time=datetime.datetime(2023, 4, 27, 3, 2, 0, 483075, tzinfo=datetime.timezone.utc))], log=[TradeLogEntry(time=datetime.datetime(2023, 4, 27, 3, 2, 0, 406318, tzinfo=datetime.timezone.utc), status='PendingSubmit', message='', errorCode=0), TradeLogEntry(time=datetime.datetime(2023, 4, 27, 3, 2, 0, 479084, tzinfo=datetime.timezone.utc), status='PreSubmitted', message='', errorCode=0), TradeLogEntry(time=datetime.datetime(2023, 4, 27, 3, 2, 0, 483075, tzinfo=datetime.timezone.utc), status='PreSubmitted', message='Fill 1.0@12953.75', errorCode=0), TradeLogEntry(time=datetime.datetime(2023, 4, 27, 3, 2, 0, 484070, tzinfo=datetime.timezone.utc), status='Filled', message='', errorCode=0)])
INFO:ib_insync.wrapper:commissionReport: CommissionReport(execId='0000e1a7.6449a8cc.01.01', commission=2.2, currency='USD', realizedPNL=-14.4, yield_=0.0, yieldRedemptionDate=0)
ERROR:ib_insync.wrapper:Error 162, reqId 4: Historical Market Data Service error message:API historical data query cancelled: 4
INFO:ib_insync.wrapper:position: Position(account='DU1003749', contract=Future(conId=551601533, symbol='NQ', lastTradeDateOrContractMonth='20230616', multiplier='20', currency='USD', localSymbol='NQM3', tradingClass='NQ'), position=0.0, avgCost=0.0)
INFO:ib_insync.wrapper:position: Position(account='DU1003749', contract=Future(conId=551601533, symbol='NQ', lastTradeDateOrContractMonth='20230616', multiplier='20', currency='USD', localSymbol='NQM3', tradingClass='NQ'), position=0.0, avgCost=0.0)
INFO:ib_insync.wrapper:updatePortfolio: PortfolioItem(contract=Future(conId=551601533, symbol='NQ', lastTradeDateOrContractMonth='20230616', right='0', multiplier='20', primaryExchange='CME', currency='USD', localSymbol='NQM3', tradingClass='NQ'), position=0.0, marketPrice=12953.6503906, marketValue=0.0, averageCost=0.0, unrealizedPNL=0.0, realizedPNL=-867.8, account='DU1003749')
INFO:ib_insync.ib:Disconnecting from 127.0.0.1:7497, 1.07 kB sent in 14 messages, 296 kB received in 996 messages, session time 73.1 s.
INFO:ib_insync.client:Disconnecting
INFO:ib_insync.client:Disconnected.
