INFO:root:SMA called
INFO:root:EMAverage called
INFO:root:SignalProcess called
INFO:root:SMA called
INFO:root:EMAverage called
INFO:root:SignalProcess called
INFO:root:SMA called
INFO:root:EMAverage called
INFO:root:SignalProcess called
INFO:ib_insync.client:Connecting to 127.0.0.1:7497 with clientId 1...
INFO:ib_insync.client:Connected
INFO:ib_insync.client:Logged on to server version 163
INFO:ib_insync.client:API connection ready
INFO:ib_insync.wrapper:Warning 2104, reqId -1: Market data farm connection is OK:cashfarm
INFO:ib_insync.wrapper:Warning 2104, reqId -1: Market data farm connection is OK:uscrypto
INFO:ib_insync.wrapper:position: Position(account='DU1003749', contract=CFD(conId=143916318, symbol='EUR', currency='USD', localSymbol='EUR.USD', tradingClass='EUR.USD'), position=-1000.0, avgCost=1.0958)
INFO:ib_insync.wrapper:Warning 2104, reqId -1: Market data farm connection is OK:usfuture
INFO:ib_insync.wrapper:position: Position(account='DU1003749', contract=Stock(conId=14171, symbol='LHA', exchange='IBIS', currency='EUR', localSymbol='LHA', tradingClass='XETRA'), position=2.0, avgCost=11.00555)
INFO:ib_insync.wrapper:Warning 2104, reqId -1: Market data farm connection is OK:usfarm.nj
INFO:ib_insync.wrapper:Warning 2104, reqId -1: Market data farm connection is OK:usfarm
INFO:ib_insync.wrapper:Warning 2106, reqId -1: HMDS data farm connection is OK:euhmds
INFO:ib_insync.wrapper:Warning 2106, reqId -1: HMDS data farm connection is OK:cashhmds
INFO:ib_insync.wrapper:Warning 2106, reqId -1: HMDS data farm connection is OK:fundfarm
INFO:ib_insync.wrapper:Warning 2106, reqId -1: HMDS data farm connection is OK:ushmds
INFO:ib_insync.wrapper:Warning 2158, reqId -1: Sec-def data farm connection is OK:secdefnj
INFO:ib_insync.wrapper:updatePortfolio: PortfolioItem(contract=CFD(conId=143916318, symbol='EUR', right='0', currency='USD', localSymbol='EUR.USD', tradingClass='EUR.USD'), position=-1000.0, marketPrice=1.08442495, marketValue=-1084.42, averageCost=1.0958, unrealizedPNL=11.38, realizedPNL=0.0, account='DU1003749')
INFO:ib_insync.wrapper:updatePortfolio: PortfolioItem(contract=Stock(conId=14171, symbol='LHA', right='0', primaryExchange='IBIS', currency='EUR', localSymbol='LHA', tradingClass='XETRA'), position=2.0, marketPrice=9.63099955, marketValue=19.26, averageCost=11.00555, unrealizedPNL=-2.75, realizedPNL=0.0, account='DU1003749')
INFO:ib_insync.ib:Synchronization complete
INFO:ib_insync.wrapper:Warning 2174, reqId 120: Warning: You submitted request with date-time attributes without explicit time zone. Please switch to use yyyymmdd-hh:mm:ss in UTC or use instrument time zone, like US/Eastern. Implied time zone functionality will be removed in the next API release, contract: Future(conId=551601533, symbol='NQ', lastTradeDateOrContractMonth='20230616', multiplier='20', exchange='CME', currency='USD', localSymbol='NQM3', tradingClass='NQ')
INFO:ib_insync.ib:Disconnecting from 127.0.0.1:7497, 269 B sent in 9 messages, 32.8 kB received in 442 messages, session time 1.22 s.
INFO:ib_insync.client:Disconnecting
INFO:ib_insync.client:Disconnected.
INFO:ib_insync.client:Connecting to 127.0.0.1:7497 with clientId 1...
INFO:ib_insync.client:Connected
INFO:ib_insync.client:Logged on to server version 163
ERROR:ib_insync.client:Peer closed connection. clientId 1 already in use?
INFO:ib_insync.client:Disconnecting
ERROR:ib_insync.client:API connection failed: TimeoutError()
INFO:ib_insync.client:Connecting to 127.0.0.1:7497 with clientId 1...
INFO:ib_insync.client:Connected
INFO:ib_insync.client:Logged on to server version 163
INFO:ib_insync.client:API connection ready
INFO:ib_insync.wrapper:Warning 2104, reqId -1: Market data farm connection is OK:cashfarm
INFO:ib_insync.wrapper:Warning 2104, reqId -1: Market data farm connection is OK:uscrypto
INFO:ib_insync.wrapper:Warning 2104, reqId -1: Market data farm connection is OK:usfuture
INFO:ib_insync.wrapper:Warning 2104, reqId -1: Market data farm connection is OK:usfarm.nj
INFO:ib_insync.wrapper:Warning 2104, reqId -1: Market data farm connection is OK:usfarm
INFO:ib_insync.wrapper:Warning 2106, reqId -1: HMDS data farm connection is OK:euhmds
INFO:ib_insync.wrapper:Warning 2106, reqId -1: HMDS data farm connection is OK:cashhmds
INFO:ib_insync.wrapper:Warning 2106, reqId -1: HMDS data farm connection is OK:fundfarm
INFO:ib_insync.wrapper:Warning 2106, reqId -1: HMDS data farm connection is OK:ushmds
INFO:ib_insync.wrapper:Warning 2158, reqId -1: Sec-def data farm connection is OK:secdefnj
INFO:ib_insync.wrapper:position: Position(account='DU1003749', contract=CFD(conId=143916318, symbol='EUR', currency='USD', localSymbol='EUR.USD', tradingClass='EUR.USD'), position=-1000.0, avgCost=1.0958)
INFO:ib_insync.wrapper:position: Position(account='DU1003749', contract=Stock(conId=14171, symbol='LHA', exchange='IBIS', currency='EUR', localSymbol='LHA', tradingClass='XETRA'), position=2.0, avgCost=11.00555)
INFO:ib_insync.wrapper:updatePortfolio: PortfolioItem(contract=CFD(conId=143916318, symbol='EUR', right='0', currency='USD', localSymbol='EUR.USD', tradingClass='EUR.USD'), position=-1000.0, marketPrice=1.08442495, marketValue=-1084.42, averageCost=1.0958, unrealizedPNL=11.38, realizedPNL=0.0, account='DU1003749')
INFO:ib_insync.wrapper:updatePortfolio: PortfolioItem(contract=Stock(conId=14171, symbol='LHA', right='0', primaryExchange='IBIS', currency='EUR', localSymbol='LHA', tradingClass='XETRA'), position=2.0, marketPrice=9.63099955, marketValue=19.26, averageCost=11.00555, unrealizedPNL=-2.75, realizedPNL=0.0, account='DU1003749')
INFO:ib_insync.ib:Synchronization complete
INFO:ib_insync.wrapper:Warning 2174, reqId 120: Warning: You submitted request with date-time attributes without explicit time zone. Please switch to use yyyymmdd-hh:mm:ss in UTC or use instrument time zone, like US/Eastern. Implied time zone functionality will be removed in the next API release, contract: Future(conId=551601533, symbol='NQ', lastTradeDateOrContractMonth='20230616', multiplier='20', exchange='CME', currency='USD', localSymbol='NQM3', tradingClass='NQ')
INFO:ib_insync.ib:Disconnecting from 127.0.0.1:7497, 269 B sent in 9 messages, 32.8 kB received in 442 messages, session time 1.10 s.
INFO:ib_insync.client:Disconnecting
INFO:ib_insync.client:Disconnected.
INFO:ib_insync.client:Connecting to 127.0.0.1:7497 with clientId 1...
INFO:ib_insync.client:Connected
INFO:ib_insync.client:Logged on to server version 163
INFO:ib_insync.client:API connection ready
INFO:ib_insync.wrapper:Warning 2104, reqId -1: Market data farm connection is OK:cashfarm
INFO:ib_insync.wrapper:Warning 2104, reqId -1: Market data farm connection is OK:uscrypto
INFO:ib_insync.wrapper:Warning 2104, reqId -1: Market data farm connection is OK:usfuture
INFO:ib_insync.wrapper:Warning 2104, reqId -1: Market data farm connection is OK:usfarm.nj
INFO:ib_insync.wrapper:Warning 2104, reqId -1: Market data farm connection is OK:usfarm
INFO:ib_insync.wrapper:Warning 2106, reqId -1: HMDS data farm connection is OK:euhmds
INFO:ib_insync.wrapper:Warning 2106, reqId -1: HMDS data farm connection is OK:cashhmds
INFO:ib_insync.wrapper:Warning 2106, reqId -1: HMDS data farm connection is OK:fundfarm
INFO:ib_insync.wrapper:Warning 2106, reqId -1: HMDS data farm connection is OK:ushmds
INFO:ib_insync.wrapper:Warning 2158, reqId -1: Sec-def data farm connection is OK:secdefnj
INFO:ib_insync.wrapper:position: Position(account='DU1003749', contract=CFD(conId=143916318, symbol='EUR', currency='USD', localSymbol='EUR.USD', tradingClass='EUR.USD'), position=-1000.0, avgCost=1.0958)
INFO:ib_insync.wrapper:position: Position(account='DU1003749', contract=Stock(conId=14171, symbol='LHA', exchange='IBIS', currency='EUR', localSymbol='LHA', tradingClass='XETRA'), position=2.0, avgCost=11.00555)
INFO:ib_insync.wrapper:updatePortfolio: PortfolioItem(contract=CFD(conId=143916318, symbol='EUR', right='0', currency='USD', localSymbol='EUR.USD', tradingClass='EUR.USD'), position=-1000.0, marketPrice=1.08442495, marketValue=-1084.42, averageCost=1.0958, unrealizedPNL=11.38, realizedPNL=0.0, account='DU1003749')
INFO:ib_insync.wrapper:updatePortfolio: PortfolioItem(contract=Stock(conId=14171, symbol='LHA', right='0', primaryExchange='IBIS', currency='EUR', localSymbol='LHA', tradingClass='XETRA'), position=2.0, marketPrice=9.63099955, marketValue=19.26, averageCost=11.00555, unrealizedPNL=-2.75, realizedPNL=0.0, account='DU1003749')
INFO:ib_insync.ib:Synchronization complete
INFO:ib_insync.ib:placeOrder: New order Trade(contract=Future(conId=551601533, symbol='NQ', lastTradeDateOrContractMonth='20230616', multiplier='20', exchange='CME', currency='USD', localSymbol='NQM3', tradingClass='NQ'), order=MarketOrder(orderId=121, clientId=1, action='SELL', totalQuantity=1), orderStatus=OrderStatus(orderId=121, status='PendingSubmit', filled=0.0, remaining=0.0, avgFillPrice=0.0, permId=0, parentId=0, lastFillPrice=0.0, clientId=0, whyHeld='', mktCapPrice=0.0), fills=[], log=[TradeLogEntry(time=datetime.datetime(2023, 5, 18, 2, 36, 8, 106182, tzinfo=datetime.timezone.utc), status='PendingSubmit', message='', errorCode=0)])
INFO:ib_insync.ib:placeOrder: New order Trade(contract=Future(conId=551601533, symbol='NQ', lastTradeDateOrContractMonth='20230616', multiplier='20', exchange='CME', currency='USD', localSymbol='NQM3', tradingClass='NQ'), order=MarketOrder(orderId=122, clientId=1, action='SELL', totalQuantity=1), orderStatus=OrderStatus(orderId=122, status='PendingSubmit', filled=0.0, remaining=0.0, avgFillPrice=0.0, permId=0, parentId=0, lastFillPrice=0.0, clientId=0, whyHeld='', mktCapPrice=0.0), fills=[], log=[TradeLogEntry(time=datetime.datetime(2023, 5, 18, 2, 36, 8, 278928, tzinfo=datetime.timezone.utc), status='PendingSubmit', message='', errorCode=0)])
INFO:ib_insync.wrapper:orderStatus: Trade(contract=Future(conId=551601533, symbol='NQ', lastTradeDateOrContractMonth='20230616', multiplier='20', exchange='CME', currency='USD', localSymbol='NQM3', tradingClass='NQ'), order=MarketOrder(orderId=121, clientId=1, permId=1321568475, action='SELL', totalQuantity=1.0, lmtPrice=13638.0, auxPrice=0.0), orderStatus=OrderStatus(orderId=121, status='PreSubmitted', filled=0.0, remaining=1.0, avgFillPrice=0.0, permId=1321568475, parentId=0, lastFillPrice=0.0, clientId=1, whyHeld='', mktCapPrice=0.0), fills=[], log=[TradeLogEntry(time=datetime.datetime(2023, 5, 18, 2, 36, 8, 106182, tzinfo=datetime.timezone.utc), status='PendingSubmit', message='', errorCode=0), TradeLogEntry(time=datetime.datetime(2023, 5, 18, 2, 36, 8, 412145, tzinfo=datetime.timezone.utc), status='PreSubmitted', message='', errorCode=0)])
INFO:ib_insync.wrapper:position: Position(account='DU1003749', contract=Future(conId=551601533, symbol='NQ', lastTradeDateOrContractMonth='20230616', multiplier='20', currency='USD', localSymbol='NQM3', tradingClass='NQ'), position=-1.0, avgCost=272760.0)
INFO:ib_insync.wrapper:execDetails Execution(execId='0000e1a7.64655798.01.01', time=datetime.datetime(2023, 5, 18, 2, 36, 8, tzinfo=datetime.timezone.utc), acctNumber='DU1003749', exchange='CME', side='SLD', shares=1.0, price=13638.0, permId=1321568475, clientId=1, orderId=121, liquidation=0, cumQty=1.0, avgPrice=13638.0, orderRef='', evRule='', evMultiplier=0.0, modelCode='', lastLiquidity=1)
INFO:ib_insync.wrapper:execDetails: Fill(contract=Future(conId=551601533, symbol='NQ', lastTradeDateOrContractMonth='20230616', multiplier='20', exchange='CME', currency='USD', localSymbol='NQM3', tradingClass='NQ'), execution=Execution(execId='0000e1a7.64655798.01.01', time=datetime.datetime(2023, 5, 18, 2, 36, 8, tzinfo=datetime.timezone.utc), acctNumber='DU1003749', exchange='CME', side='SLD', shares=1.0, price=13638.0, permId=1321568475, clientId=1, orderId=121, liquidation=0, cumQty=1.0, avgPrice=13638.0, orderRef='', evRule='', evMultiplier=0.0, modelCode='', lastLiquidity=1), commissionReport=CommissionReport(execId='', commission=0.0, currency='', realizedPNL=0.0, yield_=0.0, yieldRedemptionDate=0), time=datetime.datetime(2023, 5, 18, 2, 36, 8, 474004, tzinfo=datetime.timezone.utc))
INFO:ib_insync.wrapper:orderStatus: Trade(contract=Future(conId=551601533, symbol='NQ', lastTradeDateOrContractMonth='20230616', multiplier='20', exchange='CME', currency='USD', localSymbol='NQM3', tradingClass='NQ'), order=MarketOrder(orderId=121, clientId=1, permId=1321568475, action='SELL', totalQuantity=1.0, lmtPrice=13638.0, auxPrice=0.0), orderStatus=OrderStatus(orderId=121, status='Filled', filled=1.0, remaining=0.0, avgFillPrice=13638.0, permId=1321568475, parentId=0, lastFillPrice=13638.0, clientId=1, whyHeld='', mktCapPrice=0.0), fills=[Fill(contract=Future(conId=551601533, symbol='NQ', lastTradeDateOrContractMonth='20230616', multiplier='20', exchange='CME', currency='USD', localSymbol='NQM3', tradingClass='NQ'), execution=Execution(execId='0000e1a7.64655798.01.01', time=datetime.datetime(2023, 5, 18, 2, 36, 8, tzinfo=datetime.timezone.utc), acctNumber='DU1003749', exchange='CME', side='SLD', shares=1.0, price=13638.0, permId=1321568475, clientId=1, orderId=121, liquidation=0, cumQty=1.0, avgPrice=13638.0, orderRef='', evRule='', evMultiplier=0.0, modelCode='', lastLiquidity=1), commissionReport=CommissionReport(execId='', commission=0.0, currency='', realizedPNL=0.0, yield_=0.0, yieldRedemptionDate=0), time=datetime.datetime(2023, 5, 18, 2, 36, 8, 474004, tzinfo=datetime.timezone.utc))], log=[TradeLogEntry(time=datetime.datetime(2023, 5, 18, 2, 36, 8, 106182, tzinfo=datetime.timezone.utc), status='PendingSubmit', message='', errorCode=0), TradeLogEntry(time=datetime.datetime(2023, 5, 18, 2, 36, 8, 412145, tzinfo=datetime.timezone.utc), status='PreSubmitted', message='', errorCode=0), TradeLogEntry(time=datetime.datetime(2023, 5, 18, 2, 36, 8, 474004, tzinfo=datetime.timezone.utc), status='PreSubmitted', message='Fill 1.0@13638.0', errorCode=0), TradeLogEntry(time=datetime.datetime(2023, 5, 18, 2, 36, 8, 476101, tzinfo=datetime.timezone.utc), status='Filled', message='', errorCode=0)])
INFO:ib_insync.wrapper:commissionReport: CommissionReport(execId='0000e1a7.64655798.01.01', commission=2.2, currency='USD', realizedPNL=0.0, yield_=0.0, yieldRedemptionDate=0)
INFO:ib_insync.wrapper:position: Position(account='DU1003749', contract=Future(conId=551601533, symbol='NQ', lastTradeDateOrContractMonth='20230616', multiplier='20', currency='USD', localSymbol='NQM3', tradingClass='NQ'), position=-1.0, avgCost=272757.8)
INFO:ib_insync.wrapper:orderStatus: Trade(contract=Future(conId=551601533, symbol='NQ', lastTradeDateOrContractMonth='20230616', multiplier='20', exchange='CME', currency='USD', localSymbol='NQM3', tradingClass='NQ'), order=MarketOrder(orderId=122, clientId=1, permId=1321568476, action='SELL', totalQuantity=1.0, lmtPrice=13638.0, auxPrice=0.0), orderStatus=OrderStatus(orderId=122, status='PreSubmitted', filled=0.0, remaining=1.0, avgFillPrice=0.0, permId=1321568476, parentId=0, lastFillPrice=0.0, clientId=1, whyHeld='', mktCapPrice=0.0), fills=[], log=[TradeLogEntry(time=datetime.datetime(2023, 5, 18, 2, 36, 8, 278928, tzinfo=datetime.timezone.utc), status='PendingSubmit', message='', errorCode=0), TradeLogEntry(time=datetime.datetime(2023, 5, 18, 2, 36, 8, 493286, tzinfo=datetime.timezone.utc), status='PreSubmitted', message='', errorCode=0)])
INFO:ib_insync.wrapper:position: Position(account='DU1003749', contract=Future(conId=551601533, symbol='NQ', lastTradeDateOrContractMonth='20230616', multiplier='20', currency='USD', localSymbol='NQM3', tradingClass='NQ'), position=-2.0, avgCost=272758.9)
INFO:ib_insync.wrapper:execDetails Execution(execId='0000e1a7.64655799.01.01', time=datetime.datetime(2023, 5, 18, 2, 36, 9, tzinfo=datetime.timezone.utc), acctNumber='DU1003749', exchange='CME', side='SLD', shares=1.0, price=13638.0, permId=1321568476, clientId=1, orderId=122, liquidation=0, cumQty=1.0, avgPrice=13638.0, orderRef='', evRule='', evMultiplier=0.0, modelCode='', lastLiquidity=1)
INFO:ib_insync.wrapper:execDetails: Fill(contract=Future(conId=551601533, symbol='NQ', lastTradeDateOrContractMonth='20230616', multiplier='20', exchange='CME', currency='USD', localSymbol='NQM3', tradingClass='NQ'), execution=Execution(execId='0000e1a7.64655799.01.01', time=datetime.datetime(2023, 5, 18, 2, 36, 9, tzinfo=datetime.timezone.utc), acctNumber='DU1003749', exchange='CME', side='SLD', shares=1.0, price=13638.0, permId=1321568476, clientId=1, orderId=122, liquidation=0, cumQty=1.0, avgPrice=13638.0, orderRef='', evRule='', evMultiplier=0.0, modelCode='', lastLiquidity=1), commissionReport=CommissionReport(execId='', commission=0.0, currency='', realizedPNL=0.0, yield_=0.0, yieldRedemptionDate=0), time=datetime.datetime(2023, 5, 18, 2, 36, 8, 660598, tzinfo=datetime.timezone.utc))
INFO:ib_insync.wrapper:orderStatus: Trade(contract=Future(conId=551601533, symbol='NQ', lastTradeDateOrContractMonth='20230616', multiplier='20', exchange='CME', currency='USD', localSymbol='NQM3', tradingClass='NQ'), order=MarketOrder(orderId=122, clientId=1, permId=1321568476, action='SELL', totalQuantity=1.0, lmtPrice=13638.0, auxPrice=0.0), orderStatus=OrderStatus(orderId=122, status='Filled', filled=1.0, remaining=0.0, avgFillPrice=13638.0, permId=1321568476, parentId=0, lastFillPrice=13638.0, clientId=1, whyHeld='', mktCapPrice=0.0), fills=[Fill(contract=Future(conId=551601533, symbol='NQ', lastTradeDateOrContractMonth='20230616', multiplier='20', exchange='CME', currency='USD', localSymbol='NQM3', tradingClass='NQ'), execution=Execution(execId='0000e1a7.64655799.01.01', time=datetime.datetime(2023, 5, 18, 2, 36, 9, tzinfo=datetime.timezone.utc), acctNumber='DU1003749', exchange='CME', side='SLD', shares=1.0, price=13638.0, permId=1321568476, clientId=1, orderId=122, liquidation=0, cumQty=1.0, avgPrice=13638.0, orderRef='', evRule='', evMultiplier=0.0, modelCode='', lastLiquidity=1), commissionReport=CommissionReport(execId='', commission=0.0, currency='', realizedPNL=0.0, yield_=0.0, yieldRedemptionDate=0), time=datetime.datetime(2023, 5, 18, 2, 36, 8, 660598, tzinfo=datetime.timezone.utc))], log=[TradeLogEntry(time=datetime.datetime(2023, 5, 18, 2, 36, 8, 278928, tzinfo=datetime.timezone.utc), status='PendingSubmit', message='', errorCode=0), TradeLogEntry(time=datetime.datetime(2023, 5, 18, 2, 36, 8, 493286, tzinfo=datetime.timezone.utc), status='PreSubmitted', message='', errorCode=0), TradeLogEntry(time=datetime.datetime(2023, 5, 18, 2, 36, 8, 660598, tzinfo=datetime.timezone.utc), status='PreSubmitted', message='Fill 1.0@13638.0', errorCode=0), TradeLogEntry(time=datetime.datetime(2023, 5, 18, 2, 36, 8, 661595, tzinfo=datetime.timezone.utc), status='Filled', message='', errorCode=0)])
INFO:ib_insync.wrapper:commissionReport: CommissionReport(execId='0000e1a7.64655799.01.01', commission=2.2, currency='USD', realizedPNL=0.0, yield_=0.0, yieldRedemptionDate=0)
INFO:ib_insync.wrapper:position: Position(account='DU1003749', contract=Future(conId=551601533, symbol='NQ', lastTradeDateOrContractMonth='20230616', multiplier='20', currency='USD', localSymbol='NQM3', tradingClass='NQ'), position=-2.0, avgCost=272757.80000000005)
INFO:ib_insync.wrapper:updatePortfolio: PortfolioItem(contract=Future(conId=551601533, symbol='NQ', lastTradeDateOrContractMonth='20230616', right='0', multiplier='20', primaryExchange='CME', currency='USD', localSymbol='NQM3', tradingClass='NQ'), position=-2.0, marketPrice=13638.0996094, marketValue=-545523.98, averageCost=272757.8, unrealizedPNL=-8.38, realizedPNL=0.0, account='DU1003749')
INFO:ib_insync.ib:placeOrder: New order Trade(contract=Future(conId=551601533, symbol='NQ', lastTradeDateOrContractMonth='20230616', multiplier='20', exchange='CME', currency='USD', localSymbol='NQM3', tradingClass='NQ'), order=MarketOrder(orderId=123, clientId=1, action='BUY', totalQuantity=1.0), orderStatus=OrderStatus(orderId=123, status='PendingSubmit', filled=0.0, remaining=0.0, avgFillPrice=0.0, permId=0, parentId=0, lastFillPrice=0.0, clientId=0, whyHeld='', mktCapPrice=0.0), fills=[], log=[TradeLogEntry(time=datetime.datetime(2023, 5, 18, 2, 36, 10, 669837, tzinfo=datetime.timezone.utc), status='PendingSubmit', message='', errorCode=0)])
INFO:ib_insync.wrapper:orderStatus: Trade(contract=Future(conId=551601533, symbol='NQ', lastTradeDateOrContractMonth='20230616', multiplier='20', exchange='CME', currency='USD', localSymbol='NQM3', tradingClass='NQ'), order=MarketOrder(orderId=123, clientId=1, permId=1321568477, action='BUY', totalQuantity=1.0, lmtPrice=13638.0, auxPrice=0.0), orderStatus=OrderStatus(orderId=123, status='PreSubmitted', filled=0.0, remaining=1.0, avgFillPrice=0.0, permId=1321568477, parentId=0, lastFillPrice=0.0, clientId=1, whyHeld='', mktCapPrice=0.0), fills=[], log=[TradeLogEntry(time=datetime.datetime(2023, 5, 18, 2, 36, 10, 669837, tzinfo=datetime.timezone.utc), status='PendingSubmit', message='', errorCode=0), TradeLogEntry(time=datetime.datetime(2023, 5, 18, 2, 36, 10, 774604, tzinfo=datetime.timezone.utc), status='PreSubmitted', message='', errorCode=0)])
INFO:ib_insync.wrapper:position: Position(account='DU1003749', contract=Future(conId=551601533, symbol='NQ', lastTradeDateOrContractMonth='20230616', multiplier='20', currency='USD', localSymbol='NQM3', tradingClass='NQ'), position=-1.0, avgCost=272757.80000000005)
INFO:ib_insync.wrapper:execDetails Execution(execId='0000e1a7.6465579a.01.01', time=datetime.datetime(2023, 5, 18, 2, 36, 11, tzinfo=datetime.timezone.utc), acctNumber='DU1003749', exchange='CME', side='BOT', shares=1.0, price=13638.0, permId=1321568477, clientId=1, orderId=123, liquidation=0, cumQty=1.0, avgPrice=13638.0, orderRef='', evRule='', evMultiplier=0.0, modelCode='', lastLiquidity=1)
INFO:ib_insync.wrapper:execDetails: Fill(contract=Future(conId=551601533, symbol='NQ', lastTradeDateOrContractMonth='20230616', multiplier='20', exchange='CME', currency='USD', localSymbol='NQM3', tradingClass='NQ'), execution=Execution(execId='0000e1a7.6465579a.01.01', time=datetime.datetime(2023, 5, 18, 2, 36, 11, tzinfo=datetime.timezone.utc), acctNumber='DU1003749', exchange='CME', side='BOT', shares=1.0, price=13638.0, permId=1321568477, clientId=1, orderId=123, liquidation=0, cumQty=1.0, avgPrice=13638.0, orderRef='', evRule='', evMultiplier=0.0, modelCode='', lastLiquidity=1), commissionReport=CommissionReport(execId='', commission=0.0, currency='', realizedPNL=0.0, yield_=0.0, yieldRedemptionDate=0), time=datetime.datetime(2023, 5, 18, 2, 36, 10, 780261, tzinfo=datetime.timezone.utc))
INFO:ib_insync.wrapper:orderStatus: Trade(contract=Future(conId=551601533, symbol='NQ', lastTradeDateOrContractMonth='20230616', multiplier='20', exchange='CME', currency='USD', localSymbol='NQM3', tradingClass='NQ'), order=MarketOrder(orderId=123, clientId=1, permId=1321568477, action='BUY', totalQuantity=1.0, lmtPrice=13638.0, auxPrice=0.0), orderStatus=OrderStatus(orderId=123, status='Filled', filled=1.0, remaining=0.0, avgFillPrice=13638.0, permId=1321568477, parentId=0, lastFillPrice=13638.0, clientId=1, whyHeld='', mktCapPrice=0.0), fills=[Fill(contract=Future(conId=551601533, symbol='NQ', lastTradeDateOrContractMonth='20230616', multiplier='20', exchange='CME', currency='USD', localSymbol='NQM3', tradingClass='NQ'), execution=Execution(execId='0000e1a7.6465579a.01.01', time=datetime.datetime(2023, 5, 18, 2, 36, 11, tzinfo=datetime.timezone.utc), acctNumber='DU1003749', exchange='CME', side='BOT', shares=1.0, price=13638.0, permId=1321568477, clientId=1, orderId=123, liquidation=0, cumQty=1.0, avgPrice=13638.0, orderRef='', evRule='', evMultiplier=0.0, modelCode='', lastLiquidity=1), commissionReport=CommissionReport(execId='', commission=0.0, currency='', realizedPNL=0.0, yield_=0.0, yieldRedemptionDate=0), time=datetime.datetime(2023, 5, 18, 2, 36, 10, 780261, tzinfo=datetime.timezone.utc))], log=[TradeLogEntry(time=datetime.datetime(2023, 5, 18, 2, 36, 10, 669837, tzinfo=datetime.timezone.utc), status='PendingSubmit', message='', errorCode=0), TradeLogEntry(time=datetime.datetime(2023, 5, 18, 2, 36, 10, 774604, tzinfo=datetime.timezone.utc), status='PreSubmitted', message='', errorCode=0), TradeLogEntry(time=datetime.datetime(2023, 5, 18, 2, 36, 10, 780261, tzinfo=datetime.timezone.utc), status='PreSubmitted', message='Fill 1.0@13638.0', errorCode=0), TradeLogEntry(time=datetime.datetime(2023, 5, 18, 2, 36, 10, 781141, tzinfo=datetime.timezone.utc), status='Filled', message='', errorCode=0)])
INFO:ib_insync.wrapper:commissionReport: CommissionReport(execId='0000e1a7.6465579a.01.01', commission=2.2, currency='USD', realizedPNL=-4.4, yield_=0.0, yieldRedemptionDate=0)
INFO:ib_insync.wrapper:position: Position(account='DU1003749', contract=Future(conId=551601533, symbol='NQ', lastTradeDateOrContractMonth='20230616', multiplier='20', currency='USD', localSymbol='NQM3', tradingClass='NQ'), position=-1.0, avgCost=272757.80000000005)
INFO:ib_insync.wrapper:position: Position(account='DU1003749', contract=Future(conId=551601533, symbol='NQ', lastTradeDateOrContractMonth='20230616', multiplier='20', currency='USD', localSymbol='NQM3', tradingClass='NQ'), position=-1.0, avgCost=272757.80000000005)
INFO:ib_insync.wrapper:updatePortfolio: PortfolioItem(contract=Future(conId=551601533, symbol='NQ', lastTradeDateOrContractMonth='20230616', right='0', multiplier='20', primaryExchange='CME', currency='USD', localSymbol='NQM3', tradingClass='NQ'), position=-1.0, marketPrice=13638.0996094, marketValue=-272761.99, averageCost=272757.8, unrealizedPNL=-4.19, realizedPNL=-4.4, account='DU1003749')
INFO:ib_insync.ib:placeOrder: New order Trade(contract=Future(conId=551601533, symbol='NQ', lastTradeDateOrContractMonth='20230616', multiplier='20', exchange='CME', currency='USD', localSymbol='NQM3', tradingClass='NQ'), order=MarketOrder(orderId=124, clientId=1, action='BUY', totalQuantity=1.0), orderStatus=OrderStatus(orderId=124, status='PendingSubmit', filled=0.0, remaining=0.0, avgFillPrice=0.0, permId=0, parentId=0, lastFillPrice=0.0, clientId=0, whyHeld='', mktCapPrice=0.0), fills=[], log=[TradeLogEntry(time=datetime.datetime(2023, 5, 18, 2, 36, 23, 649, tzinfo=datetime.timezone.utc), status='PendingSubmit', message='', errorCode=0)])
INFO:ib_insync.wrapper:orderStatus: Trade(contract=Future(conId=551601533, symbol='NQ', lastTradeDateOrContractMonth='20230616', multiplier='20', exchange='CME', currency='USD', localSymbol='NQM3', tradingClass='NQ'), order=MarketOrder(orderId=124, clientId=1, permId=1321568478, action='BUY', totalQuantity=1.0, lmtPrice=13638.25, auxPrice=0.0), orderStatus=OrderStatus(orderId=124, status='PreSubmitted', filled=0.0, remaining=1.0, avgFillPrice=0.0, permId=1321568478, parentId=0, lastFillPrice=0.0, clientId=1, whyHeld='', mktCapPrice=0.0), fills=[], log=[TradeLogEntry(time=datetime.datetime(2023, 5, 18, 2, 36, 23, 649, tzinfo=datetime.timezone.utc), status='PendingSubmit', message='', errorCode=0), TradeLogEntry(time=datetime.datetime(2023, 5, 18, 2, 36, 23, 85975, tzinfo=datetime.timezone.utc), status='PreSubmitted', message='', errorCode=0)])
INFO:ib_insync.wrapper:position: Position(account='DU1003749', contract=Future(conId=551601533, symbol='NQ', lastTradeDateOrContractMonth='20230616', multiplier='20', currency='USD', localSymbol='NQM3', tradingClass='NQ'), position=0.0, avgCost=0.0)
INFO:ib_insync.wrapper:execDetails Execution(execId='0000e1a7.6465579d.01.01', time=datetime.datetime(2023, 5, 18, 2, 36, 23, tzinfo=datetime.timezone.utc), acctNumber='DU1003749', exchange='CME', side='BOT', shares=1.0, price=13638.25, permId=1321568478, clientId=1, orderId=124, liquidation=0, cumQty=1.0, avgPrice=13638.25, orderRef='', evRule='', evMultiplier=0.0, modelCode='', lastLiquidity=1)
INFO:ib_insync.wrapper:execDetails: Fill(contract=Future(conId=551601533, symbol='NQ', lastTradeDateOrContractMonth='20230616', multiplier='20', exchange='CME', currency='USD', localSymbol='NQM3', tradingClass='NQ'), execution=Execution(execId='0000e1a7.6465579d.01.01', time=datetime.datetime(2023, 5, 18, 2, 36, 23, tzinfo=datetime.timezone.utc), acctNumber='DU1003749', exchange='CME', side='BOT', shares=1.0, price=13638.25, permId=1321568478, clientId=1, orderId=124, liquidation=0, cumQty=1.0, avgPrice=13638.25, orderRef='', evRule='', evMultiplier=0.0, modelCode='', lastLiquidity=1), commissionReport=CommissionReport(execId='', commission=0.0, currency='', realizedPNL=0.0, yield_=0.0, yieldRedemptionDate=0), time=datetime.datetime(2023, 5, 18, 2, 36, 23, 91937, tzinfo=datetime.timezone.utc))
INFO:ib_insync.wrapper:orderStatus: Trade(contract=Future(conId=551601533, symbol='NQ', lastTradeDateOrContractMonth='20230616', multiplier='20', exchange='CME', currency='USD', localSymbol='NQM3', tradingClass='NQ'), order=MarketOrder(orderId=124, clientId=1, permId=1321568478, action='BUY', totalQuantity=1.0, lmtPrice=13638.25, auxPrice=0.0), orderStatus=OrderStatus(orderId=124, status='Filled', filled=1.0, remaining=0.0, avgFillPrice=13638.25, permId=1321568478, parentId=0, lastFillPrice=13638.25, clientId=1, whyHeld='', mktCapPrice=0.0), fills=[Fill(contract=Future(conId=551601533, symbol='NQ', lastTradeDateOrContractMonth='20230616', multiplier='20', exchange='CME', currency='USD', localSymbol='NQM3', tradingClass='NQ'), execution=Execution(execId='0000e1a7.6465579d.01.01', time=datetime.datetime(2023, 5, 18, 2, 36, 23, tzinfo=datetime.timezone.utc), acctNumber='DU1003749', exchange='CME', side='BOT', shares=1.0, price=13638.25, permId=1321568478, clientId=1, orderId=124, liquidation=0, cumQty=1.0, avgPrice=13638.25, orderRef='', evRule='', evMultiplier=0.0, modelCode='', lastLiquidity=1), commissionReport=CommissionReport(execId='', commission=0.0, currency='', realizedPNL=0.0, yield_=0.0, yieldRedemptionDate=0), time=datetime.datetime(2023, 5, 18, 2, 36, 23, 91937, tzinfo=datetime.timezone.utc))], log=[TradeLogEntry(time=datetime.datetime(2023, 5, 18, 2, 36, 23, 649, tzinfo=datetime.timezone.utc), status='PendingSubmit', message='', errorCode=0), TradeLogEntry(time=datetime.datetime(2023, 5, 18, 2, 36, 23, 85975, tzinfo=datetime.timezone.utc), status='PreSubmitted', message='', errorCode=0), TradeLogEntry(time=datetime.datetime(2023, 5, 18, 2, 36, 23, 91937, tzinfo=datetime.timezone.utc), status='PreSubmitted', message='Fill 1.0@13638.25', errorCode=0), TradeLogEntry(time=datetime.datetime(2023, 5, 18, 2, 36, 23, 91937, tzinfo=datetime.timezone.utc), status='Filled', message='', errorCode=0)])
ERROR:ib_insync.wrapper:Error 162, reqId 120: Historical Market Data Service error message:API historical data query cancelled: 120
INFO:ib_insync.wrapper:commissionReport: CommissionReport(execId='0000e1a7.6465579d.01.01', commission=2.2, currency='USD', realizedPNL=-9.4, yield_=0.0, yieldRedemptionDate=0)
INFO:ib_insync.wrapper:position: Position(account='DU1003749', contract=Future(conId=551601533, symbol='NQ', lastTradeDateOrContractMonth='20230616', multiplier='20', currency='USD', localSymbol='NQM3', tradingClass='NQ'), position=0.0, avgCost=0.0)
INFO:ib_insync.wrapper:position: Position(account='DU1003749', contract=Future(conId=551601533, symbol='NQ', lastTradeDateOrContractMonth='20230616', multiplier='20', currency='USD', localSymbol='NQM3', tradingClass='NQ'), position=0.0, avgCost=0.0)
INFO:ib_insync.wrapper:updatePortfolio: PortfolioItem(contract=Future(conId=551601533, symbol='NQ', lastTradeDateOrContractMonth='20230616', right='0', multiplier='20', primaryExchange='CME', currency='USD', localSymbol='NQM3', tradingClass='NQ'), position=0.0, marketPrice=13637.75, marketValue=0.0, averageCost=0.0, unrealizedPNL=0.0, realizedPNL=-13.8, account='DU1003749')
INFO:ib_insync.ib:Disconnecting from 127.0.0.1:7497, 1.11 kB sent in 14 messages, 265 kB received in 904 messages, session time 25.7 s.
INFO:ib_insync.client:Disconnecting
INFO:ib_insync.client:Disconnected.
INFO:ib_insync.client:Connecting to 127.0.0.1:7497 with clientId 1...
INFO:ib_insync.client:Connected
INFO:ib_insync.client:Logged on to server version 163
INFO:ib_insync.client:API connection ready
INFO:ib_insync.wrapper:Warning 2104, reqId -1: Market data farm connection is OK:cashfarm
INFO:ib_insync.wrapper:Warning 2104, reqId -1: Market data farm connection is OK:uscrypto
INFO:ib_insync.wrapper:Warning 2104, reqId -1: Market data farm connection is OK:usfuture
INFO:ib_insync.wrapper:Warning 2104, reqId -1: Market data farm connection is OK:usfarm.nj
INFO:ib_insync.wrapper:Warning 2104, reqId -1: Market data farm connection is OK:usfarm
INFO:ib_insync.wrapper:Warning 2106, reqId -1: HMDS data farm connection is OK:euhmds
INFO:ib_insync.wrapper:Warning 2106, reqId -1: HMDS data farm connection is OK:cashhmds
INFO:ib_insync.wrapper:Warning 2106, reqId -1: HMDS data farm connection is OK:fundfarm
INFO:ib_insync.wrapper:Warning 2106, reqId -1: HMDS data farm connection is OK:ushmds
INFO:ib_insync.wrapper:Warning 2158, reqId -1: Sec-def data farm connection is OK:secdefnj
INFO:ib_insync.wrapper:position: Position(account='DU1003749', contract=CFD(conId=143916318, symbol='EUR', currency='USD', localSymbol='EUR.USD', tradingClass='EUR.USD'), position=-1000.0, avgCost=1.0958)
INFO:ib_insync.wrapper:position: Position(account='DU1003749', contract=Future(conId=551601533, symbol='NQ', lastTradeDateOrContractMonth='20230616', multiplier='20', currency='USD', localSymbol='NQM3', tradingClass='NQ'), position=0.0, avgCost=0.0)
INFO:ib_insync.wrapper:position: Position(account='DU1003749', contract=Stock(conId=14171, symbol='LHA', exchange='IBIS', currency='EUR', localSymbol='LHA', tradingClass='XETRA'), position=2.0, avgCost=11.00555)
INFO:ib_insync.wrapper:updatePortfolio: PortfolioItem(contract=CFD(conId=143916318, symbol='EUR', right='0', currency='USD', localSymbol='EUR.USD', tradingClass='EUR.USD'), position=-1000.0, marketPrice=1.08457505, marketValue=-1084.58, averageCost=1.0958, unrealizedPNL=11.22, realizedPNL=0.0, account='DU1003749')
INFO:ib_insync.wrapper:updatePortfolio: PortfolioItem(contract=Stock(conId=14171, symbol='LHA', right='0', primaryExchange='IBIS', currency='EUR', localSymbol='LHA', tradingClass='XETRA'), position=2.0, marketPrice=9.63099955, marketValue=19.26, averageCost=11.00555, unrealizedPNL=-2.75, realizedPNL=0.0, account='DU1003749')
INFO:ib_insync.wrapper:updatePortfolio: PortfolioItem(contract=Future(conId=551601533, symbol='NQ', lastTradeDateOrContractMonth='20230616', right='0', multiplier='20', primaryExchange='CME', currency='USD', localSymbol='NQM3', tradingClass='NQ'), position=0.0, marketPrice=13648.75, marketValue=0.0, averageCost=0.0, unrealizedPNL=0.0, realizedPNL=-13.8, account='DU1003749')
INFO:ib_insync.wrapper:execDetails Execution(execId='0000e1a7.64655798.01.01', time=datetime.datetime(2023, 5, 18, 2, 36, 8, tzinfo=datetime.timezone.utc), acctNumber='DU1003749', exchange='CME', side='SLD', shares=1.0, price=13638.0, permId=1321568475, clientId=1, orderId=121, liquidation=0, cumQty=1.0, avgPrice=13638.0, orderRef='', evRule='', evMultiplier=0.0, modelCode='', lastLiquidity=1)
INFO:ib_insync.wrapper:execDetails Execution(execId='0000e1a7.64655799.01.01', time=datetime.datetime(2023, 5, 18, 2, 36, 9, tzinfo=datetime.timezone.utc), acctNumber='DU1003749', exchange='CME', side='SLD', shares=1.0, price=13638.0, permId=1321568476, clientId=1, orderId=122, liquidation=0, cumQty=1.0, avgPrice=13638.0, orderRef='', evRule='', evMultiplier=0.0, modelCode='', lastLiquidity=1)
INFO:ib_insync.wrapper:execDetails Execution(execId='0000e1a7.6465579a.01.01', time=datetime.datetime(2023, 5, 18, 2, 36, 11, tzinfo=datetime.timezone.utc), acctNumber='DU1003749', exchange='CME', side='BOT', shares=1.0, price=13638.0, permId=1321568477, clientId=1, orderId=123, liquidation=0, cumQty=1.0, avgPrice=13638.0, orderRef='', evRule='', evMultiplier=0.0, modelCode='', lastLiquidity=1)
INFO:ib_insync.wrapper:execDetails Execution(execId='0000e1a7.6465579d.01.01', time=datetime.datetime(2023, 5, 18, 2, 36, 23, tzinfo=datetime.timezone.utc), acctNumber='DU1003749', exchange='CME', side='BOT', shares=1.0, price=13638.25, permId=1321568478, clientId=1, orderId=124, liquidation=0, cumQty=1.0, avgPrice=13638.25, orderRef='', evRule='', evMultiplier=0.0, modelCode='', lastLiquidity=1)
INFO:ib_insync.wrapper:commissionReport: CommissionReport(execId='0000e1a7.64655798.01.01', commission=2.2, currency='USD', realizedPNL=0.0, yield_=0.0, yieldRedemptionDate=0)
INFO:ib_insync.wrapper:commissionReport: CommissionReport(execId='0000e1a7.64655799.01.01', commission=2.2, currency='USD', realizedPNL=0.0, yield_=0.0, yieldRedemptionDate=0)
INFO:ib_insync.wrapper:commissionReport: CommissionReport(execId='0000e1a7.6465579a.01.01', commission=2.2, currency='USD', realizedPNL=-4.4, yield_=0.0, yieldRedemptionDate=0)
INFO:ib_insync.wrapper:commissionReport: CommissionReport(execId='0000e1a7.6465579d.01.01', commission=2.2, currency='USD', realizedPNL=-9.4, yield_=0.0, yieldRedemptionDate=0)
INFO:ib_insync.ib:Synchronization complete
INFO:ib_insync.wrapper:Warning 2174, reqId 128: Warning: You submitted request with date-time attributes without explicit time zone. Please switch to use yyyymmdd-hh:mm:ss in UTC or use instrument time zone, like US/Eastern. Implied time zone functionality will be removed in the next API release, contract: Future(conId=551601533, symbol='NQ', lastTradeDateOrContractMonth='20230616', multiplier='20', exchange='CME', currency='USD', localSymbol='NQM3', tradingClass='NQ')
INFO:ib_insync.ib:Disconnecting from 127.0.0.1:7497, 269 B sent in 9 messages, 35.6 kB received in 457 messages, session time 965 ms.
INFO:ib_insync.client:Disconnecting
INFO:ib_insync.client:Disconnected.
INFO:ib_insync.client:Connecting to 127.0.0.1:7497 with clientId 1...
INFO:ib_insync.client:Connected
INFO:ib_insync.client:Logged on to server version 163
INFO:ib_insync.client:API connection ready
INFO:ib_insync.wrapper:Warning 2104, reqId -1: Market data farm connection is OK:cashfarm
INFO:ib_insync.wrapper:Warning 2104, reqId -1: Market data farm connection is OK:uscrypto
INFO:ib_insync.wrapper:Warning 2104, reqId -1: Market data farm connection is OK:usfuture
INFO:ib_insync.wrapper:Warning 2104, reqId -1: Market data farm connection is OK:usfarm.nj
INFO:ib_insync.wrapper:Warning 2104, reqId -1: Market data farm connection is OK:usfarm
INFO:ib_insync.wrapper:Warning 2106, reqId -1: HMDS data farm connection is OK:euhmds
INFO:ib_insync.wrapper:Warning 2106, reqId -1: HMDS data farm connection is OK:cashhmds
INFO:ib_insync.wrapper:Warning 2106, reqId -1: HMDS data farm connection is OK:fundfarm
INFO:ib_insync.wrapper:Warning 2106, reqId -1: HMDS data farm connection is OK:ushmds
INFO:ib_insync.wrapper:Warning 2158, reqId -1: Sec-def data farm connection is OK:secdefnj
INFO:ib_insync.wrapper:position: Position(account='DU1003749', contract=CFD(conId=143916318, symbol='EUR', currency='USD', localSymbol='EUR.USD', tradingClass='EUR.USD'), position=-1000.0, avgCost=1.0958)
INFO:ib_insync.wrapper:position: Position(account='DU1003749', contract=Future(conId=551601533, symbol='NQ', lastTradeDateOrContractMonth='20230616', multiplier='20', currency='USD', localSymbol='NQM3', tradingClass='NQ'), position=0.0, avgCost=0.0)
INFO:ib_insync.wrapper:position: Position(account='DU1003749', contract=Stock(conId=14171, symbol='LHA', exchange='IBIS', currency='EUR', localSymbol='LHA', tradingClass='XETRA'), position=2.0, avgCost=11.00555)
INFO:ib_insync.wrapper:updatePortfolio: PortfolioItem(contract=CFD(conId=143916318, symbol='EUR', right='0', currency='USD', localSymbol='EUR.USD', tradingClass='EUR.USD'), position=-1000.0, marketPrice=1.08457505, marketValue=-1084.58, averageCost=1.0958, unrealizedPNL=11.22, realizedPNL=0.0, account='DU1003749')
INFO:ib_insync.wrapper:updatePortfolio: PortfolioItem(contract=Stock(conId=14171, symbol='LHA', right='0', primaryExchange='IBIS', currency='EUR', localSymbol='LHA', tradingClass='XETRA'), position=2.0, marketPrice=9.63099955, marketValue=19.26, averageCost=11.00555, unrealizedPNL=-2.75, realizedPNL=0.0, account='DU1003749')
INFO:ib_insync.wrapper:updatePortfolio: PortfolioItem(contract=Future(conId=551601533, symbol='NQ', lastTradeDateOrContractMonth='20230616', right='0', multiplier='20', primaryExchange='CME', currency='USD', localSymbol='NQM3', tradingClass='NQ'), position=0.0, marketPrice=13648.75, marketValue=0.0, averageCost=0.0, unrealizedPNL=0.0, realizedPNL=-13.8, account='DU1003749')
INFO:ib_insync.wrapper:execDetails Execution(execId='0000e1a7.64655798.01.01', time=datetime.datetime(2023, 5, 18, 2, 36, 8, tzinfo=datetime.timezone.utc), acctNumber='DU1003749', exchange='CME', side='SLD', shares=1.0, price=13638.0, permId=1321568475, clientId=1, orderId=121, liquidation=0, cumQty=1.0, avgPrice=13638.0, orderRef='', evRule='', evMultiplier=0.0, modelCode='', lastLiquidity=1)
INFO:ib_insync.wrapper:execDetails Execution(execId='0000e1a7.64655799.01.01', time=datetime.datetime(2023, 5, 18, 2, 36, 9, tzinfo=datetime.timezone.utc), acctNumber='DU1003749', exchange='CME', side='SLD', shares=1.0, price=13638.0, permId=1321568476, clientId=1, orderId=122, liquidation=0, cumQty=1.0, avgPrice=13638.0, orderRef='', evRule='', evMultiplier=0.0, modelCode='', lastLiquidity=1)
INFO:ib_insync.wrapper:execDetails Execution(execId='0000e1a7.6465579a.01.01', time=datetime.datetime(2023, 5, 18, 2, 36, 11, tzinfo=datetime.timezone.utc), acctNumber='DU1003749', exchange='CME', side='BOT', shares=1.0, price=13638.0, permId=1321568477, clientId=1, orderId=123, liquidation=0, cumQty=1.0, avgPrice=13638.0, orderRef='', evRule='', evMultiplier=0.0, modelCode='', lastLiquidity=1)
INFO:ib_insync.wrapper:execDetails Execution(execId='0000e1a7.6465579d.01.01', time=datetime.datetime(2023, 5, 18, 2, 36, 23, tzinfo=datetime.timezone.utc), acctNumber='DU1003749', exchange='CME', side='BOT', shares=1.0, price=13638.25, permId=1321568478, clientId=1, orderId=124, liquidation=0, cumQty=1.0, avgPrice=13638.25, orderRef='', evRule='', evMultiplier=0.0, modelCode='', lastLiquidity=1)
INFO:ib_insync.wrapper:commissionReport: CommissionReport(execId='0000e1a7.64655798.01.01', commission=2.2, currency='USD', realizedPNL=0.0, yield_=0.0, yieldRedemptionDate=0)
INFO:ib_insync.wrapper:commissionReport: CommissionReport(execId='0000e1a7.64655799.01.01', commission=2.2, currency='USD', realizedPNL=0.0, yield_=0.0, yieldRedemptionDate=0)
INFO:ib_insync.wrapper:commissionReport: CommissionReport(execId='0000e1a7.6465579a.01.01', commission=2.2, currency='USD', realizedPNL=-4.4, yield_=0.0, yieldRedemptionDate=0)
INFO:ib_insync.wrapper:commissionReport: CommissionReport(execId='0000e1a7.6465579d.01.01', commission=2.2, currency='USD', realizedPNL=-9.4, yield_=0.0, yieldRedemptionDate=0)
INFO:ib_insync.ib:Synchronization complete
INFO:ib_insync.ib:placeOrder: New order Trade(contract=Future(conId=551601533, symbol='NQ', lastTradeDateOrContractMonth='20230616', multiplier='20', exchange='CME', currency='USD', localSymbol='NQM3', tradingClass='NQ'), order=MarketOrder(orderId=129, clientId=1, action='SELL', totalQuantity=1), orderStatus=OrderStatus(orderId=129, status='PendingSubmit', filled=0.0, remaining=0.0, avgFillPrice=0.0, permId=0, parentId=0, lastFillPrice=0.0, clientId=0, whyHeld='', mktCapPrice=0.0), fills=[], log=[TradeLogEntry(time=datetime.datetime(2023, 5, 18, 3, 14, 58, 152331, tzinfo=datetime.timezone.utc), status='PendingSubmit', message='', errorCode=0)])
INFO:ib_insync.wrapper:orderStatus: Trade(contract=Future(conId=551601533, symbol='NQ', lastTradeDateOrContractMonth='20230616', multiplier='20', exchange='CME', currency='USD', localSymbol='NQM3', tradingClass='NQ'), order=MarketOrder(orderId=129, clientId=1, permId=1321568487, action='SELL', totalQuantity=1.0, lmtPrice=13647.25, auxPrice=0.0), orderStatus=OrderStatus(orderId=129, status='PreSubmitted', filled=0.0, remaining=1.0, avgFillPrice=0.0, permId=1321568487, parentId=0, lastFillPrice=0.0, clientId=1, whyHeld='', mktCapPrice=0.0), fills=[], log=[TradeLogEntry(time=datetime.datetime(2023, 5, 18, 3, 14, 58, 152331, tzinfo=datetime.timezone.utc), status='PendingSubmit', message='', errorCode=0), TradeLogEntry(time=datetime.datetime(2023, 5, 18, 3, 14, 58, 204186, tzinfo=datetime.timezone.utc), status='PreSubmitted', message='', errorCode=0)])
INFO:ib_insync.wrapper:position: Position(account='DU1003749', contract=Future(conId=551601533, symbol='NQ', lastTradeDateOrContractMonth='20230616', multiplier='20', currency='USD', localSymbol='NQM3', tradingClass='NQ'), position=-1.0, avgCost=272945.0)
INFO:ib_insync.wrapper:execDetails Execution(execId='0000e1a7.6465598c.01.01', time=datetime.datetime(2023, 5, 18, 3, 14, 58, tzinfo=datetime.timezone.utc), acctNumber='DU1003749', exchange='CME', side='SLD', shares=1.0, price=13647.25, permId=1321568487, clientId=1, orderId=129, liquidation=0, cumQty=1.0, avgPrice=13647.25, orderRef='', evRule='', evMultiplier=0.0, modelCode='', lastLiquidity=1)
INFO:ib_insync.wrapper:execDetails: Fill(contract=Future(conId=551601533, symbol='NQ', lastTradeDateOrContractMonth='20230616', multiplier='20', exchange='CME', currency='USD', localSymbol='NQM3', tradingClass='NQ'), execution=Execution(execId='0000e1a7.6465598c.01.01', time=datetime.datetime(2023, 5, 18, 3, 14, 58, tzinfo=datetime.timezone.utc), acctNumber='DU1003749', exchange='CME', side='SLD', shares=1.0, price=13647.25, permId=1321568487, clientId=1, orderId=129, liquidation=0, cumQty=1.0, avgPrice=13647.25, orderRef='', evRule='', evMultiplier=0.0, modelCode='', lastLiquidity=1), commissionReport=CommissionReport(execId='', commission=0.0, currency='', realizedPNL=0.0, yield_=0.0, yieldRedemptionDate=0), time=datetime.datetime(2023, 5, 18, 3, 14, 58, 209204, tzinfo=datetime.timezone.utc))
INFO:ib_insync.wrapper:orderStatus: Trade(contract=Future(conId=551601533, symbol='NQ', lastTradeDateOrContractMonth='20230616', multiplier='20', exchange='CME', currency='USD', localSymbol='NQM3', tradingClass='NQ'), order=MarketOrder(orderId=129, clientId=1, permId=1321568487, action='SELL', totalQuantity=1.0, lmtPrice=13647.25, auxPrice=0.0), orderStatus=OrderStatus(orderId=129, status='Filled', filled=1.0, remaining=0.0, avgFillPrice=13647.25, permId=1321568487, parentId=0, lastFillPrice=13647.25, clientId=1, whyHeld='', mktCapPrice=0.0), fills=[Fill(contract=Future(conId=551601533, symbol='NQ', lastTradeDateOrContractMonth='20230616', multiplier='20', exchange='CME', currency='USD', localSymbol='NQM3', tradingClass='NQ'), execution=Execution(execId='0000e1a7.6465598c.01.01', time=datetime.datetime(2023, 5, 18, 3, 14, 58, tzinfo=datetime.timezone.utc), acctNumber='DU1003749', exchange='CME', side='SLD', shares=1.0, price=13647.25, permId=1321568487, clientId=1, orderId=129, liquidation=0, cumQty=1.0, avgPrice=13647.25, orderRef='', evRule='', evMultiplier=0.0, modelCode='', lastLiquidity=1), commissionReport=CommissionReport(execId='', commission=0.0, currency='', realizedPNL=0.0, yield_=0.0, yieldRedemptionDate=0), time=datetime.datetime(2023, 5, 18, 3, 14, 58, 209204, tzinfo=datetime.timezone.utc))], log=[TradeLogEntry(time=datetime.datetime(2023, 5, 18, 3, 14, 58, 152331, tzinfo=datetime.timezone.utc), status='PendingSubmit', message='', errorCode=0), TradeLogEntry(time=datetime.datetime(2023, 5, 18, 3, 14, 58, 204186, tzinfo=datetime.timezone.utc), status='PreSubmitted', message='', errorCode=0), TradeLogEntry(time=datetime.datetime(2023, 5, 18, 3, 14, 58, 209204, tzinfo=datetime.timezone.utc), status='PreSubmitted', message='Fill 1.0@13647.25', errorCode=0), TradeLogEntry(time=datetime.datetime(2023, 5, 18, 3, 14, 58, 211199, tzinfo=datetime.timezone.utc), status='Filled', message='', errorCode=0)])
INFO:ib_insync.wrapper:commissionReport: CommissionReport(execId='0000e1a7.6465598c.01.01', commission=2.2, currency='USD', realizedPNL=0.0, yield_=0.0, yieldRedemptionDate=0)
INFO:ib_insync.wrapper:position: Position(account='DU1003749', contract=Future(conId=551601533, symbol='NQ', lastTradeDateOrContractMonth='20230616', multiplier='20', currency='USD', localSymbol='NQM3', tradingClass='NQ'), position=-1.0, avgCost=272942.8)
INFO:ib_insync.wrapper:updatePortfolio: PortfolioItem(contract=CFD(conId=143916318, symbol='EUR', right='0', currency='USD', localSymbol='EUR.USD', tradingClass='EUR.USD'), position=-1000.0, marketPrice=1.08447505, marketValue=-1084.48, averageCost=1.0958, unrealizedPNL=11.32, realizedPNL=0.0, account='DU1003749')
INFO:ib_insync.wrapper:updatePortfolio: PortfolioItem(contract=Future(conId=551601533, symbol='NQ', lastTradeDateOrContractMonth='20230616', right='0', multiplier='20', primaryExchange='CME', currency='USD', localSymbol='NQM3', tradingClass='NQ'), position=-1.0, marketPrice=13647.5, marketValue=-272950.0, averageCost=272942.8, unrealizedPNL=-7.2, realizedPNL=-13.8, account='DU1003749')
INFO:ib_insync.ib:placeOrder: New order Trade(contract=Future(conId=551601533, symbol='NQ', lastTradeDateOrContractMonth='20230616', multiplier='20', exchange='CME', currency='USD', localSymbol='NQM3', tradingClass='NQ'), order=MarketOrder(orderId=130, clientId=1, action='BUY', totalQuantity=1.0), orderStatus=OrderStatus(orderId=130, status='PendingSubmit', filled=0.0, remaining=0.0, avgFillPrice=0.0, permId=0, parentId=0, lastFillPrice=0.0, clientId=0, whyHeld='', mktCapPrice=0.0), fills=[], log=[TradeLogEntry(time=datetime.datetime(2023, 5, 18, 3, 15, 12, 994463, tzinfo=datetime.timezone.utc), status='PendingSubmit', message='', errorCode=0)])
INFO:ib_insync.wrapper:orderStatus: Trade(contract=Future(conId=551601533, symbol='NQ', lastTradeDateOrContractMonth='20230616', multiplier='20', exchange='CME', currency='USD', localSymbol='NQM3', tradingClass='NQ'), order=MarketOrder(orderId=130, clientId=1, permId=1321568488, action='BUY', totalQuantity=1.0, lmtPrice=13648.25, auxPrice=0.0), orderStatus=OrderStatus(orderId=130, status='PreSubmitted', filled=0.0, remaining=1.0, avgFillPrice=0.0, permId=1321568488, parentId=0, lastFillPrice=0.0, clientId=1, whyHeld='', mktCapPrice=0.0), fills=[], log=[TradeLogEntry(time=datetime.datetime(2023, 5, 18, 3, 15, 12, 994463, tzinfo=datetime.timezone.utc), status='PendingSubmit', message='', errorCode=0), TradeLogEntry(time=datetime.datetime(2023, 5, 18, 3, 15, 13, 93199, tzinfo=datetime.timezone.utc), status='PreSubmitted', message='', errorCode=0)])
INFO:ib_insync.wrapper:position: Position(account='DU1003749', contract=Future(conId=551601533, symbol='NQ', lastTradeDateOrContractMonth='20230616', multiplier='20', currency='USD', localSymbol='NQM3', tradingClass='NQ'), position=0.0, avgCost=0.0)
INFO:ib_insync.wrapper:execDetails Execution(execId='0000e1a7.64655990.01.01', time=datetime.datetime(2023, 5, 18, 3, 15, 13, tzinfo=datetime.timezone.utc), acctNumber='DU1003749', exchange='CME', side='BOT', shares=1.0, price=13648.25, permId=1321568488, clientId=1, orderId=130, liquidation=0, cumQty=1.0, avgPrice=13648.25, orderRef='', evRule='', evMultiplier=0.0, modelCode='', lastLiquidity=1)
INFO:ib_insync.wrapper:execDetails: Fill(contract=Future(conId=551601533, symbol='NQ', lastTradeDateOrContractMonth='20230616', multiplier='20', exchange='CME', currency='USD', localSymbol='NQM3', tradingClass='NQ'), execution=Execution(execId='0000e1a7.64655990.01.01', time=datetime.datetime(2023, 5, 18, 3, 15, 13, tzinfo=datetime.timezone.utc), acctNumber='DU1003749', exchange='CME', side='BOT', shares=1.0, price=13648.25, permId=1321568488, clientId=1, orderId=130, liquidation=0, cumQty=1.0, avgPrice=13648.25, orderRef='', evRule='', evMultiplier=0.0, modelCode='', lastLiquidity=1), commissionReport=CommissionReport(execId='', commission=0.0, currency='', realizedPNL=0.0, yield_=0.0, yieldRedemptionDate=0), time=datetime.datetime(2023, 5, 18, 3, 15, 13, 97188, tzinfo=datetime.timezone.utc))
INFO:ib_insync.wrapper:orderStatus: Trade(contract=Future(conId=551601533, symbol='NQ', lastTradeDateOrContractMonth='20230616', multiplier='20', exchange='CME', currency='USD', localSymbol='NQM3', tradingClass='NQ'), order=MarketOrder(orderId=130, clientId=1, permId=1321568488, action='BUY', totalQuantity=1.0, lmtPrice=13648.25, auxPrice=0.0), orderStatus=OrderStatus(orderId=130, status='Filled', filled=1.0, remaining=0.0, avgFillPrice=13648.25, permId=1321568488, parentId=0, lastFillPrice=13648.25, clientId=1, whyHeld='', mktCapPrice=0.0), fills=[Fill(contract=Future(conId=551601533, symbol='NQ', lastTradeDateOrContractMonth='20230616', multiplier='20', exchange='CME', currency='USD', localSymbol='NQM3', tradingClass='NQ'), execution=Execution(execId='0000e1a7.64655990.01.01', time=datetime.datetime(2023, 5, 18, 3, 15, 13, tzinfo=datetime.timezone.utc), acctNumber='DU1003749', exchange='CME', side='BOT', shares=1.0, price=13648.25, permId=1321568488, clientId=1, orderId=130, liquidation=0, cumQty=1.0, avgPrice=13648.25, orderRef='', evRule='', evMultiplier=0.0, modelCode='', lastLiquidity=1), commissionReport=CommissionReport(execId='', commission=0.0, currency='', realizedPNL=0.0, yield_=0.0, yieldRedemptionDate=0), time=datetime.datetime(2023, 5, 18, 3, 15, 13, 97188, tzinfo=datetime.timezone.utc))], log=[TradeLogEntry(time=datetime.datetime(2023, 5, 18, 3, 15, 12, 994463, tzinfo=datetime.timezone.utc), status='PendingSubmit', message='', errorCode=0), TradeLogEntry(time=datetime.datetime(2023, 5, 18, 3, 15, 13, 93199, tzinfo=datetime.timezone.utc), status='PreSubmitted', message='', errorCode=0), TradeLogEntry(time=datetime.datetime(2023, 5, 18, 3, 15, 13, 97188, tzinfo=datetime.timezone.utc), status='PreSubmitted', message='Fill 1.0@13648.25', errorCode=0), TradeLogEntry(time=datetime.datetime(2023, 5, 18, 3, 15, 13, 98242, tzinfo=datetime.timezone.utc), status='Filled', message='', errorCode=0)])
ERROR:ib_insync.wrapper:Error 162, reqId 128: Historical Market Data Service error message:API historical data query cancelled: 128
INFO:ib_insync.wrapper:commissionReport: CommissionReport(execId='0000e1a7.64655990.01.01', commission=2.2, currency='USD', realizedPNL=-24.4, yield_=0.0, yieldRedemptionDate=0)
INFO:ib_insync.wrapper:position: Position(account='DU1003749', contract=Future(conId=551601533, symbol='NQ', lastTradeDateOrContractMonth='20230616', multiplier='20', currency='USD', localSymbol='NQM3', tradingClass='NQ'), position=0.0, avgCost=0.0)
INFO:ib_insync.wrapper:position: Position(account='DU1003749', contract=Future(conId=551601533, symbol='NQ', lastTradeDateOrContractMonth='20230616', multiplier='20', currency='USD', localSymbol='NQM3', tradingClass='NQ'), position=0.0, avgCost=0.0)
INFO:ib_insync.wrapper:updatePortfolio: PortfolioItem(contract=Future(conId=551601533, symbol='NQ', lastTradeDateOrContractMonth='20230616', right='0', multiplier='20', primaryExchange='CME', currency='USD', localSymbol='NQM3', tradingClass='NQ'), position=0.0, marketPrice=13647.7626953, marketValue=0.0, averageCost=0.0, unrealizedPNL=0.0, realizedPNL=-38.2, account='DU1003749')
INFO:ib_insync.ib:Disconnecting from 127.0.0.1:7497, 696 B sent in 12 messages, 287 kB received in 787 messages, session time 25.7 s.
INFO:ib_insync.client:Disconnecting
INFO:ib_insync.client:Disconnected.
