INFO:root:MovingAverage called
INFO:root:SignalProcess called
INFO:ib_insync.client:Connecting to 127.0.0.1:7497 with clientId 1...
INFO:ib_insync.client:Connected
INFO:ib_insync.client:Logged on to server version 163
INFO:ib_insync.client:API connection ready
INFO:ib_insync.wrapper:Warning 2104, reqId -1: Market data farm connection is OK:uscrypto
INFO:ib_insync.wrapper:Warning 2104, reqId -1: Market data farm connection is OK:usfarm.nj
INFO:ib_insync.wrapper:Warning 2104, reqId -1: Market data farm connection is OK:cashfarm
INFO:ib_insync.wrapper:Warning 2104, reqId -1: Market data farm connection is OK:usfarm
INFO:ib_insync.wrapper:Warning 2106, reqId -1: HMDS data farm connection is OK:euhmds
INFO:ib_insync.wrapper:Warning 2106, reqId -1: HMDS data farm connection is OK:cashhmds
INFO:ib_insync.wrapper:Warning 2106, reqId -1: HMDS data farm connection is OK:fundfarm
INFO:ib_insync.wrapper:Warning 2106, reqId -1: HMDS data farm connection is OK:ushmds
INFO:ib_insync.wrapper:Warning 2158, reqId -1: Sec-def data farm connection is OK:secdefnj
INFO:ib_insync.ib:Synchronization complete
INFO:root:Signal.BUY, 1 @, 53987.125
INFO:root:Signal.SELL, 1 @, 57863.625
INFO:root:Signal.BUY, 1 @, 42200.375
INFO:root:Signal.SELL, 1 @, 43827.625
INFO:root:Signal.BUY, 1 @, 42026.375
INFO:root:Signal.SELL, 1 @, 39510.875
INFO:root:Signal.BUY, 1 @, 41816.375
INFO:root:Signal.SELL, 1 @, 38808.375
INFO:root:Signal.BUY, 1 @, 43946.125
INFO:root:Signal.SELL, 1 @, 40323.625
INFO:root:Signal.BUY, 1 @, 23192.625
INFO:root:Signal.SELL, 1 @, 21607.375
INFO:root:Signal.BUY, 1 @, 20762.375
INFO:root:Signal.SELL, 1 @, 16574.5
INFO:root:Signal.BUY, 1 @, 17417.625
INFO:root:Signal.SELL, 1 @, 16597.375
