INFO:root:MovingAverage called
INFO:root:SignalProcess called
INFO:ib_insync.client:Connecting to 127.0.0.1:7497 with clientId 1...
INFO:ib_insync.client:Connected
INFO:ib_insync.client:Logged on to server version 163
INFO:ib_insync.client:API connection ready
INFO:ib_insync.wrapper:Warning 2104, reqId -1: Market data farm connection is OK:uscrypto
INFO:ib_insync.wrapper:Warning 2104, reqId -1: Market data farm connection is OK:hfarm
INFO:ib_insync.wrapper:Warning 2104, reqId -1: Market data farm connection is OK:usfarm.nj
INFO:ib_insync.wrapper:Warning 2104, reqId -1: Market data farm connection is OK:jfarm
INFO:ib_insync.wrapper:Warning 2104, reqId -1: Market data farm connection is OK:cashfarm
INFO:ib_insync.wrapper:Warning 2104, reqId -1: Market data farm connection is OK:eufarmnj
INFO:ib_insync.wrapper:Warning 2104, reqId -1: Market data farm connection is OK:usfarm
INFO:ib_insync.wrapper:Warning 2106, reqId -1: HMDS data farm connection is OK:euhmds
INFO:ib_insync.wrapper:Warning 2106, reqId -1: HMDS data farm connection is OK:cashhmds
INFO:ib_insync.wrapper:Warning 2106, reqId -1: HMDS data farm connection is OK:fundfarm
INFO:ib_insync.wrapper:Warning 2106, reqId -1: HMDS data farm connection is OK:ushmds
INFO:ib_insync.wrapper:Warning 2158, reqId -1: Sec-def data farm connection is OK:secdefnj
INFO:ib_insync.ib:Synchronization complete
ERROR:eventkit.event:Value ([RealTimeBar(time=datetime.datetime(2022, 11, 29, 3, 55, 10, tzinfo=datetime.timezone.utc), endTime=-1, open_=16275.625, high=16275.625, low=16275.625, close=16275.625, volume=-1.0, wap=-1.0, count=-1), RealTimeBar(time=datetime.datetime(2022, 11, 29, 3, 55, 15, tzinfo=datetime.timezone.utc), endTime=-1, open_=16275.625, high=16276.125, low=16275.625, close=16276.125, volume=-1.0, wap=-1.0, count=-1), RealTimeBar(time=datetime.datetime(2022, 11, 29, 3, 55, 20, tzinfo=datetime.timezone.utc), endTime=-1, open_=16276.125, high=16279.875, low=16276.125, close=16279.625, volume=-1.0, wap=-1.0, count=-1), RealTimeBar(time=datetime.datetime(2022, 11, 29, 3, 55, 25, tzinfo=datetime.timezone.utc), endTime=-1, open_=16279.625, high=16279.625, low=16279.625, close=16279.625, volume=-1.0, wap=-1.0, count=-1), RealTimeBar(time=datetime.datetime(2022, 11, 29, 3, 55, 30, tzinfo=datetime.timezone.utc), endTime=-1, open_=16279.625, high=16279.625, low=16279.625, close=16279.625, volume=-1.0, wap=-1.0, count=-1)], True) caused exception for event Event<updateEvent, [[None, <weakref at 0x0000029096F7E680; to 'Strategy' at 0x0000029096DB2100>, <function Strategy.onBarUpdate at 0x0000029096F35310>]]>
Traceback (most recent call last):
  File "C:\Users\kushwaha\Anaconda3\lib\site-packages\eventkit\event.py", line 189, in emit
    result = func(obj, *args)
  File "<ipython-input-7-e096167c72c8>", line 47, in onBarUpdate
    self.strategy(**self.strategy_params)
  File "<ipython-input-7-e096167c72c8>", line 100, in MovingAverage
    print(self.signal['MovingAverage'])
KeyError: 'MovingAverage'
ERROR:eventkit.event:Value ([RealTimeBar(time=datetime.datetime(2022, 11, 29, 3, 55, 10, tzinfo=datetime.timezone.utc), endTime=-1, open_=16275.625, high=16275.625, low=16275.625, close=16275.625, volume=-1.0, wap=-1.0, count=-1), RealTimeBar(time=datetime.datetime(2022, 11, 29, 3, 55, 15, tzinfo=datetime.timezone.utc), endTime=-1, open_=16275.625, high=16276.125, low=16275.625, close=16276.125, volume=-1.0, wap=-1.0, count=-1), RealTimeBar(time=datetime.datetime(2022, 11, 29, 3, 55, 20, tzinfo=datetime.timezone.utc), endTime=-1, open_=16276.125, high=16279.875, low=16276.125, close=16279.625, volume=-1.0, wap=-1.0, count=-1), RealTimeBar(time=datetime.datetime(2022, 11, 29, 3, 55, 25, tzinfo=datetime.timezone.utc), endTime=-1, open_=16279.625, high=16279.625, low=16279.625, close=16279.625, volume=-1.0, wap=-1.0, count=-1), RealTimeBar(time=datetime.datetime(2022, 11, 29, 3, 55, 30, tzinfo=datetime.timezone.utc), endTime=-1, open_=16279.625, high=16279.625, low=16279.625, close=16279.625, volume=-1.0, wap=-1.0, count=-1), RealTimeBar(time=datetime.datetime(2022, 11, 29, 3, 55, 35, tzinfo=datetime.timezone.utc), endTime=-1, open_=16279.625, high=16279.625, low=16279.625, close=16279.625, volume=-1.0, wap=-1.0, count=-1)], True) caused exception for event Event<updateEvent, [[None, <weakref at 0x0000029096F7E680; to 'Strategy' at 0x0000029096DB2100>, <function Strategy.onBarUpdate at 0x0000029096F35310>]]>
Traceback (most recent call last):
  File "C:\Users\kushwaha\Anaconda3\lib\site-packages\eventkit\event.py", line 189, in emit
    result = func(obj, *args)
  File "<ipython-input-7-e096167c72c8>", line 47, in onBarUpdate
    self.strategy(**self.strategy_params)
  File "<ipython-input-7-e096167c72c8>", line 100, in MovingAverage
    print(self.signal['MovingAverage'])
KeyError: 'MovingAverage'
ERROR:eventkit.event:Value ([RealTimeBar(time=datetime.datetime(2022, 11, 29, 3, 55, 10, tzinfo=datetime.timezone.utc), endTime=-1, open_=16275.625, high=16275.625, low=16275.625, close=16275.625, volume=-1.0, wap=-1.0, count=-1), RealTimeBar(time=datetime.datetime(2022, 11, 29, 3, 55, 15, tzinfo=datetime.timezone.utc), endTime=-1, open_=16275.625, high=16276.125, low=16275.625, close=16276.125, volume=-1.0, wap=-1.0, count=-1), RealTimeBar(time=datetime.datetime(2022, 11, 29, 3, 55, 20, tzinfo=datetime.timezone.utc), endTime=-1, open_=16276.125, high=16279.875, low=16276.125, close=16279.625, volume=-1.0, wap=-1.0, count=-1), RealTimeBar(time=datetime.datetime(2022, 11, 29, 3, 55, 25, tzinfo=datetime.timezone.utc), endTime=-1, open_=16279.625, high=16279.625, low=16279.625, close=16279.625, volume=-1.0, wap=-1.0, count=-1), RealTimeBar(time=datetime.datetime(2022, 11, 29, 3, 55, 30, tzinfo=datetime.timezone.utc), endTime=-1, open_=16279.625, high=16279.625, low=16279.625, close=16279.625, volume=-1.0, wap=-1.0, count=-1), RealTimeBar(time=datetime.datetime(2022, 11, 29, 3, 55, 35, tzinfo=datetime.timezone.utc), endTime=-1, open_=16279.625, high=16279.625, low=16279.625, close=16279.625, volume=-1.0, wap=-1.0, count=-1), RealTimeBar(time=datetime.datetime(2022, 11, 29, 3, 55, 40, tzinfo=datetime.timezone.utc), endTime=-1, open_=16279.625, high=16279.625, low=16279.625, close=16279.625, volume=-1.0, wap=-1.0, count=-1)], True) caused exception for event Event<updateEvent, [[None, <weakref at 0x0000029096F7E680; to 'Strategy' at 0x0000029096DB2100>, <function Strategy.onBarUpdate at 0x0000029096F35310>]]>
Traceback (most recent call last):
  File "C:\Users\kushwaha\Anaconda3\lib\site-packages\eventkit\event.py", line 189, in emit
    result = func(obj, *args)
  File "<ipython-input-7-e096167c72c8>", line 47, in onBarUpdate
    self.strategy(**self.strategy_params)
  File "<ipython-input-7-e096167c72c8>", line 100, in MovingAverage
    print(self.signal['MovingAverage'])
KeyError: 'MovingAverage'
ERROR:eventkit.event:Value ([RealTimeBar(time=datetime.datetime(2022, 11, 29, 3, 55, 10, tzinfo=datetime.timezone.utc), endTime=-1, open_=16275.625, high=16275.625, low=16275.625, close=16275.625, volume=-1.0, wap=-1.0, count=-1), RealTimeBar(time=datetime.datetime(2022, 11, 29, 3, 55, 15, tzinfo=datetime.timezone.utc), endTime=-1, open_=16275.625, high=16276.125, low=16275.625, close=16276.125, volume=-1.0, wap=-1.0, count=-1), RealTimeBar(time=datetime.datetime(2022, 11, 29, 3, 55, 20, tzinfo=datetime.timezone.utc), endTime=-1, open_=16276.125, high=16279.875, low=16276.125, close=16279.625, volume=-1.0, wap=-1.0, count=-1), RealTimeBar(time=datetime.datetime(2022, 11, 29, 3, 55, 25, tzinfo=datetime.timezone.utc), endTime=-1, open_=16279.625, high=16279.625, low=16279.625, close=16279.625, volume=-1.0, wap=-1.0, count=-1), RealTimeBar(time=datetime.datetime(2022, 11, 29, 3, 55, 30, tzinfo=datetime.timezone.utc), endTime=-1, open_=16279.625, high=16279.625, low=16279.625, close=16279.625, volume=-1.0, wap=-1.0, count=-1), RealTimeBar(time=datetime.datetime(2022, 11, 29, 3, 55, 35, tzinfo=datetime.timezone.utc), endTime=-1, open_=16279.625, high=16279.625, low=16279.625, close=16279.625, volume=-1.0, wap=-1.0, count=-1), RealTimeBar(time=datetime.datetime(2022, 11, 29, 3, 55, 40, tzinfo=datetime.timezone.utc), endTime=-1, open_=16279.625, high=16279.625, low=16279.625, close=16279.625, volume=-1.0, wap=-1.0, count=-1), RealTimeBar(time=datetime.datetime(2022, 11, 29, 3, 55, 45, tzinfo=datetime.timezone.utc), endTime=-1, open_=16279.625, high=16279.625, low=16279.625, close=16279.625, volume=-1.0, wap=-1.0, count=-1)], True) caused exception for event Event<updateEvent, [[None, <weakref at 0x0000029096F7E680; to 'Strategy' at 0x0000029096DB2100>, <function Strategy.onBarUpdate at 0x0000029096F35310>]]>
Traceback (most recent call last):
  File "C:\Users\kushwaha\Anaconda3\lib\site-packages\eventkit\event.py", line 189, in emit
    result = func(obj, *args)
  File "<ipython-input-7-e096167c72c8>", line 47, in onBarUpdate
    self.strategy(**self.strategy_params)
  File "<ipython-input-7-e096167c72c8>", line 100, in MovingAverage
    print(self.signal['MovingAverage'])
KeyError: 'MovingAverage'
ERROR:eventkit.event:Value ([RealTimeBar(time=datetime.datetime(2022, 11, 29, 3, 55, 10, tzinfo=datetime.timezone.utc), endTime=-1, open_=16275.625, high=16275.625, low=16275.625, close=16275.625, volume=-1.0, wap=-1.0, count=-1), RealTimeBar(time=datetime.datetime(2022, 11, 29, 3, 55, 15, tzinfo=datetime.timezone.utc), endTime=-1, open_=16275.625, high=16276.125, low=16275.625, close=16276.125, volume=-1.0, wap=-1.0, count=-1), RealTimeBar(time=datetime.datetime(2022, 11, 29, 3, 55, 20, tzinfo=datetime.timezone.utc), endTime=-1, open_=16276.125, high=16279.875, low=16276.125, close=16279.625, volume=-1.0, wap=-1.0, count=-1), RealTimeBar(time=datetime.datetime(2022, 11, 29, 3, 55, 25, tzinfo=datetime.timezone.utc), endTime=-1, open_=16279.625, high=16279.625, low=16279.625, close=16279.625, volume=-1.0, wap=-1.0, count=-1), RealTimeBar(time=datetime.datetime(2022, 11, 29, 3, 55, 30, tzinfo=datetime.timezone.utc), endTime=-1, open_=16279.625, high=16279.625, low=16279.625, close=16279.625, volume=-1.0, wap=-1.0, count=-1), RealTimeBar(time=datetime.datetime(2022, 11, 29, 3, 55, 35, tzinfo=datetime.timezone.utc), endTime=-1, open_=16279.625, high=16279.625, low=16279.625, close=16279.625, volume=-1.0, wap=-1.0, count=-1), RealTimeBar(time=datetime.datetime(2022, 11, 29, 3, 55, 40, tzinfo=datetime.timezone.utc), endTime=-1, open_=16279.625, high=16279.625, low=16279.625, close=16279.625, volume=-1.0, wap=-1.0, count=-1), RealTimeBar(time=datetime.datetime(2022, 11, 29, 3, 55, 45, tzinfo=datetime.timezone.utc), endTime=-1, open_=16279.625, high=16279.625, low=16279.625, close=16279.625, volume=-1.0, wap=-1.0, count=-1), RealTimeBar(time=datetime.datetime(2022, 11, 29, 3, 55, 50, tzinfo=datetime.timezone.utc), endTime=-1, open_=16279.625, high=16279.625, low=16279.625, close=16279.625, volume=-1.0, wap=-1.0, count=-1)], True) caused exception for event Event<updateEvent, [[None, <weakref at 0x0000029096F7E680; to 'Strategy' at 0x0000029096DB2100>, <function Strategy.onBarUpdate at 0x0000029096F35310>]]>
Traceback (most recent call last):
  File "C:\Users\kushwaha\Anaconda3\lib\site-packages\eventkit\event.py", line 189, in emit
    result = func(obj, *args)
  File "<ipython-input-7-e096167c72c8>", line 47, in onBarUpdate
    self.strategy(**self.strategy_params)
  File "<ipython-input-7-e096167c72c8>", line 100, in MovingAverage
    print(self.signal['MovingAverage'])
KeyError: 'MovingAverage'
ERROR:eventkit.event:Value ([RealTimeBar(time=datetime.datetime(2022, 11, 29, 3, 55, 10, tzinfo=datetime.timezone.utc), endTime=-1, open_=16275.625, high=16275.625, low=16275.625, close=16275.625, volume=-1.0, wap=-1.0, count=-1), RealTimeBar(time=datetime.datetime(2022, 11, 29, 3, 55, 15, tzinfo=datetime.timezone.utc), endTime=-1, open_=16275.625, high=16276.125, low=16275.625, close=16276.125, volume=-1.0, wap=-1.0, count=-1), RealTimeBar(time=datetime.datetime(2022, 11, 29, 3, 55, 20, tzinfo=datetime.timezone.utc), endTime=-1, open_=16276.125, high=16279.875, low=16276.125, close=16279.625, volume=-1.0, wap=-1.0, count=-1), RealTimeBar(time=datetime.datetime(2022, 11, 29, 3, 55, 25, tzinfo=datetime.timezone.utc), endTime=-1, open_=16279.625, high=16279.625, low=16279.625, close=16279.625, volume=-1.0, wap=-1.0, count=-1), RealTimeBar(time=datetime.datetime(2022, 11, 29, 3, 55, 30, tzinfo=datetime.timezone.utc), endTime=-1, open_=16279.625, high=16279.625, low=16279.625, close=16279.625, volume=-1.0, wap=-1.0, count=-1), RealTimeBar(time=datetime.datetime(2022, 11, 29, 3, 55, 35, tzinfo=datetime.timezone.utc), endTime=-1, open_=16279.625, high=16279.625, low=16279.625, close=16279.625, volume=-1.0, wap=-1.0, count=-1), RealTimeBar(time=datetime.datetime(2022, 11, 29, 3, 55, 40, tzinfo=datetime.timezone.utc), endTime=-1, open_=16279.625, high=16279.625, low=16279.625, close=16279.625, volume=-1.0, wap=-1.0, count=-1), RealTimeBar(time=datetime.datetime(2022, 11, 29, 3, 55, 45, tzinfo=datetime.timezone.utc), endTime=-1, open_=16279.625, high=16279.625, low=16279.625, close=16279.625, volume=-1.0, wap=-1.0, count=-1), RealTimeBar(time=datetime.datetime(2022, 11, 29, 3, 55, 50, tzinfo=datetime.timezone.utc), endTime=-1, open_=16279.625, high=16279.625, low=16279.625, close=16279.625, volume=-1.0, wap=-1.0, count=-1), RealTimeBar(time=datetime.datetime(2022, 11, 29, 3, 55, 55, tzinfo=datetime.timezone.utc), endTime=-1, open_=16279.625, high=16279.625, low=16279.625, close=16279.625, volume=-1.0, wap=-1.0, count=-1)], True) caused exception for event Event<updateEvent, [[None, <weakref at 0x0000029096F7E680; to 'Strategy' at 0x0000029096DB2100>, <function Strategy.onBarUpdate at 0x0000029096F35310>]]>
Traceback (most recent call last):
  File "C:\Users\kushwaha\Anaconda3\lib\site-packages\eventkit\event.py", line 189, in emit
    result = func(obj, *args)
  File "<ipython-input-7-e096167c72c8>", line 47, in onBarUpdate
    self.strategy(**self.strategy_params)
  File "<ipython-input-7-e096167c72c8>", line 100, in MovingAverage
    print(self.signal['MovingAverage'])
KeyError: 'MovingAverage'
ERROR:eventkit.event:Value ([RealTimeBar(time=datetime.datetime(2022, 11, 29, 3, 55, 10, tzinfo=datetime.timezone.utc), endTime=-1, open_=16275.625, high=16275.625, low=16275.625, close=16275.625, volume=-1.0, wap=-1.0, count=-1), RealTimeBar(time=datetime.datetime(2022, 11, 29, 3, 55, 15, tzinfo=datetime.timezone.utc), endTime=-1, open_=16275.625, high=16276.125, low=16275.625, close=16276.125, volume=-1.0, wap=-1.0, count=-1), RealTimeBar(time=datetime.datetime(2022, 11, 29, 3, 55, 20, tzinfo=datetime.timezone.utc), endTime=-1, open_=16276.125, high=16279.875, low=16276.125, close=16279.625, volume=-1.0, wap=-1.0, count=-1), RealTimeBar(time=datetime.datetime(2022, 11, 29, 3, 55, 25, tzinfo=datetime.timezone.utc), endTime=-1, open_=16279.625, high=16279.625, low=16279.625, close=16279.625, volume=-1.0, wap=-1.0, count=-1), RealTimeBar(time=datetime.datetime(2022, 11, 29, 3, 55, 30, tzinfo=datetime.timezone.utc), endTime=-1, open_=16279.625, high=16279.625, low=16279.625, close=16279.625, volume=-1.0, wap=-1.0, count=-1), RealTimeBar(time=datetime.datetime(2022, 11, 29, 3, 55, 35, tzinfo=datetime.timezone.utc), endTime=-1, open_=16279.625, high=16279.625, low=16279.625, close=16279.625, volume=-1.0, wap=-1.0, count=-1), RealTimeBar(time=datetime.datetime(2022, 11, 29, 3, 55, 40, tzinfo=datetime.timezone.utc), endTime=-1, open_=16279.625, high=16279.625, low=16279.625, close=16279.625, volume=-1.0, wap=-1.0, count=-1), RealTimeBar(time=datetime.datetime(2022, 11, 29, 3, 55, 45, tzinfo=datetime.timezone.utc), endTime=-1, open_=16279.625, high=16279.625, low=16279.625, close=16279.625, volume=-1.0, wap=-1.0, count=-1), RealTimeBar(time=datetime.datetime(2022, 11, 29, 3, 55, 50, tzinfo=datetime.timezone.utc), endTime=-1, open_=16279.625, high=16279.625, low=16279.625, close=16279.625, volume=-1.0, wap=-1.0, count=-1), RealTimeBar(time=datetime.datetime(2022, 11, 29, 3, 55, 55, tzinfo=datetime.timezone.utc), endTime=-1, open_=16279.625, high=16279.625, low=16279.625, close=16279.625, volume=-1.0, wap=-1.0, count=-1), RealTimeBar(time=datetime.datetime(2022, 11, 29, 3, 56, tzinfo=datetime.timezone.utc), endTime=-1, open_=16279.625, high=16279.625, low=16279.625, close=16279.625, volume=-1.0, wap=-1.0, count=-1)], True) caused exception for event Event<updateEvent, [[None, <weakref at 0x0000029096F7E680; to 'Strategy' at 0x0000029096DB2100>, <function Strategy.onBarUpdate at 0x0000029096F35310>]]>
Traceback (most recent call last):
  File "C:\Users\kushwaha\Anaconda3\lib\site-packages\eventkit\event.py", line 189, in emit
    result = func(obj, *args)
  File "<ipython-input-7-e096167c72c8>", line 47, in onBarUpdate
    self.strategy(**self.strategy_params)
  File "<ipython-input-7-e096167c72c8>", line 100, in MovingAverage
    print(self.signal['MovingAverage'])
KeyError: 'MovingAverage'
ERROR:eventkit.event:Value ([RealTimeBar(time=datetime.datetime(2022, 11, 29, 3, 55, 10, tzinfo=datetime.timezone.utc), endTime=-1, open_=16275.625, high=16275.625, low=16275.625, close=16275.625, volume=-1.0, wap=-1.0, count=-1), RealTimeBar(time=datetime.datetime(2022, 11, 29, 3, 55, 15, tzinfo=datetime.timezone.utc), endTime=-1, open_=16275.625, high=16276.125, low=16275.625, close=16276.125, volume=-1.0, wap=-1.0, count=-1), RealTimeBar(time=datetime.datetime(2022, 11, 29, 3, 55, 20, tzinfo=datetime.timezone.utc), endTime=-1, open_=16276.125, high=16279.875, low=16276.125, close=16279.625, volume=-1.0, wap=-1.0, count=-1), RealTimeBar(time=datetime.datetime(2022, 11, 29, 3, 55, 25, tzinfo=datetime.timezone.utc), endTime=-1, open_=16279.625, high=16279.625, low=16279.625, close=16279.625, volume=-1.0, wap=-1.0, count=-1), RealTimeBar(time=datetime.datetime(2022, 11, 29, 3, 55, 30, tzinfo=datetime.timezone.utc), endTime=-1, open_=16279.625, high=16279.625, low=16279.625, close=16279.625, volume=-1.0, wap=-1.0, count=-1), RealTimeBar(time=datetime.datetime(2022, 11, 29, 3, 55, 35, tzinfo=datetime.timezone.utc), endTime=-1, open_=16279.625, high=16279.625, low=16279.625, close=16279.625, volume=-1.0, wap=-1.0, count=-1), RealTimeBar(time=datetime.datetime(2022, 11, 29, 3, 55, 40, tzinfo=datetime.timezone.utc), endTime=-1, open_=16279.625, high=16279.625, low=16279.625, close=16279.625, volume=-1.0, wap=-1.0, count=-1), RealTimeBar(time=datetime.datetime(2022, 11, 29, 3, 55, 45, tzinfo=datetime.timezone.utc), endTime=-1, open_=16279.625, high=16279.625, low=16279.625, close=16279.625, volume=-1.0, wap=-1.0, count=-1), RealTimeBar(time=datetime.datetime(2022, 11, 29, 3, 55, 50, tzinfo=datetime.timezone.utc), endTime=-1, open_=16279.625, high=16279.625, low=16279.625, close=16279.625, volume=-1.0, wap=-1.0, count=-1), RealTimeBar(time=datetime.datetime(2022, 11, 29, 3, 55, 55, tzinfo=datetime.timezone.utc), endTime=-1, open_=16279.625, high=16279.625, low=16279.625, close=16279.625, volume=-1.0, wap=-1.0, count=-1), RealTimeBar(time=datetime.datetime(2022, 11, 29, 3, 56, tzinfo=datetime.timezone.utc), endTime=-1, open_=16279.625, high=16279.625, low=16279.625, close=16279.625, volume=-1.0, wap=-1.0, count=-1), RealTimeBar(time=datetime.datetime(2022, 11, 29, 3, 56, 5, tzinfo=datetime.timezone.utc), endTime=-1, open_=16279.625, high=16279.625, low=16279.625, close=16279.625, volume=-1.0, wap=-1.0, count=-1)], True) caused exception for event Event<updateEvent, [[None, <weakref at 0x0000029096F7E680; to 'Strategy' at 0x0000029096DB2100>, <function Strategy.onBarUpdate at 0x0000029096F35310>]]>
Traceback (most recent call last):
  File "C:\Users\kushwaha\Anaconda3\lib\site-packages\eventkit\event.py", line 189, in emit
    result = func(obj, *args)
  File "<ipython-input-7-e096167c72c8>", line 47, in onBarUpdate
    self.strategy(**self.strategy_params)
  File "<ipython-input-7-e096167c72c8>", line 100, in MovingAverage
    print(self.signal['MovingAverage'])
KeyError: 'MovingAverage'
ERROR:eventkit.event:Value ([RealTimeBar(time=datetime.datetime(2022, 11, 29, 3, 55, 10, tzinfo=datetime.timezone.utc), endTime=-1, open_=16275.625, high=16275.625, low=16275.625, close=16275.625, volume=-1.0, wap=-1.0, count=-1), RealTimeBar(time=datetime.datetime(2022, 11, 29, 3, 55, 15, tzinfo=datetime.timezone.utc), endTime=-1, open_=16275.625, high=16276.125, low=16275.625, close=16276.125, volume=-1.0, wap=-1.0, count=-1), RealTimeBar(time=datetime.datetime(2022, 11, 29, 3, 55, 20, tzinfo=datetime.timezone.utc), endTime=-1, open_=16276.125, high=16279.875, low=16276.125, close=16279.625, volume=-1.0, wap=-1.0, count=-1), RealTimeBar(time=datetime.datetime(2022, 11, 29, 3, 55, 25, tzinfo=datetime.timezone.utc), endTime=-1, open_=16279.625, high=16279.625, low=16279.625, close=16279.625, volume=-1.0, wap=-1.0, count=-1), RealTimeBar(time=datetime.datetime(2022, 11, 29, 3, 55, 30, tzinfo=datetime.timezone.utc), endTime=-1, open_=16279.625, high=16279.625, low=16279.625, close=16279.625, volume=-1.0, wap=-1.0, count=-1), RealTimeBar(time=datetime.datetime(2022, 11, 29, 3, 55, 35, tzinfo=datetime.timezone.utc), endTime=-1, open_=16279.625, high=16279.625, low=16279.625, close=16279.625, volume=-1.0, wap=-1.0, count=-1), RealTimeBar(time=datetime.datetime(2022, 11, 29, 3, 55, 40, tzinfo=datetime.timezone.utc), endTime=-1, open_=16279.625, high=16279.625, low=16279.625, close=16279.625, volume=-1.0, wap=-1.0, count=-1), RealTimeBar(time=datetime.datetime(2022, 11, 29, 3, 55, 45, tzinfo=datetime.timezone.utc), endTime=-1, open_=16279.625, high=16279.625, low=16279.625, close=16279.625, volume=-1.0, wap=-1.0, count=-1), RealTimeBar(time=datetime.datetime(2022, 11, 29, 3, 55, 50, tzinfo=datetime.timezone.utc), endTime=-1, open_=16279.625, high=16279.625, low=16279.625, close=16279.625, volume=-1.0, wap=-1.0, count=-1), RealTimeBar(time=datetime.datetime(2022, 11, 29, 3, 55, 55, tzinfo=datetime.timezone.utc), endTime=-1, open_=16279.625, high=16279.625, low=16279.625, close=16279.625, volume=-1.0, wap=-1.0, count=-1), RealTimeBar(time=datetime.datetime(2022, 11, 29, 3, 56, tzinfo=datetime.timezone.utc), endTime=-1, open_=16279.625, high=16279.625, low=16279.625, close=16279.625, volume=-1.0, wap=-1.0, count=-1), RealTimeBar(time=datetime.datetime(2022, 11, 29, 3, 56, 5, tzinfo=datetime.timezone.utc), endTime=-1, open_=16279.625, high=16279.625, low=16279.625, close=16279.625, volume=-1.0, wap=-1.0, count=-1), RealTimeBar(time=datetime.datetime(2022, 11, 29, 3, 56, 10, tzinfo=datetime.timezone.utc), endTime=-1, open_=16279.625, high=16279.625, low=16279.625, close=16279.625, volume=-1.0, wap=-1.0, count=-1)], True) caused exception for event Event<updateEvent, [[None, <weakref at 0x0000029096F7E680; to 'Strategy' at 0x0000029096DB2100>, <function Strategy.onBarUpdate at 0x0000029096F35310>]]>
Traceback (most recent call last):
  File "C:\Users\kushwaha\Anaconda3\lib\site-packages\eventkit\event.py", line 189, in emit
    result = func(obj, *args)
  File "<ipython-input-7-e096167c72c8>", line 47, in onBarUpdate
    self.strategy(**self.strategy_params)
  File "<ipython-input-7-e096167c72c8>", line 100, in MovingAverage
    print(self.signal['MovingAverage'])
KeyError: 'MovingAverage'
ERROR:eventkit.event:Value ([RealTimeBar(time=datetime.datetime(2022, 11, 29, 3, 55, 10, tzinfo=datetime.timezone.utc), endTime=-1, open_=16275.625, high=16275.625, low=16275.625, close=16275.625, volume=-1.0, wap=-1.0, count=-1), RealTimeBar(time=datetime.datetime(2022, 11, 29, 3, 55, 15, tzinfo=datetime.timezone.utc), endTime=-1, open_=16275.625, high=16276.125, low=16275.625, close=16276.125, volume=-1.0, wap=-1.0, count=-1), RealTimeBar(time=datetime.datetime(2022, 11, 29, 3, 55, 20, tzinfo=datetime.timezone.utc), endTime=-1, open_=16276.125, high=16279.875, low=16276.125, close=16279.625, volume=-1.0, wap=-1.0, count=-1), RealTimeBar(time=datetime.datetime(2022, 11, 29, 3, 55, 25, tzinfo=datetime.timezone.utc), endTime=-1, open_=16279.625, high=16279.625, low=16279.625, close=16279.625, volume=-1.0, wap=-1.0, count=-1), RealTimeBar(time=datetime.datetime(2022, 11, 29, 3, 55, 30, tzinfo=datetime.timezone.utc), endTime=-1, open_=16279.625, high=16279.625, low=16279.625, close=16279.625, volume=-1.0, wap=-1.0, count=-1), RealTimeBar(time=datetime.datetime(2022, 11, 29, 3, 55, 35, tzinfo=datetime.timezone.utc), endTime=-1, open_=16279.625, high=16279.625, low=16279.625, close=16279.625, volume=-1.0, wap=-1.0, count=-1), RealTimeBar(time=datetime.datetime(2022, 11, 29, 3, 55, 40, tzinfo=datetime.timezone.utc), endTime=-1, open_=16279.625, high=16279.625, low=16279.625, close=16279.625, volume=-1.0, wap=-1.0, count=-1), RealTimeBar(time=datetime.datetime(2022, 11, 29, 3, 55, 45, tzinfo=datetime.timezone.utc), endTime=-1, open_=16279.625, high=16279.625, low=16279.625, close=16279.625, volume=-1.0, wap=-1.0, count=-1), RealTimeBar(time=datetime.datetime(2022, 11, 29, 3, 55, 50, tzinfo=datetime.timezone.utc), endTime=-1, open_=16279.625, high=16279.625, low=16279.625, close=16279.625, volume=-1.0, wap=-1.0, count=-1), RealTimeBar(time=datetime.datetime(2022, 11, 29, 3, 55, 55, tzinfo=datetime.timezone.utc), endTime=-1, open_=16279.625, high=16279.625, low=16279.625, close=16279.625, volume=-1.0, wap=-1.0, count=-1), RealTimeBar(time=datetime.datetime(2022, 11, 29, 3, 56, tzinfo=datetime.timezone.utc), endTime=-1, open_=16279.625, high=16279.625, low=16279.625, close=16279.625, volume=-1.0, wap=-1.0, count=-1), RealTimeBar(time=datetime.datetime(2022, 11, 29, 3, 56, 5, tzinfo=datetime.timezone.utc), endTime=-1, open_=16279.625, high=16279.625, low=16279.625, close=16279.625, volume=-1.0, wap=-1.0, count=-1), RealTimeBar(time=datetime.datetime(2022, 11, 29, 3, 56, 10, tzinfo=datetime.timezone.utc), endTime=-1, open_=16279.625, high=16279.625, low=16279.625, close=16279.625, volume=-1.0, wap=-1.0, count=-1), RealTimeBar(time=datetime.datetime(2022, 11, 29, 3, 56, 15, tzinfo=datetime.timezone.utc), endTime=-1, open_=16279.625, high=16279.625, low=16279.625, close=16279.625, volume=-1.0, wap=-1.0, count=-1)], True) caused exception for event Event<updateEvent, [[None, <weakref at 0x0000029096F7E680; to 'Strategy' at 0x0000029096DB2100>, <function Strategy.onBarUpdate at 0x0000029096F35310>]]>
Traceback (most recent call last):
  File "C:\Users\kushwaha\Anaconda3\lib\site-packages\eventkit\event.py", line 189, in emit
    result = func(obj, *args)
  File "<ipython-input-7-e096167c72c8>", line 47, in onBarUpdate
    self.strategy(**self.strategy_params)
  File "<ipython-input-7-e096167c72c8>", line 100, in MovingAverage
    print(self.signal['MovingAverage'])
KeyError: 'MovingAverage'
ERROR:eventkit.event:Value ([RealTimeBar(time=datetime.datetime(2022, 11, 29, 3, 55, 10, tzinfo=datetime.timezone.utc), endTime=-1, open_=16275.625, high=16275.625, low=16275.625, close=16275.625, volume=-1.0, wap=-1.0, count=-1), RealTimeBar(time=datetime.datetime(2022, 11, 29, 3, 55, 15, tzinfo=datetime.timezone.utc), endTime=-1, open_=16275.625, high=16276.125, low=16275.625, close=16276.125, volume=-1.0, wap=-1.0, count=-1), RealTimeBar(time=datetime.datetime(2022, 11, 29, 3, 55, 20, tzinfo=datetime.timezone.utc), endTime=-1, open_=16276.125, high=16279.875, low=16276.125, close=16279.625, volume=-1.0, wap=-1.0, count=-1), RealTimeBar(time=datetime.datetime(2022, 11, 29, 3, 55, 25, tzinfo=datetime.timezone.utc), endTime=-1, open_=16279.625, high=16279.625, low=16279.625, close=16279.625, volume=-1.0, wap=-1.0, count=-1), RealTimeBar(time=datetime.datetime(2022, 11, 29, 3, 55, 30, tzinfo=datetime.timezone.utc), endTime=-1, open_=16279.625, high=16279.625, low=16279.625, close=16279.625, volume=-1.0, wap=-1.0, count=-1), RealTimeBar(time=datetime.datetime(2022, 11, 29, 3, 55, 35, tzinfo=datetime.timezone.utc), endTime=-1, open_=16279.625, high=16279.625, low=16279.625, close=16279.625, volume=-1.0, wap=-1.0, count=-1), RealTimeBar(time=datetime.datetime(2022, 11, 29, 3, 55, 40, tzinfo=datetime.timezone.utc), endTime=-1, open_=16279.625, high=16279.625, low=16279.625, close=16279.625, volume=-1.0, wap=-1.0, count=-1), RealTimeBar(time=datetime.datetime(2022, 11, 29, 3, 55, 45, tzinfo=datetime.timezone.utc), endTime=-1, open_=16279.625, high=16279.625, low=16279.625, close=16279.625, volume=-1.0, wap=-1.0, count=-1), RealTimeBar(time=datetime.datetime(2022, 11, 29, 3, 55, 50, tzinfo=datetime.timezone.utc), endTime=-1, open_=16279.625, high=16279.625, low=16279.625, close=16279.625, volume=-1.0, wap=-1.0, count=-1), RealTimeBar(time=datetime.datetime(2022, 11, 29, 3, 55, 55, tzinfo=datetime.timezone.utc), endTime=-1, open_=16279.625, high=16279.625, low=16279.625, close=16279.625, volume=-1.0, wap=-1.0, count=-1), RealTimeBar(time=datetime.datetime(2022, 11, 29, 3, 56, tzinfo=datetime.timezone.utc), endTime=-1, open_=16279.625, high=16279.625, low=16279.625, close=16279.625, volume=-1.0, wap=-1.0, count=-1), RealTimeBar(time=datetime.datetime(2022, 11, 29, 3, 56, 5, tzinfo=datetime.timezone.utc), endTime=-1, open_=16279.625, high=16279.625, low=16279.625, close=16279.625, volume=-1.0, wap=-1.0, count=-1), RealTimeBar(time=datetime.datetime(2022, 11, 29, 3, 56, 10, tzinfo=datetime.timezone.utc), endTime=-1, open_=16279.625, high=16279.625, low=16279.625, close=16279.625, volume=-1.0, wap=-1.0, count=-1), RealTimeBar(time=datetime.datetime(2022, 11, 29, 3, 56, 15, tzinfo=datetime.timezone.utc), endTime=-1, open_=16279.625, high=16279.625, low=16279.625, close=16279.625, volume=-1.0, wap=-1.0, count=-1), RealTimeBar(time=datetime.datetime(2022, 11, 29, 3, 56, 20, tzinfo=datetime.timezone.utc), endTime=-1, open_=16279.625, high=16279.625, low=16279.625, close=16279.625, volume=-1.0, wap=-1.0, count=-1)], True) caused exception for event Event<updateEvent, [[None, <weakref at 0x0000029096F7E680; to 'Strategy' at 0x0000029096DB2100>, <function Strategy.onBarUpdate at 0x0000029096F35310>]]>
Traceback (most recent call last):
  File "C:\Users\kushwaha\Anaconda3\lib\site-packages\eventkit\event.py", line 189, in emit
    result = func(obj, *args)
  File "<ipython-input-7-e096167c72c8>", line 47, in onBarUpdate
    self.strategy(**self.strategy_params)
  File "<ipython-input-7-e096167c72c8>", line 100, in MovingAverage
    print(self.signal['MovingAverage'])
KeyError: 'MovingAverage'
INFO:ib_insync.wrapper:Warning 2108, reqId -1: Market data farm connection is inactive but should be available upon demand.hfarm
INFO:ib_insync.wrapper:Warning 2108, reqId -1: Market data farm connection is inactive but should be available upon demand.hfarm
INFO:ib_insync.wrapper:Warning 2108, reqId -1: Market data farm connection is inactive but should be available upon demand.jfarm
INFO:ib_insync.wrapper:Warning 2108, reqId -1: Market data farm connection is inactive but should be available upon demand.jfarm
INFO:ib_insync.wrapper:Warning 2108, reqId -1: Market data farm connection is inactive but should be available upon demand.eufarmnj
INFO:ib_insync.wrapper:Warning 2108, reqId -1: Market data farm connection is inactive but should be available upon demand.eufarmnj
ERROR:ib_insync.wrapper:Error 10314, reqId 4: End Date/Time: The date, time, or time-zone entered is invalid. The correct format is yyyymmdd hh:mm:ss xx/xxxx where yyyymmdd and xx/xxxx are optional. E.g.: 20031126 15:59:00 US/Eastern  Note that there is a space between the date and time, and between the time and time-zone.  If no date is specified, current date is assumed. If no time-zone is specified, local time-zone is assumed(deprecated).  You can also provide yyyymmddd-hh:mm:ss time is in UTC. Note that there is a dash between the date and time in UTC notation., contract: Crypto(symbol='BTC', exchange='PAXOS', currency='USD')
ERROR:ib_insync.wrapper:Error 10314, reqId 5: End Date/Time: The date, time, or time-zone entered is invalid. The correct format is yyyymmdd hh:mm:ss xx/xxxx where yyyymmdd and xx/xxxx are optional. E.g.: 20031126 15:59:00 US/Eastern  Note that there is a space between the date and time, and between the time and time-zone.  If no date is specified, current date is assumed. If no time-zone is specified, local time-zone is assumed(deprecated).  You can also provide yyyymmddd-hh:mm:ss time is in UTC. Note that there is a dash between the date and time in UTC notation., contract: Crypto(symbol='BTC', exchange='PAXOS', currency='USD')
ERROR:ib_insync.wrapper:Error 321, reqId 6: Error validating request.-'bS' : cause - When specifying a unit, historical data request duration format is integer{SPACE}unit (S|D|W|M|Y)., contract: Crypto(symbol='BTC', exchange='PAXOS', currency='USD')
ERROR:ib_insync.wrapper:Error 321, reqId 7: Error validating request.-'bS' : cause - When specifying a unit, historical data request duration format is integer{SPACE}unit (S|D|W|M|Y)., contract: Crypto(symbol='BTC', exchange='PAXOS', currency='USD')
