INFO:ib_insync.client:Connecting to 127.0.0.1:7497 with clientId 10...
INFO:ib_insync.client:Connected
DEBUG:ib_insync.client:<<< 163,20221102 21:43:59 EST
DEBUG:ib_insync.client:>>> 71,2,10,
INFO:ib_insync.client:Logged on to server version 163
DEBUG:ib_insync.client:<<< 15,1,DU1003749
DEBUG:ib_insync.client:<<< 9,1,1
DEBUG:ib_insync.client:<<< 4,2,-1,2104,Market data farm connection is OK:uscrypto
INFO:ib_insync.wrapper:Warning 2104, reqId -1: Market data farm connection is OK:uscrypto
INFO:ib_insync.client:API connection ready
DEBUG:ib_insync.client:>>> 61,1
DEBUG:ib_insync.client:>>> 99,0
DEBUG:ib_insync.client:>>> 6,2,1,DU1003749
DEBUG:ib_insync.client:>>> 76,1,1,DU1003749,,0
DEBUG:ib_insync.client:<<< 4,2,-1,2104,Market data farm connection is OK:usfarm.nj
INFO:ib_insync.wrapper:Warning 2104, reqId -1: Market data farm connection is OK:usfarm.nj
DEBUG:ib_insync.client:<<< 4,2,-1,2104,Market data farm connection is OK:cashfarm
INFO:ib_insync.wrapper:Warning 2104, reqId -1: Market data farm connection is OK:cashfarm
DEBUG:ib_insync.client:<<< 4,2,-1,2104,Market data farm connection is OK:usfarm
INFO:ib_insync.wrapper:Warning 2104, reqId -1: Market data farm connection is OK:usfarm
DEBUG:ib_insync.client:<<< 4,2,-1,2106,HMDS data farm connection is OK:euhmds
INFO:ib_insync.wrapper:Warning 2106, reqId -1: HMDS data farm connection is OK:euhmds
DEBUG:ib_insync.client:<<< 4,2,-1,2106,HMDS data farm connection is OK:fundfarm
INFO:ib_insync.wrapper:Warning 2106, reqId -1: HMDS data farm connection is OK:fundfarm
DEBUG:ib_insync.client:<<< 4,2,-1,2106,HMDS data farm connection is OK:ushmds
INFO:ib_insync.wrapper:Warning 2106, reqId -1: HMDS data farm connection is OK:ushmds
DEBUG:ib_insync.client:<<< 4,2,-1,2158,Sec-def data farm connection is OK:secdefnj
INFO:ib_insync.wrapper:Warning 2158, reqId -1: Sec-def data farm connection is OK:secdefnj
DEBUG:ib_insync.client:<<< 62,1
DEBUG:ib_insync.client:<<< 102
DEBUG:ib_insync.client:<<< 6,2,AccountCode,DU1003749,,DU1003749
DEBUG:ib_insync.client:<<< 6,2,AccountOrGroup,DU1003749,BASE,DU1003749
DEBUG:ib_insync.client:<<< 6,2,AccountOrGroup,DU1003749,USD,DU1003749
DEBUG:ib_insync.client:<<< 6,2,AccountReady,true,,DU1003749
DEBUG:ib_insync.client:<<< 6,2,AccountType,JOINT,,DU1003749
DEBUG:ib_insync.client:<<< 6,2,AccruedCash,2278.91,BASE,DU1003749
DEBUG:ib_insync.client:<<< 6,2,AccruedCash,2278.91,USD,DU1003749
DEBUG:ib_insync.client:<<< 6,2,AccruedCash-C,0.00,USD,DU1003749
DEBUG:ib_insync.client:<<< 6,2,AccruedCash-P,0.00,USD,DU1003749
DEBUG:ib_insync.client:<<< 6,2,AccruedCash-S,2278.91,USD,DU1003749
DEBUG:ib_insync.client:<<< 6,2,AccruedDividend,0.00,USD,DU1003749
DEBUG:ib_insync.client:<<< 6,2,AccruedDividend-C,0.00,USD,DU1003749
DEBUG:ib_insync.client:<<< 6,2,AccruedDividend-P,0.00,USD,DU1003749
DEBUG:ib_insync.client:<<< 6,2,AccruedDividend-S,0.00,USD,DU1003749
DEBUG:ib_insync.client:<<< 6,2,AvailableFunds,1038263.23,USD,DU1003749
DEBUG:ib_insync.client:<<< 6,2,AvailableFunds-C,0.00,USD,DU1003749
DEBUG:ib_insync.client:<<< 6,2,AvailableFunds-P,0.00,USD,DU1003749
DEBUG:ib_insync.client:<<< 6,2,AvailableFunds-S,1038263.23,USD,DU1003749
DEBUG:ib_insync.client:<<< 6,2,Billable,0.00,USD,DU1003749
DEBUG:ib_insync.client:<<< 6,2,Billable-C,0.00,USD,DU1003749
DEBUG:ib_insync.client:<<< 6,2,Billable-P,0.00,USD,DU1003749
DEBUG:ib_insync.client:<<< 6,2,Billable-S,0.00,USD,DU1003749
DEBUG:ib_insync.client:<<< 6,2,BuyingPower,4153052.92,USD,DU1003749
DEBUG:ib_insync.client:<<< 6,2,CashBalance,1035984.32,BASE,DU1003749
DEBUG:ib_insync.client:<<< 6,2,CashBalance,1035984.32,USD,DU1003749
DEBUG:ib_insync.client:<<< 6,2,ColumnPrio-C,2,,DU1003749
DEBUG:ib_insync.client:<<< 6,2,ColumnPrio-P,5,,DU1003749
DEBUG:ib_insync.client:<<< 6,2,ColumnPrio-S,1,,DU1003749
DEBUG:ib_insync.client:<<< 6,2,CorporateBondValue,0.00,BASE,DU1003749
DEBUG:ib_insync.client:<<< 6,2,CorporateBondValue,0.00,USD,DU1003749
DEBUG:ib_insync.client:<<< 6,2,Cryptocurrency,0.00,BASE,DU1003749
DEBUG:ib_insync.client:<<< 6,2,Cryptocurrency,0.00,USD,DU1003749
DEBUG:ib_insync.client:<<< 6,2,Currency,BASE,BASE,DU1003749
DEBUG:ib_insync.client:<<< 6,2,Currency,USD,USD,DU1003749
DEBUG:ib_insync.client:<<< 6,2,Cushion,1,,DU1003749
DEBUG:ib_insync.client:<<< 6,2,DayTradesRemaining,-1,,DU1003749
DEBUG:ib_insync.client:<<< 6,2,DayTradesRemainingT+1,-1,,DU1003749
DEBUG:ib_insync.client:<<< 6,2,DayTradesRemainingT+2,-1,,DU1003749
DEBUG:ib_insync.client:<<< 6,2,DayTradesRemainingT+3,-1,,DU1003749
DEBUG:ib_insync.client:<<< 6,2,DayTradesRemainingT+4,-1,,DU1003749
DEBUG:ib_insync.client:<<< 6,2,EquityWithLoanValue,1038263.23,USD,DU1003749
DEBUG:ib_insync.client:<<< 6,2,EquityWithLoanValue-C,0.00,USD,DU1003749
DEBUG:ib_insync.client:<<< 6,2,EquityWithLoanValue-P,0.00,USD,DU1003749
DEBUG:ib_insync.client:<<< 6,2,EquityWithLoanValue-S,1038263.23,USD,DU1003749
DEBUG:ib_insync.client:<<< 6,2,ExcessLiquidity,1038263.23,USD,DU1003749
DEBUG:ib_insync.client:<<< 6,2,ExcessLiquidity-C,0.00,USD,DU1003749
DEBUG:ib_insync.client:<<< 6,2,ExcessLiquidity-P,0.00,USD,DU1003749
DEBUG:ib_insync.client:<<< 6,2,ExcessLiquidity-S,1038263.23,USD,DU1003749
DEBUG:ib_insync.client:<<< 6,2,ExchangeRate,1.00,BASE,DU1003749
DEBUG:ib_insync.client:<<< 6,2,ExchangeRate,1.00,USD,DU1003749
DEBUG:ib_insync.client:<<< 6,2,FullAvailableFunds,1038263.23,USD,DU1003749
DEBUG:ib_insync.client:<<< 6,2,FullAvailableFunds-C,0.00,USD,DU1003749
DEBUG:ib_insync.client:<<< 6,2,FullAvailableFunds-P,0.00,USD,DU1003749
DEBUG:ib_insync.client:<<< 6,2,FullAvailableFunds-S,1038263.23,USD,DU1003749
DEBUG:ib_insync.client:<<< 6,2,FullExcessLiquidity,1038263.23,USD,DU1003749
DEBUG:ib_insync.client:<<< 6,2,FullExcessLiquidity-C,0.00,USD,DU1003749
DEBUG:ib_insync.client:<<< 6,2,FullExcessLiquidity-P,0.00,USD,DU1003749
DEBUG:ib_insync.client:<<< 6,2,FullExcessLiquidity-S,1038263.23,USD,DU1003749
DEBUG:ib_insync.client:<<< 6,2,FullInitMarginReq,0.00,USD,DU1003749
DEBUG:ib_insync.client:<<< 6,2,FullInitMarginReq-C,0.00,USD,DU1003749
DEBUG:ib_insync.client:<<< 6,2,FullInitMarginReq-P,0.00,USD,DU1003749
DEBUG:ib_insync.client:<<< 6,2,FullInitMarginReq-S,0.00,USD,DU1003749
DEBUG:ib_insync.client:<<< 6,2,FullMaintMarginReq,0.00,USD,DU1003749
DEBUG:ib_insync.client:<<< 6,2,FullMaintMarginReq-C,0.00,USD,DU1003749
DEBUG:ib_insync.client:<<< 6,2,FullMaintMarginReq-P,0.00,USD,DU1003749
DEBUG:ib_insync.client:<<< 6,2,FullMaintMarginReq-S,0.00,USD,DU1003749
DEBUG:ib_insync.client:<<< 6,2,FundValue,0.00,BASE,DU1003749
DEBUG:ib_insync.client:<<< 6,2,FundValue,0.00,USD,DU1003749
DEBUG:ib_insync.client:<<< 6,2,FutureOptionValue,0.00,BASE,DU1003749
DEBUG:ib_insync.client:<<< 6,2,FutureOptionValue,0.00,USD,DU1003749
DEBUG:ib_insync.client:<<< 6,2,FuturesPNL,0.00,BASE,DU1003749
DEBUG:ib_insync.client:<<< 6,2,FuturesPNL,0.00,USD,DU1003749
DEBUG:ib_insync.client:<<< 6,2,FxCashBalance,0.00,BASE,DU1003749
DEBUG:ib_insync.client:<<< 6,2,FxCashBalance,0.00,USD,DU1003749
DEBUG:ib_insync.client:<<< 6,2,GrossPositionValue,0.00,USD,DU1003749
DEBUG:ib_insync.client:<<< 6,2,GrossPositionValue-S,0.00,USD,DU1003749
DEBUG:ib_insync.client:<<< 6,2,Guarantee,0.00,USD,DU1003749
DEBUG:ib_insync.client:<<< 6,2,Guarantee-C,0.00,USD,DU1003749
DEBUG:ib_insync.client:<<< 6,2,Guarantee-P,0.00,USD,DU1003749
DEBUG:ib_insync.client:<<< 6,2,Guarantee-S,0.00,USD,DU1003749
DEBUG:ib_insync.client:<<< 6,2,IndianStockHaircut,0.00,USD,DU1003749
DEBUG:ib_insync.client:<<< 6,2,IndianStockHaircut-C,0.00,USD,DU1003749
DEBUG:ib_insync.client:<<< 6,2,IndianStockHaircut-P,0.00,USD,DU1003749
DEBUG:ib_insync.client:<<< 6,2,IndianStockHaircut-S,0.00,USD,DU1003749
DEBUG:ib_insync.client:<<< 6,2,InitMarginReq,0.00,USD,DU1003749
DEBUG:ib_insync.client:<<< 6,2,InitMarginReq-C,0.00,USD,DU1003749
DEBUG:ib_insync.client:<<< 6,2,InitMarginReq-P,0.00,USD,DU1003749
DEBUG:ib_insync.client:<<< 6,2,InitMarginReq-S,0.00,USD,DU1003749
DEBUG:ib_insync.client:<<< 6,2,IssuerOptionValue,0.00,BASE,DU1003749
DEBUG:ib_insync.client:<<< 6,2,IssuerOptionValue,0.00,USD,DU1003749
DEBUG:ib_insync.client:<<< 6,2,Leverage-S,0.00,,DU1003749
DEBUG:ib_insync.client:<<< 6,2,LookAheadAvailableFunds,1038263.23,USD,DU1003749
DEBUG:ib_insync.client:<<< 6,2,LookAheadAvailableFunds-C,0.00,USD,DU1003749
DEBUG:ib_insync.client:<<< 6,2,LookAheadAvailableFunds-P,0.00,USD,DU1003749
DEBUG:ib_insync.client:<<< 6,2,LookAheadAvailableFunds-S,1038263.23,USD,DU1003749
DEBUG:ib_insync.client:<<< 6,2,LookAheadExcessLiquidity,1038263.23,USD,DU1003749
DEBUG:ib_insync.client:<<< 6,2,LookAheadExcessLiquidity-C,0.00,USD,DU1003749
DEBUG:ib_insync.client:<<< 6,2,LookAheadExcessLiquidity-P,0.00,USD,DU1003749
DEBUG:ib_insync.client:<<< 6,2,LookAheadExcessLiquidity-S,1038263.23,USD,DU1003749
DEBUG:ib_insync.client:<<< 6,2,LookAheadInitMarginReq,0.00,USD,DU1003749
DEBUG:ib_insync.client:<<< 6,2,LookAheadInitMarginReq-C,0.00,USD,DU1003749
DEBUG:ib_insync.client:<<< 6,2,LookAheadInitMarginReq-P,0.00,USD,DU1003749
DEBUG:ib_insync.client:<<< 6,2,LookAheadInitMarginReq-S,0.00,USD,DU1003749
DEBUG:ib_insync.client:<<< 6,2,LookAheadMaintMarginReq,0.00,USD,DU1003749
DEBUG:ib_insync.client:<<< 6,2,LookAheadMaintMarginReq-C,0.00,USD,DU1003749
DEBUG:ib_insync.client:<<< 6,2,LookAheadMaintMarginReq-P,0.00,USD,DU1003749
DEBUG:ib_insync.client:<<< 6,2,LookAheadMaintMarginReq-S,0.00,USD,DU1003749
DEBUG:ib_insync.client:<<< 6,2,LookAheadNextChange,0,,DU1003749
DEBUG:ib_insync.client:<<< 6,2,MaintMarginReq,0.00,USD,DU1003749
DEBUG:ib_insync.client:<<< 6,2,MaintMarginReq-C,0.00,USD,DU1003749
DEBUG:ib_insync.client:<<< 6,2,MaintMarginReq-P,0.00,USD,DU1003749
DEBUG:ib_insync.client:<<< 6,2,MaintMarginReq-S,0.00,USD,DU1003749
DEBUG:ib_insync.client:<<< 6,2,MoneyMarketFundValue,0.00,BASE,DU1003749
DEBUG:ib_insync.client:<<< 6,2,MoneyMarketFundValue,0.00,USD,DU1003749
DEBUG:ib_insync.client:<<< 6,2,MutualFundValue,0.00,BASE,DU1003749
DEBUG:ib_insync.client:<<< 6,2,MutualFundValue,0.00,USD,DU1003749
DEBUG:ib_insync.client:<<< 6,2,NLVAndMarginInReview,false,,DU1003749
DEBUG:ib_insync.client:<<< 6,2,NetDividend,0.00,BASE,DU1003749
DEBUG:ib_insync.client:<<< 6,2,NetDividend,0.00,USD,DU1003749
DEBUG:ib_insync.client:<<< 6,2,NetLiquidation,1038263.23,USD,DU1003749
DEBUG:ib_insync.client:<<< 6,2,NetLiquidation-C,0.00,USD,DU1003749
DEBUG:ib_insync.client:<<< 6,2,NetLiquidation-P,0.00,USD,DU1003749
DEBUG:ib_insync.client:<<< 6,2,NetLiquidation-S,1038263.23,USD,DU1003749
DEBUG:ib_insync.client:<<< 6,2,NetLiquidationByCurrency,1038263.23,BASE,DU1003749
DEBUG:ib_insync.client:<<< 6,2,NetLiquidationByCurrency,1038263.23,USD,DU1003749
DEBUG:ib_insync.client:<<< 6,2,NetLiquidationUncertainty,0.00,USD,DU1003749
DEBUG:ib_insync.client:<<< 6,2,OptionMarketValue,0.00,BASE,DU1003749
DEBUG:ib_insync.client:<<< 6,2,OptionMarketValue,0.00,USD,DU1003749
DEBUG:ib_insync.client:<<< 6,2,PASharesValue,0.00,USD,DU1003749
DEBUG:ib_insync.client:<<< 6,2,PASharesValue-C,0.00,USD,DU1003749
DEBUG:ib_insync.client:<<< 6,2,PASharesValue-P,0.00,USD,DU1003749
DEBUG:ib_insync.client:<<< 6,2,PASharesValue-S,0.00,USD,DU1003749
DEBUG:ib_insync.client:<<< 6,2,PhysicalCertificateValue,0.00,USD,DU1003749
DEBUG:ib_insync.client:<<< 6,2,PhysicalCertificateValue-C,0.00,USD,DU1003749
DEBUG:ib_insync.client:<<< 6,2,PhysicalCertificateValue-P,0.00,USD,DU1003749
DEBUG:ib_insync.client:<<< 6,2,PhysicalCertificateValue-S,0.00,USD,DU1003749
DEBUG:ib_insync.client:<<< 6,2,PostExpirationExcess,0.00,USD,DU1003749
DEBUG:ib_insync.client:<<< 6,2,PostExpirationExcess-C,0.00,USD,DU1003749
DEBUG:ib_insync.client:<<< 6,2,PostExpirationExcess-P,0.00,USD,DU1003749
DEBUG:ib_insync.client:<<< 6,2,PostExpirationExcess-S,0.00,USD,DU1003749
DEBUG:ib_insync.client:<<< 6,2,PostExpirationMargin,0.00,USD,DU1003749
DEBUG:ib_insync.client:<<< 6,2,PostExpirationMargin-C,0.00,USD,DU1003749
DEBUG:ib_insync.client:<<< 6,2,PostExpirationMargin-P,0.00,USD,DU1003749
DEBUG:ib_insync.client:<<< 6,2,PostExpirationMargin-S,0.00,USD,DU1003749
DEBUG:ib_insync.client:<<< 6,2,PreviousDayEquityWithLoanValue,1038263.23,USD,DU1003749
DEBUG:ib_insync.client:<<< 6,2,PreviousDayEquityWithLoanValue-S,1038263.23,USD,DU1003749
DEBUG:ib_insync.client:<<< 6,2,RealCurrency,BASE,BASE,DU1003749
DEBUG:ib_insync.client:<<< 6,2,RealCurrency,USD,USD,DU1003749
DEBUG:ib_insync.client:<<< 6,2,RealizedPnL,0.00,BASE,DU1003749
DEBUG:ib_insync.client:<<< 6,2,RealizedPnL,0.00,USD,DU1003749
DEBUG:ib_insync.client:<<< 6,2,RegTEquity,1038263.23,USD,DU1003749
DEBUG:ib_insync.client:<<< 6,2,RegTEquity-S,1038263.23,USD,DU1003749
DEBUG:ib_insync.client:<<< 6,2,RegTMargin,0.00,USD,DU1003749
DEBUG:ib_insync.client:<<< 6,2,RegTMargin-S,0.00,USD,DU1003749
DEBUG:ib_insync.client:<<< 6,2,SMA,1038263.23,USD,DU1003749
DEBUG:ib_insync.client:<<< 6,2,SMA-S,1038263.23,USD,DU1003749
DEBUG:ib_insync.client:<<< 6,2,SegmentTitle-C,US Commodities,,DU1003749
DEBUG:ib_insync.client:<<< 6,2,SegmentTitle-P,Crypto at Paxos,,DU1003749
DEBUG:ib_insync.client:<<< 6,2,SegmentTitle-S,US Securities,,DU1003749
DEBUG:ib_insync.client:<<< 6,2,StockMarketValue,0.00,BASE,DU1003749
DEBUG:ib_insync.client:<<< 6,2,StockMarketValue,0.00,USD,DU1003749
DEBUG:ib_insync.client:<<< 6,2,TBillValue,0.00,BASE,DU1003749
DEBUG:ib_insync.client:<<< 6,2,TBillValue,0.00,USD,DU1003749
DEBUG:ib_insync.client:<<< 6,2,TBondValue,0.00,BASE,DU1003749
DEBUG:ib_insync.client:<<< 6,2,TBondValue,0.00,USD,DU1003749
DEBUG:ib_insync.client:<<< 6,2,TotalCashBalance,1035984.32,BASE,DU1003749
DEBUG:ib_insync.client:<<< 6,2,TotalCashBalance,1035984.32,USD,DU1003749
DEBUG:ib_insync.client:<<< 6,2,TotalCashValue,1035984.32,USD,DU1003749
DEBUG:ib_insync.client:<<< 6,2,TotalCashValue-C,0.00,USD,DU1003749
DEBUG:ib_insync.client:<<< 6,2,TotalCashValue-P,0.00,USD,DU1003749
DEBUG:ib_insync.client:<<< 6,2,TotalCashValue-S,1035984.32,USD,DU1003749
DEBUG:ib_insync.client:<<< 6,2,TotalDebitCardPendingCharges,0.00,USD,DU1003749
DEBUG:ib_insync.client:<<< 6,2,TotalDebitCardPendingCharges-C,0.00,USD,DU1003749
DEBUG:ib_insync.client:<<< 6,2,TotalDebitCardPendingCharges-P,0.00,USD,DU1003749
DEBUG:ib_insync.client:<<< 6,2,TotalDebitCardPendingCharges-S,0.00,USD,DU1003749
DEBUG:ib_insync.client:<<< 6,2,TradingType-S,STKNOPT,,DU1003749
DEBUG:ib_insync.client:<<< 6,2,UnrealizedPnL,0.00,BASE,DU1003749
DEBUG:ib_insync.client:<<< 6,2,UnrealizedPnL,0.00,USD,DU1003749
DEBUG:ib_insync.client:<<< 6,2,WarrantValue,0.00,BASE,DU1003749
DEBUG:ib_insync.client:<<< 6,2,WarrantValue,0.00,USD,DU1003749
DEBUG:ib_insync.client:<<< 6,2,WhatIfPMEnabled,true,,DU1003749
DEBUG:ib_insync.client:<<< 8,1,21:41
DEBUG:ib_insync.client:<<< 54,1,DU1003749
DEBUG:ib_insync.client:<<< 73,1,1,DU1003749,,AccountCode,DU1003749,
DEBUG:ib_insync.client:<<< 73,1,1,DU1003749,,AccountReady,true,
DEBUG:ib_insync.client:<<< 73,1,1,DU1003749,,AccountType,JOINT,
DEBUG:ib_insync.client:<<< 73,1,1,DU1003749,,AccruedCash,2278.91,USD
DEBUG:ib_insync.client:<<< 73,1,1,DU1003749,,AccruedCash-C,0.00,USD
DEBUG:ib_insync.client:<<< 73,1,1,DU1003749,,AccruedCash-P,0.00,USD
DEBUG:ib_insync.client:<<< 73,1,1,DU1003749,,AccruedCash-S,2278.91,USD
DEBUG:ib_insync.client:<<< 73,1,1,DU1003749,,AccruedDividend,0.00,USD
DEBUG:ib_insync.client:<<< 73,1,1,DU1003749,,AccruedDividend-C,0.00,USD
DEBUG:ib_insync.client:<<< 73,1,1,DU1003749,,AccruedDividend-P,0.00,USD
DEBUG:ib_insync.client:<<< 73,1,1,DU1003749,,AccruedDividend-S,0.00,USD
DEBUG:ib_insync.client:<<< 73,1,1,DU1003749,,AvailableFunds,1038263.23,USD
DEBUG:ib_insync.client:<<< 73,1,1,DU1003749,,AvailableFunds-C,0.00,USD
DEBUG:ib_insync.client:<<< 73,1,1,DU1003749,,AvailableFunds-P,0.00,USD
DEBUG:ib_insync.client:<<< 73,1,1,DU1003749,,AvailableFunds-S,1038263.23,USD
DEBUG:ib_insync.client:<<< 73,1,1,DU1003749,,Billable,0.00,USD
DEBUG:ib_insync.client:<<< 73,1,1,DU1003749,,Billable-C,0.00,USD
DEBUG:ib_insync.client:<<< 73,1,1,DU1003749,,Billable-P,0.00,USD
DEBUG:ib_insync.client:<<< 73,1,1,DU1003749,,Billable-S,0.00,USD
DEBUG:ib_insync.client:<<< 73,1,1,DU1003749,,BuyingPower,4153052.92,USD
DEBUG:ib_insync.client:<<< 73,1,1,DU1003749,,ColumnPrio-C,2,
DEBUG:ib_insync.client:<<< 73,1,1,DU1003749,,ColumnPrio-P,5,
DEBUG:ib_insync.client:<<< 73,1,1,DU1003749,,ColumnPrio-S,1,
DEBUG:ib_insync.client:<<< 73,1,1,DU1003749,,Cushion,1,
DEBUG:ib_insync.client:<<< 73,1,1,DU1003749,,DayTradesRemaining,-1,
DEBUG:ib_insync.client:<<< 73,1,1,DU1003749,,DayTradesRemainingT+1,-1,
DEBUG:ib_insync.client:<<< 73,1,1,DU1003749,,DayTradesRemainingT+2,-1,
DEBUG:ib_insync.client:<<< 73,1,1,DU1003749,,DayTradesRemainingT+3,-1,
DEBUG:ib_insync.client:<<< 73,1,1,DU1003749,,DayTradesRemainingT+4,-1,
DEBUG:ib_insync.client:<<< 73,1,1,DU1003749,,EquityWithLoanValue,1038263.23,USD
DEBUG:ib_insync.client:<<< 73,1,1,DU1003749,,EquityWithLoanValue-C,0.00,USD
DEBUG:ib_insync.client:<<< 73,1,1,DU1003749,,EquityWithLoanValue-P,0.00,USD
DEBUG:ib_insync.client:<<< 73,1,1,DU1003749,,EquityWithLoanValue-S,1038263.23,USD
DEBUG:ib_insync.client:<<< 73,1,1,DU1003749,,ExcessLiquidity,1038263.23,USD
DEBUG:ib_insync.client:<<< 73,1,1,DU1003749,,ExcessLiquidity-C,0.00,USD
DEBUG:ib_insync.client:<<< 73,1,1,DU1003749,,ExcessLiquidity-P,0.00,USD
DEBUG:ib_insync.client:<<< 73,1,1,DU1003749,,ExcessLiquidity-S,1038263.23,USD
DEBUG:ib_insync.client:<<< 73,1,1,DU1003749,,FullAvailableFunds,1038263.23,USD
DEBUG:ib_insync.client:<<< 73,1,1,DU1003749,,FullAvailableFunds-C,0.00,USD
DEBUG:ib_insync.client:<<< 73,1,1,DU1003749,,FullAvailableFunds-P,0.00,USD
DEBUG:ib_insync.client:<<< 73,1,1,DU1003749,,FullAvailableFunds-S,1038263.23,USD
DEBUG:ib_insync.client:<<< 73,1,1,DU1003749,,FullExcessLiquidity,1038263.23,USD
DEBUG:ib_insync.client:<<< 73,1,1,DU1003749,,FullExcessLiquidity-C,0.00,USD
DEBUG:ib_insync.client:<<< 73,1,1,DU1003749,,FullExcessLiquidity-P,0.00,USD
DEBUG:ib_insync.client:<<< 73,1,1,DU1003749,,FullExcessLiquidity-S,1038263.23,USD
DEBUG:ib_insync.client:<<< 73,1,1,DU1003749,,FullInitMarginReq,0.00,USD
DEBUG:ib_insync.client:<<< 73,1,1,DU1003749,,FullInitMarginReq-C,0.00,USD
DEBUG:ib_insync.client:<<< 73,1,1,DU1003749,,FullInitMarginReq-P,0.00,USD
DEBUG:ib_insync.client:<<< 73,1,1,DU1003749,,FullInitMarginReq-S,0.00,USD
DEBUG:ib_insync.client:<<< 73,1,1,DU1003749,,FullMaintMarginReq,0.00,USD
DEBUG:ib_insync.client:<<< 73,1,1,DU1003749,,FullMaintMarginReq-C,0.00,USD
DEBUG:ib_insync.client:<<< 73,1,1,DU1003749,,FullMaintMarginReq-P,0.00,USD
DEBUG:ib_insync.client:<<< 73,1,1,DU1003749,,FullMaintMarginReq-S,0.00,USD
DEBUG:ib_insync.client:<<< 73,1,1,DU1003749,,GrossPositionValue,0.00,USD
DEBUG:ib_insync.client:<<< 73,1,1,DU1003749,,GrossPositionValue-S,0.00,USD
DEBUG:ib_insync.client:<<< 73,1,1,DU1003749,,Guarantee,0.00,USD
DEBUG:ib_insync.client:<<< 73,1,1,DU1003749,,Guarantee-C,0.00,USD
DEBUG:ib_insync.client:<<< 73,1,1,DU1003749,,Guarantee-P,0.00,USD
DEBUG:ib_insync.client:<<< 73,1,1,DU1003749,,Guarantee-S,0.00,USD
DEBUG:ib_insync.client:<<< 73,1,1,DU1003749,,IndianStockHaircut,0.00,USD
DEBUG:ib_insync.client:<<< 73,1,1,DU1003749,,IndianStockHaircut-C,0.00,USD
DEBUG:ib_insync.client:<<< 73,1,1,DU1003749,,IndianStockHaircut-P,0.00,USD
DEBUG:ib_insync.client:<<< 73,1,1,DU1003749,,IndianStockHaircut-S,0.00,USD
DEBUG:ib_insync.client:<<< 73,1,1,DU1003749,,InitMarginReq,0.00,USD
DEBUG:ib_insync.client:<<< 73,1,1,DU1003749,,InitMarginReq-C,0.00,USD
DEBUG:ib_insync.client:<<< 73,1,1,DU1003749,,InitMarginReq-P,0.00,USD
DEBUG:ib_insync.client:<<< 73,1,1,DU1003749,,InitMarginReq-S,0.00,USD
DEBUG:ib_insync.client:<<< 73,1,1,DU1003749,,Leverage-S,0.00,
DEBUG:ib_insync.client:<<< 73,1,1,DU1003749,,LookAheadAvailableFunds,1038263.23,USD
DEBUG:ib_insync.client:<<< 73,1,1,DU1003749,,LookAheadAvailableFunds-C,0.00,USD
DEBUG:ib_insync.client:<<< 73,1,1,DU1003749,,LookAheadAvailableFunds-P,0.00,USD
DEBUG:ib_insync.client:<<< 73,1,1,DU1003749,,LookAheadAvailableFunds-S,1038263.23,USD
DEBUG:ib_insync.client:<<< 73,1,1,DU1003749,,LookAheadExcessLiquidity,1038263.23,USD
DEBUG:ib_insync.client:<<< 73,1,1,DU1003749,,LookAheadExcessLiquidity-C,0.00,USD
DEBUG:ib_insync.client:<<< 73,1,1,DU1003749,,LookAheadExcessLiquidity-P,0.00,USD
DEBUG:ib_insync.client:<<< 73,1,1,DU1003749,,LookAheadExcessLiquidity-S,1038263.23,USD
DEBUG:ib_insync.client:<<< 73,1,1,DU1003749,,LookAheadInitMarginReq,0.00,USD
DEBUG:ib_insync.client:<<< 73,1,1,DU1003749,,LookAheadInitMarginReq-C,0.00,USD
DEBUG:ib_insync.client:<<< 73,1,1,DU1003749,,LookAheadInitMarginReq-P,0.00,USD
DEBUG:ib_insync.client:<<< 73,1,1,DU1003749,,LookAheadInitMarginReq-S,0.00,USD
DEBUG:ib_insync.client:<<< 73,1,1,DU1003749,,LookAheadMaintMarginReq,0.00,USD
DEBUG:ib_insync.client:<<< 73,1,1,DU1003749,,LookAheadMaintMarginReq-C,0.00,USD
DEBUG:ib_insync.client:<<< 73,1,1,DU1003749,,LookAheadMaintMarginReq-P,0.00,USD
DEBUG:ib_insync.client:<<< 73,1,1,DU1003749,,LookAheadMaintMarginReq-S,0.00,USD
DEBUG:ib_insync.client:<<< 73,1,1,DU1003749,,LookAheadNextChange,0,
DEBUG:ib_insync.client:<<< 73,1,1,DU1003749,,MaintMarginReq,0.00,USD
DEBUG:ib_insync.client:<<< 73,1,1,DU1003749,,MaintMarginReq-C,0.00,USD
DEBUG:ib_insync.client:<<< 73,1,1,DU1003749,,MaintMarginReq-P,0.00,USD
DEBUG:ib_insync.client:<<< 73,1,1,DU1003749,,MaintMarginReq-S,0.00,USD
DEBUG:ib_insync.client:<<< 73,1,1,DU1003749,,NLVAndMarginInReview,false,
DEBUG:ib_insync.client:<<< 73,1,1,DU1003749,,NetLiquidation,1038263.23,USD
DEBUG:ib_insync.client:<<< 73,1,1,DU1003749,,NetLiquidation-C,0.00,USD
DEBUG:ib_insync.client:<<< 73,1,1,DU1003749,,NetLiquidation-P,0.00,USD
DEBUG:ib_insync.client:<<< 73,1,1,DU1003749,,NetLiquidation-S,1038263.23,USD
DEBUG:ib_insync.client:<<< 73,1,1,DU1003749,,NetLiquidationUncertainty,0.00,USD
DEBUG:ib_insync.client:<<< 73,1,1,DU1003749,,PASharesValue,0.00,USD
DEBUG:ib_insync.client:<<< 73,1,1,DU1003749,,PASharesValue-C,0.00,USD
DEBUG:ib_insync.client:<<< 73,1,1,DU1003749,,PASharesValue-P,0.00,USD
DEBUG:ib_insync.client:<<< 73,1,1,DU1003749,,PASharesValue-S,0.00,USD
DEBUG:ib_insync.client:<<< 73,1,1,DU1003749,,PhysicalCertificateValue,0.00,USD
DEBUG:ib_insync.client:<<< 73,1,1,DU1003749,,PhysicalCertificateValue-C,0.00,USD
DEBUG:ib_insync.client:<<< 73,1,1,DU1003749,,PhysicalCertificateValue-P,0.00,USD
DEBUG:ib_insync.client:<<< 73,1,1,DU1003749,,PhysicalCertificateValue-S,0.00,USD
DEBUG:ib_insync.client:<<< 73,1,1,DU1003749,,PostExpirationExcess,0.00,USD
DEBUG:ib_insync.client:<<< 73,1,1,DU1003749,,PostExpirationExcess-C,0.00,USD
DEBUG:ib_insync.client:<<< 73,1,1,DU1003749,,PostExpirationExcess-P,0.00,USD
DEBUG:ib_insync.client:<<< 73,1,1,DU1003749,,PostExpirationExcess-S,0.00,USD
DEBUG:ib_insync.client:<<< 73,1,1,DU1003749,,PostExpirationMargin,0.00,USD
DEBUG:ib_insync.client:<<< 73,1,1,DU1003749,,PostExpirationMargin-C,0.00,USD
DEBUG:ib_insync.client:<<< 73,1,1,DU1003749,,PostExpirationMargin-P,0.00,USD
DEBUG:ib_insync.client:<<< 73,1,1,DU1003749,,PostExpirationMargin-S,0.00,USD
DEBUG:ib_insync.client:<<< 73,1,1,DU1003749,,PreviousDayEquityWithLoanValue,1038263.23,USD
DEBUG:ib_insync.client:<<< 73,1,1,DU1003749,,PreviousDayEquityWithLoanValue-S,1038263.23,USD
DEBUG:ib_insync.client:<<< 73,1,1,DU1003749,,RegTEquity,1038263.23,USD
DEBUG:ib_insync.client:<<< 73,1,1,DU1003749,,RegTEquity-S,1038263.23,USD
DEBUG:ib_insync.client:<<< 73,1,1,DU1003749,,RegTMargin,0.00,USD
DEBUG:ib_insync.client:<<< 73,1,1,DU1003749,,RegTMargin-S,0.00,USD
DEBUG:ib_insync.client:<<< 73,1,1,DU1003749,,SMA,1038263.23,USD
DEBUG:ib_insync.client:<<< 73,1,1,DU1003749,,SMA-S,1038263.23,USD
DEBUG:ib_insync.client:<<< 73,1,1,DU1003749,,SegmentTitle-C,US Commodities,
DEBUG:ib_insync.client:<<< 73,1,1,DU1003749,,SegmentTitle-P,Crypto at Paxos,
DEBUG:ib_insync.client:<<< 73,1,1,DU1003749,,SegmentTitle-S,US Securities,
DEBUG:ib_insync.client:<<< 73,1,1,DU1003749,,TotalCashValue,1035984.32,USD
DEBUG:ib_insync.client:<<< 73,1,1,DU1003749,,TotalCashValue-C,0.00,USD
DEBUG:ib_insync.client:<<< 73,1,1,DU1003749,,TotalCashValue-P,0.00,USD
DEBUG:ib_insync.client:<<< 73,1,1,DU1003749,,TotalCashValue-S,1035984.32,USD
DEBUG:ib_insync.client:<<< 73,1,1,DU1003749,,TotalDebitCardPendingCharges,0.00,USD
DEBUG:ib_insync.client:<<< 73,1,1,DU1003749,,TotalDebitCardPendingCharges-C,0.00,USD
DEBUG:ib_insync.client:<<< 73,1,1,DU1003749,,TotalDebitCardPendingCharges-P,0.00,USD
DEBUG:ib_insync.client:<<< 73,1,1,DU1003749,,TotalDebitCardPendingCharges-S,0.00,USD
DEBUG:ib_insync.client:<<< 73,1,1,DU1003749,,TradingType-S,STKNOPT,
DEBUG:ib_insync.client:<<< 73,1,1,DU1003749,,WhatIfPMEnabled,true,
DEBUG:ib_insync.client:<<< 73,1,1,DU1003749,,Currency,USD,USD
DEBUG:ib_insync.client:<<< 73,1,1,DU1003749,,CashBalance,1035984.32,USD
DEBUG:ib_insync.client:<<< 73,1,1,DU1003749,,TotalCashBalance,1035984.32,USD
DEBUG:ib_insync.client:<<< 73,1,1,DU1003749,,AccruedCash,2278.91,USD
DEBUG:ib_insync.client:<<< 73,1,1,DU1003749,,StockMarketValue,0.00,USD
DEBUG:ib_insync.client:<<< 73,1,1,DU1003749,,OptionMarketValue,0.00,USD
DEBUG:ib_insync.client:<<< 73,1,1,DU1003749,,FutureOptionValue,0.00,USD
DEBUG:ib_insync.client:<<< 73,1,1,DU1003749,,FuturesPNL,0.00,USD
DEBUG:ib_insync.client:<<< 73,1,1,DU1003749,,NetLiquidationByCurrency,1038263.23,USD
DEBUG:ib_insync.client:<<< 73,1,1,DU1003749,,UnrealizedPnL,0.00,USD
DEBUG:ib_insync.client:<<< 73,1,1,DU1003749,,RealizedPnL,0.00,USD
DEBUG:ib_insync.client:<<< 73,1,1,DU1003749,,ExchangeRate,1.00,USD
DEBUG:ib_insync.client:<<< 73,1,1,DU1003749,,FundValue,0.00,USD
DEBUG:ib_insync.client:<<< 73,1,1,DU1003749,,NetDividend,0.00,USD
DEBUG:ib_insync.client:<<< 73,1,1,DU1003749,,MutualFundValue,0.00,USD
DEBUG:ib_insync.client:<<< 73,1,1,DU1003749,,MoneyMarketFundValue,0.00,USD
DEBUG:ib_insync.client:<<< 73,1,1,DU1003749,,CorporateBondValue,0.00,USD
DEBUG:ib_insync.client:<<< 73,1,1,DU1003749,,TBondValue,0.00,USD
DEBUG:ib_insync.client:<<< 73,1,1,DU1003749,,TBillValue,0.00,USD
DEBUG:ib_insync.client:<<< 73,1,1,DU1003749,,WarrantValue,0.00,USD
DEBUG:ib_insync.client:<<< 73,1,1,DU1003749,,FxCashBalance,0.00,USD
DEBUG:ib_insync.client:<<< 73,1,1,DU1003749,,AccountOrGroup,DU1003749,USD
DEBUG:ib_insync.client:<<< 73,1,1,DU1003749,,RealCurrency,USD,USD
DEBUG:ib_insync.client:<<< 73,1,1,DU1003749,,IssuerOptionValue,0.00,USD
DEBUG:ib_insync.client:<<< 73,1,1,DU1003749,,Cryptocurrency,0.00,USD
DEBUG:ib_insync.client:<<< 73,1,1,DU1003749,,Currency,BASE,BASE
DEBUG:ib_insync.client:<<< 73,1,1,DU1003749,,CashBalance,1035984.32,BASE
DEBUG:ib_insync.client:<<< 73,1,1,DU1003749,,TotalCashBalance,1035984.32,BASE
DEBUG:ib_insync.client:<<< 73,1,1,DU1003749,,AccruedCash,2278.91,BASE
DEBUG:ib_insync.client:<<< 73,1,1,DU1003749,,StockMarketValue,0.00,BASE
DEBUG:ib_insync.client:<<< 73,1,1,DU1003749,,OptionMarketValue,0.00,BASE
DEBUG:ib_insync.client:<<< 73,1,1,DU1003749,,FutureOptionValue,0.00,BASE
DEBUG:ib_insync.client:<<< 73,1,1,DU1003749,,FuturesPNL,0.00,BASE
DEBUG:ib_insync.client:<<< 73,1,1,DU1003749,,NetLiquidationByCurrency,1038263.23,BASE
DEBUG:ib_insync.client:<<< 73,1,1,DU1003749,,UnrealizedPnL,0.00,BASE
DEBUG:ib_insync.client:<<< 73,1,1,DU1003749,,RealizedPnL,0.00,BASE
DEBUG:ib_insync.client:<<< 73,1,1,DU1003749,,ExchangeRate,1.00,BASE
DEBUG:ib_insync.client:<<< 73,1,1,DU1003749,,FundValue,0.00,BASE
DEBUG:ib_insync.client:<<< 73,1,1,DU1003749,,NetDividend,0.00,BASE
DEBUG:ib_insync.client:<<< 73,1,1,DU1003749,,MutualFundValue,0.00,BASE
DEBUG:ib_insync.client:<<< 73,1,1,DU1003749,,MoneyMarketFundValue,0.00,BASE
DEBUG:ib_insync.client:<<< 73,1,1,DU1003749,,CorporateBondValue,0.00,BASE
DEBUG:ib_insync.client:<<< 73,1,1,DU1003749,,TBondValue,0.00,BASE
DEBUG:ib_insync.client:<<< 73,1,1,DU1003749,,TBillValue,0.00,BASE
DEBUG:ib_insync.client:<<< 73,1,1,DU1003749,,WarrantValue,0.00,BASE
DEBUG:ib_insync.client:<<< 73,1,1,DU1003749,,FxCashBalance,0.00,BASE
DEBUG:ib_insync.client:<<< 73,1,1,DU1003749,,AccountOrGroup,DU1003749,BASE
DEBUG:ib_insync.client:<<< 73,1,1,DU1003749,,RealCurrency,USD,BASE
DEBUG:ib_insync.client:<<< 73,1,1,DU1003749,,IssuerOptionValue,0.00,BASE
DEBUG:ib_insync.client:<<< 73,1,1,DU1003749,,Cryptocurrency,0.00,BASE
DEBUG:ib_insync.client:<<< 74,1,1
DEBUG:ib_insync.client:>>> 7,3,2,0,,,,,,
DEBUG:ib_insync.client:<<< 55,1,2
INFO:ib_insync.ib:Synchronization complete
DEBUG:ib_insync.client:>>> 50,3,3,0,BTC,CRYPTO,,0.0,,,PAXOS,,USD,,,5,MIDPOINT,0,
DEBUG:ib_insync.client:<<< 50,3,3,1667439830,20280.375,20280.375,20280.375,20280.375,-1,-1,-1
INFO:root:MA called
DEBUG:ib_insync.client:<<< 50,3,3,1667439835,20280.375,20280.375,20280.375,20280.375,-1,-1,-1
INFO:root:MA called
DEBUG:ib_insync.client:<<< 50,3,3,1667439840,20280.375,20280.375,20280.375,20280.375,-1,-1,-1
INFO:root:MA called
DEBUG:ib_insync.client:<<< 50,3,3,1667439845,20280.375,20280.375,20280.375,20280.375,-1,-1,-1
INFO:root:MA called
DEBUG:ib_insync.client:<<< 50,3,3,1667439850,20280.375,20280.375,20280.375,20280.375,-1,-1,-1
INFO:root:MA called
DEBUG:ib_insync.client:>>> 51,1,3
DEBUG:ib_insync.client:<<< 8,1,21:44
DEBUG:ib_insync.client:<<< 8,1,21:44
DEBUG:ib_insync.client:<<< 8,1,21:44
DEBUG:ib_insync.client:<<< 73,1,6,DU1003749,,NetLiquidation,1038263.23,USD
DEBUG:ib_insync.client:<<< 8,1,21:44
DEBUG:ib_insync.client:<<< 8,1,21:44
DEBUG:ib_insync.client:<<< 8,1,21:44
DEBUG:ib_insync.client:<<< 73,1,1,DU1003749,,NetLiquidation,1038263.23,USD
DEBUG:ib_insync.client:<<< 8,1,21:44
DEBUG:ib_insync.client:<<< 8,1,21:44
DEBUG:ib_insync.client:<<< 8,1,21:44
DEBUG:ib_insync.client:<<< 73,1,4,DU1003749,,NetLiquidation,1038263.23,USD
DEBUG:ib_insync.client:<<< 8,1,21:44
DEBUG:ib_insync.client:<<< 8,1,21:44
DEBUG:ib_insync.client:<<< 8,1,21:44
DEBUG:ib_insync.client:<<< 73,1,12,DU1003749,,NetLiquidation,1038263.23,USD
DEBUG:ib_insync.client:<<< 8,1,21:44
DEBUG:ib_insync.client:<<< 8,1,21:44
DEBUG:ib_insync.client:<<< 73,1,5,DU1003749,,NetLiquidation,1038263.23,USD
DEBUG:ib_insync.client:<<< 8,1,21:44
DEBUG:ib_insync.client:<<< 8,1,21:44
DEBUG:ib_insync.client:<<< 8,1,21:44
DEBUG:ib_insync.client:<<< 73,1,1,DU1003749,,NetLiquidation,1038263.23,USD
DEBUG:ib_insync.client:<<< 8,1,21:44
DEBUG:ib_insync.client:<<< 8,1,21:44
DEBUG:ib_insync.client:<<< 8,1,21:44
DEBUG:ib_insync.client:<<< 73,1,4,DU1003749,,NetLiquidation,1038263.23,USD
DEBUG:ib_insync.client:<<< 8,1,21:44
DEBUG:ib_insync.client:<<< 8,1,21:47
DEBUG:ib_insync.client:<<< 8,1,21:47
DEBUG:ib_insync.client:<<< 8,1,21:47
DEBUG:ib_insync.client:<<< 73,1,6,DU1003749,,NetLiquidation,1038263.23,USD
DEBUG:ib_insync.client:<<< 8,1,21:47
DEBUG:ib_insync.client:<<< 8,1,21:47
DEBUG:ib_insync.client:<<< 8,1,21:47
DEBUG:ib_insync.client:<<< 73,1,1,DU1003749,,NetLiquidation,1038263.23,USD
DEBUG:ib_insync.client:<<< 8,1,21:47
DEBUG:ib_insync.client:<<< 8,1,21:47
DEBUG:ib_insync.client:<<< 8,1,21:47
DEBUG:ib_insync.client:<<< 73,1,4,DU1003749,,NetLiquidation,1038263.23,USD
DEBUG:ib_insync.client:<<< 8,1,21:47
DEBUG:ib_insync.client:<<< 8,1,21:47
DEBUG:ib_insync.client:<<< 8,1,21:47
DEBUG:ib_insync.client:<<< 73,1,12,DU1003749,,NetLiquidation,1038263.23,USD
DEBUG:ib_insync.client:<<< 8,1,21:47
DEBUG:ib_insync.client:<<< 8,1,21:47
DEBUG:ib_insync.client:<<< 8,1,21:47
DEBUG:ib_insync.client:<<< 73,1,5,DU1003749,,NetLiquidation,1038263.23,USD
DEBUG:ib_insync.client:<<< 8,1,21:47
DEBUG:ib_insync.client:<<< 8,1,21:47
DEBUG:ib_insync.client:<<< 73,1,1,DU1003749,,NetLiquidation,1038263.23,USD
DEBUG:ib_insync.client:<<< 8,1,21:47
DEBUG:ib_insync.client:<<< 8,1,21:47
DEBUG:ib_insync.client:<<< 8,1,21:47
DEBUG:ib_insync.client:<<< 73,1,4,DU1003749,,NetLiquidation,1038263.23,USD
DEBUG:ib_insync.client:<<< 8,1,21:47
DEBUG:ib_insync.client:<<< 8,1,21:50
DEBUG:ib_insync.client:<<< 8,1,21:50
DEBUG:ib_insync.client:<<< 8,1,21:50
DEBUG:ib_insync.client:<<< 73,1,6,DU1003749,,NetLiquidation,1038263.23,USD
DEBUG:ib_insync.client:<<< 8,1,21:50
DEBUG:ib_insync.client:<<< 8,1,21:50
DEBUG:ib_insync.client:<<< 8,1,21:50
DEBUG:ib_insync.client:<<< 73,1,1,DU1003749,,NetLiquidation,1038263.23,USD
DEBUG:ib_insync.client:<<< 8,1,21:50
DEBUG:ib_insync.client:<<< 8,1,21:50
DEBUG:ib_insync.client:<<< 8,1,21:50
DEBUG:ib_insync.client:<<< 73,1,4,DU1003749,,NetLiquidation,1038263.23,USD
DEBUG:ib_insync.client:<<< 8,1,21:50
DEBUG:ib_insync.client:<<< 8,1,21:50
DEBUG:ib_insync.client:<<< 73,1,12,DU1003749,,NetLiquidation,1038263.23,USD
DEBUG:ib_insync.client:<<< 8,1,21:50
DEBUG:ib_insync.client:<<< 8,1,21:50
DEBUG:ib_insync.client:<<< 8,1,21:50
DEBUG:ib_insync.client:<<< 73,1,5,DU1003749,,NetLiquidation,1038263.23,USD
DEBUG:ib_insync.client:<<< 8,1,21:50
DEBUG:ib_insync.client:<<< 8,1,21:50
DEBUG:ib_insync.client:<<< 8,1,21:50
DEBUG:ib_insync.client:<<< 73,1,1,DU1003749,,NetLiquidation,1038263.23,USD
DEBUG:ib_insync.client:<<< 8,1,21:50
DEBUG:ib_insync.client:<<< 8,1,21:50
DEBUG:ib_insync.client:<<< 8,1,21:50
DEBUG:ib_insync.client:<<< 73,1,4,DU1003749,,NetLiquidation,1038263.23,USD
DEBUG:ib_insync.client:<<< 8,1,21:50
DEBUG:ib_insync.client:<<< 8,1,21:53
DEBUG:ib_insync.client:<<< 8,1,21:53
DEBUG:ib_insync.client:<<< 8,1,21:53
DEBUG:ib_insync.client:<<< 73,1,6,DU1003749,,NetLiquidation,1038263.23,USD
DEBUG:ib_insync.client:<<< 8,1,21:53
DEBUG:ib_insync.client:<<< 8,1,21:53
DEBUG:ib_insync.client:<<< 8,1,21:53
DEBUG:ib_insync.client:<<< 73,1,1,DU1003749,,NetLiquidation,1038263.23,USD
DEBUG:ib_insync.client:<<< 8,1,21:53
DEBUG:ib_insync.client:<<< 8,1,21:53
DEBUG:ib_insync.client:<<< 8,1,21:53
DEBUG:ib_insync.client:<<< 73,1,4,DU1003749,,NetLiquidation,1038263.23,USD
DEBUG:ib_insync.client:<<< 8,1,21:53
DEBUG:ib_insync.client:<<< 8,1,21:53
DEBUG:ib_insync.client:<<< 8,1,21:53
DEBUG:ib_insync.client:<<< 73,1,12,DU1003749,,NetLiquidation,1038263.23,USD
DEBUG:ib_insync.client:<<< 8,1,21:53
DEBUG:ib_insync.client:<<< 8,1,21:53
DEBUG:ib_insync.client:<<< 8,1,21:53
DEBUG:ib_insync.client:<<< 73,1,5,DU1003749,,NetLiquidation,1038263.23,USD
DEBUG:ib_insync.client:<<< 8,1,21:53
DEBUG:ib_insync.client:<<< 8,1,21:53
DEBUG:ib_insync.client:<<< 73,1,1,DU1003749,,NetLiquidation,1038263.23,USD
DEBUG:ib_insync.client:<<< 8,1,21:53
DEBUG:ib_insync.client:<<< 8,1,21:53
DEBUG:ib_insync.client:<<< 8,1,21:53
DEBUG:ib_insync.client:<<< 73,1,4,DU1003749,,NetLiquidation,1038263.23,USD
DEBUG:ib_insync.client:<<< 8,1,21:53
INFO:ib_insync.ib:Disconnecting from 127.0.0.1:7497, 178 B sent in 9 messages, 19.0 kB received in 413 messages, session time 1.41 ks.
INFO:ib_insync.client:Disconnecting
INFO:root:MovingAverage called
INFO:ib_insync.client:Connecting to 127.0.0.1:7497 with clientId 11...
INFO:ib_insync.client:Connected
DEBUG:ib_insync.client:<<< 163,20221102 21:56:27 EST
DEBUG:ib_insync.client:>>> 71,2,11,
INFO:ib_insync.client:Logged on to server version 163
DEBUG:ib_insync.client:<<< 15,1,DU1003749
DEBUG:ib_insync.client:<<< 9,1,1
DEBUG:ib_insync.client:<<< 4,2,-1,2104,Market data farm connection is OK:uscrypto
INFO:ib_insync.wrapper:Warning 2104, reqId -1: Market data farm connection is OK:uscrypto
INFO:ib_insync.client:API connection ready
DEBUG:ib_insync.client:>>> 61,1
DEBUG:ib_insync.client:>>> 99,0
DEBUG:ib_insync.client:>>> 6,2,1,DU1003749
DEBUG:ib_insync.client:>>> 76,1,1,DU1003749,,0
DEBUG:ib_insync.client:<<< 4,2,-1,2104,Market data farm connection is OK:usfarm.nj
INFO:ib_insync.wrapper:Warning 2104, reqId -1: Market data farm connection is OK:usfarm.nj
DEBUG:ib_insync.client:<<< 4,2,-1,2104,Market data farm connection is OK:cashfarm
INFO:ib_insync.wrapper:Warning 2104, reqId -1: Market data farm connection is OK:cashfarm
DEBUG:ib_insync.client:<<< 4,2,-1,2104,Market data farm connection is OK:usfarm
INFO:ib_insync.wrapper:Warning 2104, reqId -1: Market data farm connection is OK:usfarm
DEBUG:ib_insync.client:<<< 4,2,-1,2106,HMDS data farm connection is OK:euhmds
INFO:ib_insync.wrapper:Warning 2106, reqId -1: HMDS data farm connection is OK:euhmds
DEBUG:ib_insync.client:<<< 4,2,-1,2106,HMDS data farm connection is OK:fundfarm
INFO:ib_insync.wrapper:Warning 2106, reqId -1: HMDS data farm connection is OK:fundfarm
DEBUG:ib_insync.client:<<< 4,2,-1,2106,HMDS data farm connection is OK:ushmds
INFO:ib_insync.wrapper:Warning 2106, reqId -1: HMDS data farm connection is OK:ushmds
DEBUG:ib_insync.client:<<< 4,2,-1,2158,Sec-def data farm connection is OK:secdefnj
INFO:ib_insync.wrapper:Warning 2158, reqId -1: Sec-def data farm connection is OK:secdefnj
DEBUG:ib_insync.client:<<< 62,1
DEBUG:ib_insync.client:<<< 102
DEBUG:ib_insync.client:<<< 6,2,AccountCode,DU1003749,,DU1003749
DEBUG:ib_insync.client:<<< 6,2,AccountOrGroup,DU1003749,BASE,DU1003749
DEBUG:ib_insync.client:<<< 6,2,AccountOrGroup,DU1003749,USD,DU1003749
DEBUG:ib_insync.client:<<< 6,2,AccountReady,true,,DU1003749
DEBUG:ib_insync.client:<<< 6,2,AccountType,JOINT,,DU1003749
DEBUG:ib_insync.client:<<< 6,2,AccruedCash,2278.91,BASE,DU1003749
DEBUG:ib_insync.client:<<< 6,2,AccruedCash,2278.91,USD,DU1003749
DEBUG:ib_insync.client:<<< 6,2,AccruedCash-C,0.00,USD,DU1003749
DEBUG:ib_insync.client:<<< 6,2,AccruedCash-P,0.00,USD,DU1003749
DEBUG:ib_insync.client:<<< 6,2,AccruedCash-S,2278.91,USD,DU1003749
DEBUG:ib_insync.client:<<< 6,2,AccruedDividend,0.00,USD,DU1003749
DEBUG:ib_insync.client:<<< 6,2,AccruedDividend-C,0.00,USD,DU1003749
DEBUG:ib_insync.client:<<< 6,2,AccruedDividend-P,0.00,USD,DU1003749
DEBUG:ib_insync.client:<<< 6,2,AccruedDividend-S,0.00,USD,DU1003749
DEBUG:ib_insync.client:<<< 6,2,AvailableFunds,1038263.23,USD,DU1003749
DEBUG:ib_insync.client:<<< 6,2,AvailableFunds-C,0.00,USD,DU1003749
DEBUG:ib_insync.client:<<< 6,2,AvailableFunds-P,0.00,USD,DU1003749
DEBUG:ib_insync.client:<<< 6,2,AvailableFunds-S,1038263.23,USD,DU1003749
DEBUG:ib_insync.client:<<< 6,2,Billable,0.00,USD,DU1003749
DEBUG:ib_insync.client:<<< 6,2,Billable-C,0.00,USD,DU1003749
DEBUG:ib_insync.client:<<< 6,2,Billable-P,0.00,USD,DU1003749
DEBUG:ib_insync.client:<<< 6,2,Billable-S,0.00,USD,DU1003749
DEBUG:ib_insync.client:<<< 6,2,BuyingPower,4153052.92,USD,DU1003749
DEBUG:ib_insync.client:<<< 6,2,CashBalance,1035984.32,BASE,DU1003749
DEBUG:ib_insync.client:<<< 6,2,CashBalance,1035984.32,USD,DU1003749
DEBUG:ib_insync.client:<<< 6,2,ColumnPrio-C,2,,DU1003749
DEBUG:ib_insync.client:<<< 6,2,ColumnPrio-P,5,,DU1003749
DEBUG:ib_insync.client:<<< 6,2,ColumnPrio-S,1,,DU1003749
DEBUG:ib_insync.client:<<< 6,2,CorporateBondValue,0.00,BASE,DU1003749
DEBUG:ib_insync.client:<<< 6,2,CorporateBondValue,0.00,USD,DU1003749
DEBUG:ib_insync.client:<<< 6,2,Cryptocurrency,0.00,BASE,DU1003749
DEBUG:ib_insync.client:<<< 6,2,Cryptocurrency,0.00,USD,DU1003749
DEBUG:ib_insync.client:<<< 6,2,Currency,BASE,BASE,DU1003749
DEBUG:ib_insync.client:<<< 6,2,Currency,USD,USD,DU1003749
DEBUG:ib_insync.client:<<< 6,2,Cushion,1,,DU1003749
DEBUG:ib_insync.client:<<< 6,2,DayTradesRemaining,-1,,DU1003749
DEBUG:ib_insync.client:<<< 6,2,DayTradesRemainingT+1,-1,,DU1003749
DEBUG:ib_insync.client:<<< 6,2,DayTradesRemainingT+2,-1,,DU1003749
DEBUG:ib_insync.client:<<< 6,2,DayTradesRemainingT+3,-1,,DU1003749
DEBUG:ib_insync.client:<<< 6,2,DayTradesRemainingT+4,-1,,DU1003749
DEBUG:ib_insync.client:<<< 6,2,EquityWithLoanValue,1038263.23,USD,DU1003749
DEBUG:ib_insync.client:<<< 6,2,EquityWithLoanValue-C,0.00,USD,DU1003749
DEBUG:ib_insync.client:<<< 6,2,EquityWithLoanValue-P,0.00,USD,DU1003749
DEBUG:ib_insync.client:<<< 6,2,EquityWithLoanValue-S,1038263.23,USD,DU1003749
DEBUG:ib_insync.client:<<< 6,2,ExcessLiquidity,1038263.23,USD,DU1003749
DEBUG:ib_insync.client:<<< 6,2,ExcessLiquidity-C,0.00,USD,DU1003749
DEBUG:ib_insync.client:<<< 6,2,ExcessLiquidity-P,0.00,USD,DU1003749
DEBUG:ib_insync.client:<<< 6,2,ExcessLiquidity-S,1038263.23,USD,DU1003749
DEBUG:ib_insync.client:<<< 6,2,ExchangeRate,1.00,BASE,DU1003749
DEBUG:ib_insync.client:<<< 6,2,ExchangeRate,1.00,USD,DU1003749
DEBUG:ib_insync.client:<<< 6,2,FullAvailableFunds,1038263.23,USD,DU1003749
DEBUG:ib_insync.client:<<< 6,2,FullAvailableFunds-C,0.00,USD,DU1003749
DEBUG:ib_insync.client:<<< 6,2,FullAvailableFunds-P,0.00,USD,DU1003749
DEBUG:ib_insync.client:<<< 6,2,FullAvailableFunds-S,1038263.23,USD,DU1003749
DEBUG:ib_insync.client:<<< 6,2,FullExcessLiquidity,1038263.23,USD,DU1003749
DEBUG:ib_insync.client:<<< 6,2,FullExcessLiquidity-C,0.00,USD,DU1003749
DEBUG:ib_insync.client:<<< 6,2,FullExcessLiquidity-P,0.00,USD,DU1003749
DEBUG:ib_insync.client:<<< 6,2,FullExcessLiquidity-S,1038263.23,USD,DU1003749
DEBUG:ib_insync.client:<<< 6,2,FullInitMarginReq,0.00,USD,DU1003749
DEBUG:ib_insync.client:<<< 6,2,FullInitMarginReq-C,0.00,USD,DU1003749
DEBUG:ib_insync.client:<<< 6,2,FullInitMarginReq-P,0.00,USD,DU1003749
DEBUG:ib_insync.client:<<< 6,2,FullInitMarginReq-S,0.00,USD,DU1003749
DEBUG:ib_insync.client:<<< 6,2,FullMaintMarginReq,0.00,USD,DU1003749
DEBUG:ib_insync.client:<<< 6,2,FullMaintMarginReq-C,0.00,USD,DU1003749
DEBUG:ib_insync.client:<<< 6,2,FullMaintMarginReq-P,0.00,USD,DU1003749
DEBUG:ib_insync.client:<<< 6,2,FullMaintMarginReq-S,0.00,USD,DU1003749
DEBUG:ib_insync.client:<<< 6,2,FundValue,0.00,BASE,DU1003749
DEBUG:ib_insync.client:<<< 6,2,FundValue,0.00,USD,DU1003749
DEBUG:ib_insync.client:<<< 6,2,FutureOptionValue,0.00,BASE,DU1003749
DEBUG:ib_insync.client:<<< 6,2,FutureOptionValue,0.00,USD,DU1003749
DEBUG:ib_insync.client:<<< 6,2,FuturesPNL,0.00,BASE,DU1003749
DEBUG:ib_insync.client:<<< 6,2,FuturesPNL,0.00,USD,DU1003749
DEBUG:ib_insync.client:<<< 6,2,FxCashBalance,0.00,BASE,DU1003749
DEBUG:ib_insync.client:<<< 6,2,FxCashBalance,0.00,USD,DU1003749
DEBUG:ib_insync.client:<<< 6,2,GrossPositionValue,0.00,USD,DU1003749
DEBUG:ib_insync.client:<<< 6,2,GrossPositionValue-S,0.00,USD,DU1003749
DEBUG:ib_insync.client:<<< 6,2,Guarantee,0.00,USD,DU1003749
DEBUG:ib_insync.client:<<< 6,2,Guarantee-C,0.00,USD,DU1003749
DEBUG:ib_insync.client:<<< 6,2,Guarantee-P,0.00,USD,DU1003749
DEBUG:ib_insync.client:<<< 6,2,Guarantee-S,0.00,USD,DU1003749
DEBUG:ib_insync.client:<<< 6,2,IndianStockHaircut,0.00,USD,DU1003749
DEBUG:ib_insync.client:<<< 6,2,IndianStockHaircut-C,0.00,USD,DU1003749
DEBUG:ib_insync.client:<<< 6,2,IndianStockHaircut-P,0.00,USD,DU1003749
DEBUG:ib_insync.client:<<< 6,2,IndianStockHaircut-S,0.00,USD,DU1003749
DEBUG:ib_insync.client:<<< 6,2,InitMarginReq,0.00,USD,DU1003749
DEBUG:ib_insync.client:<<< 6,2,InitMarginReq-C,0.00,USD,DU1003749
DEBUG:ib_insync.client:<<< 6,2,InitMarginReq-P,0.00,USD,DU1003749
DEBUG:ib_insync.client:<<< 6,2,InitMarginReq-S,0.00,USD,DU1003749
DEBUG:ib_insync.client:<<< 6,2,IssuerOptionValue,0.00,BASE,DU1003749
DEBUG:ib_insync.client:<<< 6,2,IssuerOptionValue,0.00,USD,DU1003749
DEBUG:ib_insync.client:<<< 6,2,Leverage-S,0.00,,DU1003749
DEBUG:ib_insync.client:<<< 6,2,LookAheadAvailableFunds,1038263.23,USD,DU1003749
DEBUG:ib_insync.client:<<< 6,2,LookAheadAvailableFunds-C,0.00,USD,DU1003749
DEBUG:ib_insync.client:<<< 6,2,LookAheadAvailableFunds-P,0.00,USD,DU1003749
DEBUG:ib_insync.client:<<< 6,2,LookAheadAvailableFunds-S,1038263.23,USD,DU1003749
DEBUG:ib_insync.client:<<< 6,2,LookAheadExcessLiquidity,1038263.23,USD,DU1003749
DEBUG:ib_insync.client:<<< 6,2,LookAheadExcessLiquidity-C,0.00,USD,DU1003749
DEBUG:ib_insync.client:<<< 6,2,LookAheadExcessLiquidity-P,0.00,USD,DU1003749
DEBUG:ib_insync.client:<<< 6,2,LookAheadExcessLiquidity-S,1038263.23,USD,DU1003749
DEBUG:ib_insync.client:<<< 6,2,LookAheadInitMarginReq,0.00,USD,DU1003749
DEBUG:ib_insync.client:<<< 6,2,LookAheadInitMarginReq-C,0.00,USD,DU1003749
DEBUG:ib_insync.client:<<< 6,2,LookAheadInitMarginReq-P,0.00,USD,DU1003749
DEBUG:ib_insync.client:<<< 6,2,LookAheadInitMarginReq-S,0.00,USD,DU1003749
DEBUG:ib_insync.client:<<< 6,2,LookAheadMaintMarginReq,0.00,USD,DU1003749
DEBUG:ib_insync.client:<<< 6,2,LookAheadMaintMarginReq-C,0.00,USD,DU1003749
DEBUG:ib_insync.client:<<< 6,2,LookAheadMaintMarginReq-P,0.00,USD,DU1003749
DEBUG:ib_insync.client:<<< 6,2,LookAheadMaintMarginReq-S,0.00,USD,DU1003749
DEBUG:ib_insync.client:<<< 6,2,LookAheadNextChange,0,,DU1003749
DEBUG:ib_insync.client:<<< 6,2,MaintMarginReq,0.00,USD,DU1003749
DEBUG:ib_insync.client:<<< 6,2,MaintMarginReq-C,0.00,USD,DU1003749
DEBUG:ib_insync.client:<<< 6,2,MaintMarginReq-P,0.00,USD,DU1003749
DEBUG:ib_insync.client:<<< 6,2,MaintMarginReq-S,0.00,USD,DU1003749
DEBUG:ib_insync.client:<<< 6,2,MoneyMarketFundValue,0.00,BASE,DU1003749
DEBUG:ib_insync.client:<<< 6,2,MoneyMarketFundValue,0.00,USD,DU1003749
DEBUG:ib_insync.client:<<< 6,2,MutualFundValue,0.00,BASE,DU1003749
DEBUG:ib_insync.client:<<< 6,2,MutualFundValue,0.00,USD,DU1003749
DEBUG:ib_insync.client:<<< 6,2,NLVAndMarginInReview,false,,DU1003749
DEBUG:ib_insync.client:<<< 6,2,NetDividend,0.00,BASE,DU1003749
DEBUG:ib_insync.client:<<< 6,2,NetDividend,0.00,USD,DU1003749
DEBUG:ib_insync.client:<<< 6,2,NetLiquidation,1038263.23,USD,DU1003749
DEBUG:ib_insync.client:<<< 6,2,NetLiquidation-C,0.00,USD,DU1003749
DEBUG:ib_insync.client:<<< 6,2,NetLiquidation-P,0.00,USD,DU1003749
DEBUG:ib_insync.client:<<< 6,2,NetLiquidation-S,1038263.23,USD,DU1003749
DEBUG:ib_insync.client:<<< 6,2,NetLiquidationByCurrency,1038263.23,BASE,DU1003749
DEBUG:ib_insync.client:<<< 6,2,NetLiquidationByCurrency,1038263.23,USD,DU1003749
DEBUG:ib_insync.client:<<< 6,2,NetLiquidationUncertainty,0.00,USD,DU1003749
DEBUG:ib_insync.client:<<< 6,2,OptionMarketValue,0.00,BASE,DU1003749
DEBUG:ib_insync.client:<<< 6,2,OptionMarketValue,0.00,USD,DU1003749
DEBUG:ib_insync.client:<<< 6,2,PASharesValue,0.00,USD,DU1003749
DEBUG:ib_insync.client:<<< 6,2,PASharesValue-C,0.00,USD,DU1003749
DEBUG:ib_insync.client:<<< 6,2,PASharesValue-P,0.00,USD,DU1003749
DEBUG:ib_insync.client:<<< 6,2,PASharesValue-S,0.00,USD,DU1003749
DEBUG:ib_insync.client:<<< 6,2,PhysicalCertificateValue,0.00,USD,DU1003749
DEBUG:ib_insync.client:<<< 6,2,PhysicalCertificateValue-C,0.00,USD,DU1003749
DEBUG:ib_insync.client:<<< 6,2,PhysicalCertificateValue-P,0.00,USD,DU1003749
DEBUG:ib_insync.client:<<< 6,2,PhysicalCertificateValue-S,0.00,USD,DU1003749
DEBUG:ib_insync.client:<<< 6,2,PostExpirationExcess,0.00,USD,DU1003749
DEBUG:ib_insync.client:<<< 6,2,PostExpirationExcess-C,0.00,USD,DU1003749
DEBUG:ib_insync.client:<<< 6,2,PostExpirationExcess-P,0.00,USD,DU1003749
DEBUG:ib_insync.client:<<< 6,2,PostExpirationExcess-S,0.00,USD,DU1003749
DEBUG:ib_insync.client:<<< 6,2,PostExpirationMargin,0.00,USD,DU1003749
DEBUG:ib_insync.client:<<< 6,2,PostExpirationMargin-C,0.00,USD,DU1003749
DEBUG:ib_insync.client:<<< 6,2,PostExpirationMargin-P,0.00,USD,DU1003749
DEBUG:ib_insync.client:<<< 6,2,PostExpirationMargin-S,0.00,USD,DU1003749
DEBUG:ib_insync.client:<<< 6,2,PreviousDayEquityWithLoanValue,1038263.23,USD,DU1003749
DEBUG:ib_insync.client:<<< 6,2,PreviousDayEquityWithLoanValue-S,1038263.23,USD,DU1003749
DEBUG:ib_insync.client:<<< 6,2,RealCurrency,BASE,BASE,DU1003749
DEBUG:ib_insync.client:<<< 6,2,RealCurrency,USD,USD,DU1003749
DEBUG:ib_insync.client:<<< 6,2,RealizedPnL,0.00,BASE,DU1003749
DEBUG:ib_insync.client:<<< 6,2,RealizedPnL,0.00,USD,DU1003749
DEBUG:ib_insync.client:<<< 6,2,RegTEquity,1038263.23,USD,DU1003749
DEBUG:ib_insync.client:<<< 6,2,RegTEquity-S,1038263.23,USD,DU1003749
DEBUG:ib_insync.client:<<< 6,2,RegTMargin,0.00,USD,DU1003749
DEBUG:ib_insync.client:<<< 6,2,RegTMargin-S,0.00,USD,DU1003749
DEBUG:ib_insync.client:<<< 6,2,SMA,1038263.23,USD,DU1003749
DEBUG:ib_insync.client:<<< 6,2,SMA-S,1038263.23,USD,DU1003749
DEBUG:ib_insync.client:<<< 6,2,SegmentTitle-C,US Commodities,,DU1003749
DEBUG:ib_insync.client:<<< 6,2,SegmentTitle-P,Crypto at Paxos,,DU1003749
DEBUG:ib_insync.client:<<< 6,2,SegmentTitle-S,US Securities,,DU1003749
DEBUG:ib_insync.client:<<< 6,2,StockMarketValue,0.00,BASE,DU1003749
DEBUG:ib_insync.client:<<< 6,2,StockMarketValue,0.00,USD,DU1003749
DEBUG:ib_insync.client:<<< 6,2,TBillValue,0.00,BASE,DU1003749
DEBUG:ib_insync.client:<<< 6,2,TBillValue,0.00,USD,DU1003749
DEBUG:ib_insync.client:<<< 6,2,TBondValue,0.00,BASE,DU1003749
DEBUG:ib_insync.client:<<< 6,2,TBondValue,0.00,USD,DU1003749
DEBUG:ib_insync.client:<<< 6,2,TotalCashBalance,1035984.32,BASE,DU1003749
DEBUG:ib_insync.client:<<< 6,2,TotalCashBalance,1035984.32,USD,DU1003749
DEBUG:ib_insync.client:<<< 6,2,TotalCashValue,1035984.32,USD,DU1003749
DEBUG:ib_insync.client:<<< 6,2,TotalCashValue-C,0.00,USD,DU1003749
DEBUG:ib_insync.client:<<< 6,2,TotalCashValue-P,0.00,USD,DU1003749
DEBUG:ib_insync.client:<<< 6,2,TotalCashValue-S,1035984.32,USD,DU1003749
DEBUG:ib_insync.client:<<< 6,2,TotalDebitCardPendingCharges,0.00,USD,DU1003749
DEBUG:ib_insync.client:<<< 6,2,TotalDebitCardPendingCharges-C,0.00,USD,DU1003749
DEBUG:ib_insync.client:<<< 6,2,TotalDebitCardPendingCharges-P,0.00,USD,DU1003749
DEBUG:ib_insync.client:<<< 6,2,TotalDebitCardPendingCharges-S,0.00,USD,DU1003749
DEBUG:ib_insync.client:<<< 6,2,TradingType-S,STKNOPT,,DU1003749
DEBUG:ib_insync.client:<<< 6,2,UnrealizedPnL,0.00,BASE,DU1003749
DEBUG:ib_insync.client:<<< 6,2,UnrealizedPnL,0.00,USD,DU1003749
DEBUG:ib_insync.client:<<< 6,2,WarrantValue,0.00,BASE,DU1003749
DEBUG:ib_insync.client:<<< 6,2,WarrantValue,0.00,USD,DU1003749
DEBUG:ib_insync.client:<<< 6,2,WhatIfPMEnabled,true,,DU1003749
DEBUG:ib_insync.client:<<< 8,1,21:53
DEBUG:ib_insync.client:<<< 54,1,DU1003749
DEBUG:ib_insync.client:<<< 73,1,1,DU1003749,,AccountCode,DU1003749,
DEBUG:ib_insync.client:<<< 73,1,1,DU1003749,,AccountReady,true,
DEBUG:ib_insync.client:<<< 73,1,1,DU1003749,,AccountType,JOINT,
DEBUG:ib_insync.client:<<< 73,1,1,DU1003749,,AccruedCash,2278.91,USD
DEBUG:ib_insync.client:<<< 73,1,1,DU1003749,,AccruedCash-C,0.00,USD
DEBUG:ib_insync.client:<<< 73,1,1,DU1003749,,AccruedCash-P,0.00,USD
DEBUG:ib_insync.client:<<< 73,1,1,DU1003749,,AccruedCash-S,2278.91,USD
DEBUG:ib_insync.client:<<< 73,1,1,DU1003749,,AccruedDividend,0.00,USD
DEBUG:ib_insync.client:<<< 73,1,1,DU1003749,,AccruedDividend-C,0.00,USD
DEBUG:ib_insync.client:<<< 73,1,1,DU1003749,,AccruedDividend-P,0.00,USD
DEBUG:ib_insync.client:<<< 73,1,1,DU1003749,,AccruedDividend-S,0.00,USD
DEBUG:ib_insync.client:<<< 73,1,1,DU1003749,,AvailableFunds,1038263.23,USD
DEBUG:ib_insync.client:<<< 73,1,1,DU1003749,,AvailableFunds-C,0.00,USD
DEBUG:ib_insync.client:<<< 73,1,1,DU1003749,,AvailableFunds-P,0.00,USD
DEBUG:ib_insync.client:<<< 73,1,1,DU1003749,,AvailableFunds-S,1038263.23,USD
DEBUG:ib_insync.client:<<< 73,1,1,DU1003749,,Billable,0.00,USD
DEBUG:ib_insync.client:<<< 73,1,1,DU1003749,,Billable-C,0.00,USD
DEBUG:ib_insync.client:<<< 73,1,1,DU1003749,,Billable-P,0.00,USD
DEBUG:ib_insync.client:<<< 73,1,1,DU1003749,,Billable-S,0.00,USD
DEBUG:ib_insync.client:<<< 73,1,1,DU1003749,,BuyingPower,4153052.92,USD
DEBUG:ib_insync.client:<<< 73,1,1,DU1003749,,ColumnPrio-C,2,
DEBUG:ib_insync.client:<<< 73,1,1,DU1003749,,ColumnPrio-P,5,
DEBUG:ib_insync.client:<<< 73,1,1,DU1003749,,ColumnPrio-S,1,
DEBUG:ib_insync.client:<<< 73,1,1,DU1003749,,Cushion,1,
DEBUG:ib_insync.client:<<< 73,1,1,DU1003749,,DayTradesRemaining,-1,
DEBUG:ib_insync.client:<<< 73,1,1,DU1003749,,DayTradesRemainingT+1,-1,
DEBUG:ib_insync.client:<<< 73,1,1,DU1003749,,DayTradesRemainingT+2,-1,
DEBUG:ib_insync.client:<<< 73,1,1,DU1003749,,DayTradesRemainingT+3,-1,
DEBUG:ib_insync.client:<<< 73,1,1,DU1003749,,DayTradesRemainingT+4,-1,
DEBUG:ib_insync.client:<<< 73,1,1,DU1003749,,EquityWithLoanValue,1038263.23,USD
DEBUG:ib_insync.client:<<< 73,1,1,DU1003749,,EquityWithLoanValue-C,0.00,USD
DEBUG:ib_insync.client:<<< 73,1,1,DU1003749,,EquityWithLoanValue-P,0.00,USD
DEBUG:ib_insync.client:<<< 73,1,1,DU1003749,,EquityWithLoanValue-S,1038263.23,USD
DEBUG:ib_insync.client:<<< 73,1,1,DU1003749,,ExcessLiquidity,1038263.23,USD
DEBUG:ib_insync.client:<<< 73,1,1,DU1003749,,ExcessLiquidity-C,0.00,USD
DEBUG:ib_insync.client:<<< 73,1,1,DU1003749,,ExcessLiquidity-P,0.00,USD
DEBUG:ib_insync.client:<<< 73,1,1,DU1003749,,ExcessLiquidity-S,1038263.23,USD
DEBUG:ib_insync.client:<<< 73,1,1,DU1003749,,FullAvailableFunds,1038263.23,USD
DEBUG:ib_insync.client:<<< 73,1,1,DU1003749,,FullAvailableFunds-C,0.00,USD
DEBUG:ib_insync.client:<<< 73,1,1,DU1003749,,FullAvailableFunds-P,0.00,USD
DEBUG:ib_insync.client:<<< 73,1,1,DU1003749,,FullAvailableFunds-S,1038263.23,USD
DEBUG:ib_insync.client:<<< 73,1,1,DU1003749,,FullExcessLiquidity,1038263.23,USD
DEBUG:ib_insync.client:<<< 73,1,1,DU1003749,,FullExcessLiquidity-C,0.00,USD
DEBUG:ib_insync.client:<<< 73,1,1,DU1003749,,FullExcessLiquidity-P,0.00,USD
DEBUG:ib_insync.client:<<< 73,1,1,DU1003749,,FullExcessLiquidity-S,1038263.23,USD
DEBUG:ib_insync.client:<<< 73,1,1,DU1003749,,FullInitMarginReq,0.00,USD
DEBUG:ib_insync.client:<<< 73,1,1,DU1003749,,FullInitMarginReq-C,0.00,USD
DEBUG:ib_insync.client:<<< 73,1,1,DU1003749,,FullInitMarginReq-P,0.00,USD
DEBUG:ib_insync.client:<<< 73,1,1,DU1003749,,FullInitMarginReq-S,0.00,USD
DEBUG:ib_insync.client:<<< 73,1,1,DU1003749,,FullMaintMarginReq,0.00,USD
DEBUG:ib_insync.client:<<< 73,1,1,DU1003749,,FullMaintMarginReq-C,0.00,USD
DEBUG:ib_insync.client:<<< 73,1,1,DU1003749,,FullMaintMarginReq-P,0.00,USD
DEBUG:ib_insync.client:<<< 73,1,1,DU1003749,,FullMaintMarginReq-S,0.00,USD
DEBUG:ib_insync.client:<<< 73,1,1,DU1003749,,GrossPositionValue,0.00,USD
DEBUG:ib_insync.client:<<< 73,1,1,DU1003749,,GrossPositionValue-S,0.00,USD
DEBUG:ib_insync.client:<<< 73,1,1,DU1003749,,Guarantee,0.00,USD
DEBUG:ib_insync.client:<<< 73,1,1,DU1003749,,Guarantee-C,0.00,USD
DEBUG:ib_insync.client:<<< 73,1,1,DU1003749,,Guarantee-P,0.00,USD
DEBUG:ib_insync.client:<<< 73,1,1,DU1003749,,Guarantee-S,0.00,USD
DEBUG:ib_insync.client:<<< 73,1,1,DU1003749,,IndianStockHaircut,0.00,USD
DEBUG:ib_insync.client:<<< 73,1,1,DU1003749,,IndianStockHaircut-C,0.00,USD
DEBUG:ib_insync.client:<<< 73,1,1,DU1003749,,IndianStockHaircut-P,0.00,USD
DEBUG:ib_insync.client:<<< 73,1,1,DU1003749,,IndianStockHaircut-S,0.00,USD
DEBUG:ib_insync.client:<<< 73,1,1,DU1003749,,InitMarginReq,0.00,USD
DEBUG:ib_insync.client:<<< 73,1,1,DU1003749,,InitMarginReq-C,0.00,USD
DEBUG:ib_insync.client:<<< 73,1,1,DU1003749,,InitMarginReq-P,0.00,USD
DEBUG:ib_insync.client:<<< 73,1,1,DU1003749,,InitMarginReq-S,0.00,USD
DEBUG:ib_insync.client:<<< 73,1,1,DU1003749,,Leverage-S,0.00,
DEBUG:ib_insync.client:<<< 73,1,1,DU1003749,,LookAheadAvailableFunds,1038263.23,USD
DEBUG:ib_insync.client:<<< 73,1,1,DU1003749,,LookAheadAvailableFunds-C,0.00,USD
DEBUG:ib_insync.client:<<< 73,1,1,DU1003749,,LookAheadAvailableFunds-P,0.00,USD
DEBUG:ib_insync.client:<<< 73,1,1,DU1003749,,LookAheadAvailableFunds-S,1038263.23,USD
DEBUG:ib_insync.client:<<< 73,1,1,DU1003749,,LookAheadExcessLiquidity,1038263.23,USD
DEBUG:ib_insync.client:<<< 73,1,1,DU1003749,,LookAheadExcessLiquidity-C,0.00,USD
DEBUG:ib_insync.client:<<< 73,1,1,DU1003749,,LookAheadExcessLiquidity-P,0.00,USD
DEBUG:ib_insync.client:<<< 73,1,1,DU1003749,,LookAheadExcessLiquidity-S,1038263.23,USD
DEBUG:ib_insync.client:<<< 73,1,1,DU1003749,,LookAheadInitMarginReq,0.00,USD
DEBUG:ib_insync.client:<<< 73,1,1,DU1003749,,LookAheadInitMarginReq-C,0.00,USD
DEBUG:ib_insync.client:<<< 73,1,1,DU1003749,,LookAheadInitMarginReq-P,0.00,USD
DEBUG:ib_insync.client:<<< 73,1,1,DU1003749,,LookAheadInitMarginReq-S,0.00,USD
DEBUG:ib_insync.client:<<< 73,1,1,DU1003749,,LookAheadMaintMarginReq,0.00,USD
DEBUG:ib_insync.client:<<< 73,1,1,DU1003749,,LookAheadMaintMarginReq-C,0.00,USD
DEBUG:ib_insync.client:<<< 73,1,1,DU1003749,,LookAheadMaintMarginReq-P,0.00,USD
DEBUG:ib_insync.client:<<< 73,1,1,DU1003749,,LookAheadMaintMarginReq-S,0.00,USD
DEBUG:ib_insync.client:<<< 73,1,1,DU1003749,,LookAheadNextChange,0,
DEBUG:ib_insync.client:<<< 73,1,1,DU1003749,,MaintMarginReq,0.00,USD
DEBUG:ib_insync.client:<<< 73,1,1,DU1003749,,MaintMarginReq-C,0.00,USD
DEBUG:ib_insync.client:<<< 73,1,1,DU1003749,,MaintMarginReq-P,0.00,USD
DEBUG:ib_insync.client:<<< 73,1,1,DU1003749,,MaintMarginReq-S,0.00,USD
DEBUG:ib_insync.client:<<< 73,1,1,DU1003749,,NLVAndMarginInReview,false,
DEBUG:ib_insync.client:<<< 73,1,1,DU1003749,,NetLiquidation,1038263.23,USD
DEBUG:ib_insync.client:<<< 73,1,1,DU1003749,,NetLiquidation-C,0.00,USD
DEBUG:ib_insync.client:<<< 73,1,1,DU1003749,,NetLiquidation-P,0.00,USD
DEBUG:ib_insync.client:<<< 73,1,1,DU1003749,,NetLiquidation-S,1038263.23,USD
DEBUG:ib_insync.client:<<< 73,1,1,DU1003749,,NetLiquidationUncertainty,0.00,USD
DEBUG:ib_insync.client:<<< 73,1,1,DU1003749,,PASharesValue,0.00,USD
DEBUG:ib_insync.client:<<< 73,1,1,DU1003749,,PASharesValue-C,0.00,USD
DEBUG:ib_insync.client:<<< 73,1,1,DU1003749,,PASharesValue-P,0.00,USD
DEBUG:ib_insync.client:<<< 73,1,1,DU1003749,,PASharesValue-S,0.00,USD
DEBUG:ib_insync.client:<<< 73,1,1,DU1003749,,PhysicalCertificateValue,0.00,USD
DEBUG:ib_insync.client:<<< 73,1,1,DU1003749,,PhysicalCertificateValue-C,0.00,USD
DEBUG:ib_insync.client:<<< 73,1,1,DU1003749,,PhysicalCertificateValue-P,0.00,USD
DEBUG:ib_insync.client:<<< 73,1,1,DU1003749,,PhysicalCertificateValue-S,0.00,USD
DEBUG:ib_insync.client:<<< 73,1,1,DU1003749,,PostExpirationExcess,0.00,USD
DEBUG:ib_insync.client:<<< 73,1,1,DU1003749,,PostExpirationExcess-C,0.00,USD
DEBUG:ib_insync.client:<<< 73,1,1,DU1003749,,PostExpirationExcess-P,0.00,USD
DEBUG:ib_insync.client:<<< 73,1,1,DU1003749,,PostExpirationExcess-S,0.00,USD
DEBUG:ib_insync.client:<<< 73,1,1,DU1003749,,PostExpirationMargin,0.00,USD
DEBUG:ib_insync.client:<<< 73,1,1,DU1003749,,PostExpirationMargin-C,0.00,USD
DEBUG:ib_insync.client:<<< 73,1,1,DU1003749,,PostExpirationMargin-P,0.00,USD
DEBUG:ib_insync.client:<<< 73,1,1,DU1003749,,PostExpirationMargin-S,0.00,USD
DEBUG:ib_insync.client:<<< 73,1,1,DU1003749,,PreviousDayEquityWithLoanValue,1038263.23,USD
DEBUG:ib_insync.client:<<< 73,1,1,DU1003749,,PreviousDayEquityWithLoanValue-S,1038263.23,USD
DEBUG:ib_insync.client:<<< 73,1,1,DU1003749,,RegTEquity,1038263.23,USD
DEBUG:ib_insync.client:<<< 73,1,1,DU1003749,,RegTEquity-S,1038263.23,USD
DEBUG:ib_insync.client:<<< 73,1,1,DU1003749,,RegTMargin,0.00,USD
DEBUG:ib_insync.client:<<< 73,1,1,DU1003749,,RegTMargin-S,0.00,USD
DEBUG:ib_insync.client:<<< 73,1,1,DU1003749,,SMA,1038263.23,USD
DEBUG:ib_insync.client:<<< 73,1,1,DU1003749,,SMA-S,1038263.23,USD
DEBUG:ib_insync.client:<<< 73,1,1,DU1003749,,SegmentTitle-C,US Commodities,
DEBUG:ib_insync.client:<<< 73,1,1,DU1003749,,SegmentTitle-P,Crypto at Paxos,
DEBUG:ib_insync.client:<<< 73,1,1,DU1003749,,SegmentTitle-S,US Securities,
DEBUG:ib_insync.client:<<< 73,1,1,DU1003749,,TotalCashValue,1035984.32,USD
DEBUG:ib_insync.client:<<< 73,1,1,DU1003749,,TotalCashValue-C,0.00,USD
DEBUG:ib_insync.client:<<< 73,1,1,DU1003749,,TotalCashValue-P,0.00,USD
DEBUG:ib_insync.client:<<< 73,1,1,DU1003749,,TotalCashValue-S,1035984.32,USD
DEBUG:ib_insync.client:<<< 73,1,1,DU1003749,,TotalDebitCardPendingCharges,0.00,USD
DEBUG:ib_insync.client:<<< 73,1,1,DU1003749,,TotalDebitCardPendingCharges-C,0.00,USD
DEBUG:ib_insync.client:<<< 73,1,1,DU1003749,,TotalDebitCardPendingCharges-P,0.00,USD
DEBUG:ib_insync.client:<<< 73,1,1,DU1003749,,TotalDebitCardPendingCharges-S,0.00,USD
DEBUG:ib_insync.client:<<< 73,1,1,DU1003749,,TradingType-S,STKNOPT,
DEBUG:ib_insync.client:<<< 73,1,1,DU1003749,,WhatIfPMEnabled,true,
DEBUG:ib_insync.client:<<< 73,1,1,DU1003749,,Currency,USD,USD
DEBUG:ib_insync.client:<<< 73,1,1,DU1003749,,CashBalance,1035984.32,USD
DEBUG:ib_insync.client:<<< 73,1,1,DU1003749,,TotalCashBalance,1035984.32,USD
DEBUG:ib_insync.client:<<< 73,1,1,DU1003749,,AccruedCash,2278.91,USD
DEBUG:ib_insync.client:<<< 73,1,1,DU1003749,,StockMarketValue,0.00,USD
DEBUG:ib_insync.client:<<< 73,1,1,DU1003749,,OptionMarketValue,0.00,USD
DEBUG:ib_insync.client:<<< 73,1,1,DU1003749,,FutureOptionValue,0.00,USD
DEBUG:ib_insync.client:<<< 73,1,1,DU1003749,,FuturesPNL,0.00,USD
DEBUG:ib_insync.client:<<< 73,1,1,DU1003749,,NetLiquidationByCurrency,1038263.23,USD
DEBUG:ib_insync.client:<<< 73,1,1,DU1003749,,UnrealizedPnL,0.00,USD
DEBUG:ib_insync.client:<<< 73,1,1,DU1003749,,RealizedPnL,0.00,USD
DEBUG:ib_insync.client:<<< 73,1,1,DU1003749,,ExchangeRate,1.00,USD
DEBUG:ib_insync.client:<<< 73,1,1,DU1003749,,FundValue,0.00,USD
DEBUG:ib_insync.client:<<< 73,1,1,DU1003749,,NetDividend,0.00,USD
DEBUG:ib_insync.client:<<< 73,1,1,DU1003749,,MutualFundValue,0.00,USD
DEBUG:ib_insync.client:<<< 73,1,1,DU1003749,,MoneyMarketFundValue,0.00,USD
DEBUG:ib_insync.client:<<< 73,1,1,DU1003749,,CorporateBondValue,0.00,USD
DEBUG:ib_insync.client:<<< 73,1,1,DU1003749,,TBondValue,0.00,USD
DEBUG:ib_insync.client:<<< 73,1,1,DU1003749,,TBillValue,0.00,USD
DEBUG:ib_insync.client:<<< 73,1,1,DU1003749,,WarrantValue,0.00,USD
DEBUG:ib_insync.client:<<< 73,1,1,DU1003749,,FxCashBalance,0.00,USD
DEBUG:ib_insync.client:<<< 73,1,1,DU1003749,,AccountOrGroup,DU1003749,USD
DEBUG:ib_insync.client:<<< 73,1,1,DU1003749,,RealCurrency,USD,USD
DEBUG:ib_insync.client:<<< 73,1,1,DU1003749,,IssuerOptionValue,0.00,USD
DEBUG:ib_insync.client:<<< 73,1,1,DU1003749,,Cryptocurrency,0.00,USD
DEBUG:ib_insync.client:<<< 73,1,1,DU1003749,,Currency,BASE,BASE
DEBUG:ib_insync.client:<<< 73,1,1,DU1003749,,CashBalance,1035984.32,BASE
DEBUG:ib_insync.client:<<< 73,1,1,DU1003749,,TotalCashBalance,1035984.32,BASE
DEBUG:ib_insync.client:<<< 73,1,1,DU1003749,,AccruedCash,2278.91,BASE
DEBUG:ib_insync.client:<<< 73,1,1,DU1003749,,StockMarketValue,0.00,BASE
DEBUG:ib_insync.client:<<< 73,1,1,DU1003749,,OptionMarketValue,0.00,BASE
DEBUG:ib_insync.client:<<< 73,1,1,DU1003749,,FutureOptionValue,0.00,BASE
DEBUG:ib_insync.client:<<< 73,1,1,DU1003749,,FuturesPNL,0.00,BASE
DEBUG:ib_insync.client:<<< 73,1,1,DU1003749,,NetLiquidationByCurrency,1038263.23,BASE
DEBUG:ib_insync.client:<<< 73,1,1,DU1003749,,UnrealizedPnL,0.00,BASE
DEBUG:ib_insync.client:<<< 73,1,1,DU1003749,,RealizedPnL,0.00,BASE
DEBUG:ib_insync.client:<<< 73,1,1,DU1003749,,ExchangeRate,1.00,BASE
DEBUG:ib_insync.client:<<< 73,1,1,DU1003749,,FundValue,0.00,BASE
DEBUG:ib_insync.client:<<< 73,1,1,DU1003749,,NetDividend,0.00,BASE
DEBUG:ib_insync.client:<<< 73,1,1,DU1003749,,MutualFundValue,0.00,BASE
DEBUG:ib_insync.client:<<< 73,1,1,DU1003749,,MoneyMarketFundValue,0.00,BASE
DEBUG:ib_insync.client:<<< 73,1,1,DU1003749,,CorporateBondValue,0.00,BASE
DEBUG:ib_insync.client:<<< 73,1,1,DU1003749,,TBondValue,0.00,BASE
DEBUG:ib_insync.client:<<< 73,1,1,DU1003749,,TBillValue,0.00,BASE
DEBUG:ib_insync.client:<<< 73,1,1,DU1003749,,WarrantValue,0.00,BASE
DEBUG:ib_insync.client:<<< 73,1,1,DU1003749,,FxCashBalance,0.00,BASE
DEBUG:ib_insync.client:<<< 73,1,1,DU1003749,,AccountOrGroup,DU1003749,BASE
DEBUG:ib_insync.client:<<< 73,1,1,DU1003749,,RealCurrency,USD,BASE
DEBUG:ib_insync.client:<<< 73,1,1,DU1003749,,IssuerOptionValue,0.00,BASE
DEBUG:ib_insync.client:<<< 73,1,1,DU1003749,,Cryptocurrency,0.00,BASE
DEBUG:ib_insync.client:<<< 74,1,1
DEBUG:ib_insync.client:>>> 7,3,2,0,,,,,,
DEBUG:ib_insync.client:<<< 55,1,2
INFO:ib_insync.ib:Synchronization complete
DEBUG:ib_insync.client:>>> 50,3,3,0,BTC,CRYPTO,,0.0,,,PAXOS,,USD,,,5,MIDPOINT,0,
DEBUG:ib_insync.client:<<< 50,3,3,1667440580,20321.625,20321.625,20321.625,20321.625,-1,-1,-1
DEBUG:ib_insync.client:<<< 50,3,3,1667440585,20321.625,20321.625,20321.625,20321.625,-1,-1,-1
DEBUG:ib_insync.client:<<< 8,1,21:56
DEBUG:ib_insync.client:<<< 8,1,21:56
DEBUG:ib_insync.client:<<< 8,1,21:56
DEBUG:ib_insync.client:<<< 73,1,6,DU1003749,,NetLiquidation,1038263.23,USD
DEBUG:ib_insync.client:<<< 8,1,21:56
DEBUG:ib_insync.client:<<< 8,1,21:56
DEBUG:ib_insync.client:<<< 8,1,21:56
DEBUG:ib_insync.client:<<< 73,1,1,DU1003749,,NetLiquidation,1038263.23,USD
DEBUG:ib_insync.client:<<< 8,1,21:56
DEBUG:ib_insync.client:<<< 8,1,21:56
DEBUG:ib_insync.client:<<< 8,1,21:56
DEBUG:ib_insync.client:<<< 73,1,4,DU1003749,,NetLiquidation,1038263.23,USD
DEBUG:ib_insync.client:<<< 8,1,21:56
DEBUG:ib_insync.client:<<< 8,1,21:56
DEBUG:ib_insync.client:<<< 8,1,21:56
DEBUG:ib_insync.client:<<< 73,1,12,DU1003749,,NetLiquidation,1038263.23,USD
DEBUG:ib_insync.client:<<< 8,1,21:56
DEBUG:ib_insync.client:<<< 8,1,21:56
DEBUG:ib_insync.client:<<< 8,1,21:56
DEBUG:ib_insync.client:<<< 73,1,1,DU1003749,,NetLiquidation,1038263.23,USD
DEBUG:ib_insync.client:<<< 8,1,21:56
DEBUG:ib_insync.client:<<< 8,1,21:56
DEBUG:ib_insync.client:<<< 8,1,21:56
DEBUG:ib_insync.client:<<< 73,1,5,DU1003749,,NetLiquidation,1038263.23,USD
DEBUG:ib_insync.client:<<< 8,1,21:56
DEBUG:ib_insync.client:<<< 8,1,21:56
DEBUG:ib_insync.client:<<< 73,1,1,DU1003749,,NetLiquidation,1038263.23,USD
DEBUG:ib_insync.client:<<< 8,1,21:56
DEBUG:ib_insync.client:<<< 50,3,3,1667440590,20321.625,20321.625,20321.625,20321.625,-1,-1,-1
DEBUG:ib_insync.client:<<< 50,3,3,1667440595,20321.625,20321.625,20321.625,20321.625,-1,-1,-1
DEBUG:ib_insync.client:<<< 50,3,3,1667440600,20321.625,20321.625,20321.625,20321.625,-1,-1,-1
DEBUG:ib_insync.client:>>> 51,1,3
INFO:root:MovingAverage called
INFO:ib_insync.client:Connecting to 127.0.0.1:7497 with clientId 12...
INFO:ib_insync.client:Connected
DEBUG:ib_insync.client:<<< 163,20221102 21:57:29 EST
DEBUG:ib_insync.client:>>> 71,2,12,
INFO:ib_insync.client:Logged on to server version 163
DEBUG:ib_insync.client:<<< 9,1,1
DEBUG:ib_insync.client:<<< 15,1,DU1003749
INFO:ib_insync.client:API connection ready
DEBUG:ib_insync.client:>>> 61,1
DEBUG:ib_insync.client:>>> 99,0
DEBUG:ib_insync.client:>>> 6,2,1,DU1003749
DEBUG:ib_insync.client:>>> 76,1,1,DU1003749,,0
DEBUG:ib_insync.client:<<< 4,2,-1,2104,Market data farm connection is OK:uscrypto
INFO:ib_insync.wrapper:Warning 2104, reqId -1: Market data farm connection is OK:uscrypto
DEBUG:ib_insync.client:<<< 4,2,-1,2104,Market data farm connection is OK:usfarm.nj
INFO:ib_insync.wrapper:Warning 2104, reqId -1: Market data farm connection is OK:usfarm.nj
DEBUG:ib_insync.client:<<< 4,2,-1,2104,Market data farm connection is OK:cashfarm
INFO:ib_insync.wrapper:Warning 2104, reqId -1: Market data farm connection is OK:cashfarm
DEBUG:ib_insync.client:<<< 4,2,-1,2104,Market data farm connection is OK:usfarm
INFO:ib_insync.wrapper:Warning 2104, reqId -1: Market data farm connection is OK:usfarm
DEBUG:ib_insync.client:<<< 4,2,-1,2106,HMDS data farm connection is OK:euhmds
INFO:ib_insync.wrapper:Warning 2106, reqId -1: HMDS data farm connection is OK:euhmds
DEBUG:ib_insync.client:<<< 4,2,-1,2106,HMDS data farm connection is OK:fundfarm
INFO:ib_insync.wrapper:Warning 2106, reqId -1: HMDS data farm connection is OK:fundfarm
DEBUG:ib_insync.client:<<< 4,2,-1,2106,HMDS data farm connection is OK:ushmds
INFO:ib_insync.wrapper:Warning 2106, reqId -1: HMDS data farm connection is OK:ushmds
DEBUG:ib_insync.client:<<< 4,2,-1,2158,Sec-def data farm connection is OK:secdefnj
INFO:ib_insync.wrapper:Warning 2158, reqId -1: Sec-def data farm connection is OK:secdefnj
DEBUG:ib_insync.client:<<< 62,1
DEBUG:ib_insync.client:<<< 102
DEBUG:ib_insync.client:<<< 6,2,AccountCode,DU1003749,,DU1003749
DEBUG:ib_insync.client:<<< 6,2,AccountOrGroup,DU1003749,BASE,DU1003749
DEBUG:ib_insync.client:<<< 6,2,AccountOrGroup,DU1003749,USD,DU1003749
DEBUG:ib_insync.client:<<< 6,2,AccountReady,true,,DU1003749
DEBUG:ib_insync.client:<<< 6,2,AccountType,JOINT,,DU1003749
DEBUG:ib_insync.client:<<< 6,2,AccruedCash,2278.91,BASE,DU1003749
DEBUG:ib_insync.client:<<< 6,2,AccruedCash,2278.91,USD,DU1003749
DEBUG:ib_insync.client:<<< 6,2,AccruedCash-C,0.00,USD,DU1003749
DEBUG:ib_insync.client:<<< 6,2,AccruedCash-P,0.00,USD,DU1003749
DEBUG:ib_insync.client:<<< 6,2,AccruedCash-S,2278.91,USD,DU1003749
DEBUG:ib_insync.client:<<< 6,2,AccruedDividend,0.00,USD,DU1003749
DEBUG:ib_insync.client:<<< 6,2,AccruedDividend-C,0.00,USD,DU1003749
DEBUG:ib_insync.client:<<< 6,2,AccruedDividend-P,0.00,USD,DU1003749
DEBUG:ib_insync.client:<<< 6,2,AccruedDividend-S,0.00,USD,DU1003749
DEBUG:ib_insync.client:<<< 6,2,AvailableFunds,1038263.23,USD,DU1003749
DEBUG:ib_insync.client:<<< 6,2,AvailableFunds-C,0.00,USD,DU1003749
DEBUG:ib_insync.client:<<< 6,2,AvailableFunds-P,0.00,USD,DU1003749
DEBUG:ib_insync.client:<<< 6,2,AvailableFunds-S,1038263.23,USD,DU1003749
DEBUG:ib_insync.client:<<< 6,2,Billable,0.00,USD,DU1003749
DEBUG:ib_insync.client:<<< 6,2,Billable-C,0.00,USD,DU1003749
DEBUG:ib_insync.client:<<< 6,2,Billable-P,0.00,USD,DU1003749
DEBUG:ib_insync.client:<<< 6,2,Billable-S,0.00,USD,DU1003749
DEBUG:ib_insync.client:<<< 6,2,BuyingPower,4153052.92,USD,DU1003749
DEBUG:ib_insync.client:<<< 6,2,CashBalance,1035984.32,BASE,DU1003749
DEBUG:ib_insync.client:<<< 6,2,CashBalance,1035984.32,USD,DU1003749
DEBUG:ib_insync.client:<<< 6,2,ColumnPrio-C,2,,DU1003749
DEBUG:ib_insync.client:<<< 6,2,ColumnPrio-P,5,,DU1003749
DEBUG:ib_insync.client:<<< 6,2,ColumnPrio-S,1,,DU1003749
DEBUG:ib_insync.client:<<< 6,2,CorporateBondValue,0.00,BASE,DU1003749
DEBUG:ib_insync.client:<<< 6,2,CorporateBondValue,0.00,USD,DU1003749
DEBUG:ib_insync.client:<<< 6,2,Cryptocurrency,0.00,BASE,DU1003749
DEBUG:ib_insync.client:<<< 6,2,Cryptocurrency,0.00,USD,DU1003749
DEBUG:ib_insync.client:<<< 6,2,Currency,BASE,BASE,DU1003749
DEBUG:ib_insync.client:<<< 6,2,Currency,USD,USD,DU1003749
DEBUG:ib_insync.client:<<< 6,2,Cushion,1,,DU1003749
DEBUG:ib_insync.client:<<< 6,2,DayTradesRemaining,-1,,DU1003749
DEBUG:ib_insync.client:<<< 6,2,DayTradesRemainingT+1,-1,,DU1003749
DEBUG:ib_insync.client:<<< 6,2,DayTradesRemainingT+2,-1,,DU1003749
DEBUG:ib_insync.client:<<< 6,2,DayTradesRemainingT+3,-1,,DU1003749
DEBUG:ib_insync.client:<<< 6,2,DayTradesRemainingT+4,-1,,DU1003749
DEBUG:ib_insync.client:<<< 6,2,EquityWithLoanValue,1038263.23,USD,DU1003749
DEBUG:ib_insync.client:<<< 6,2,EquityWithLoanValue-C,0.00,USD,DU1003749
DEBUG:ib_insync.client:<<< 6,2,EquityWithLoanValue-P,0.00,USD,DU1003749
DEBUG:ib_insync.client:<<< 6,2,EquityWithLoanValue-S,1038263.23,USD,DU1003749
DEBUG:ib_insync.client:<<< 6,2,ExcessLiquidity,1038263.23,USD,DU1003749
DEBUG:ib_insync.client:<<< 6,2,ExcessLiquidity-C,0.00,USD,DU1003749
DEBUG:ib_insync.client:<<< 6,2,ExcessLiquidity-P,0.00,USD,DU1003749
DEBUG:ib_insync.client:<<< 6,2,ExcessLiquidity-S,1038263.23,USD,DU1003749
DEBUG:ib_insync.client:<<< 6,2,ExchangeRate,1.00,BASE,DU1003749
DEBUG:ib_insync.client:<<< 6,2,ExchangeRate,1.00,USD,DU1003749
DEBUG:ib_insync.client:<<< 6,2,FullAvailableFunds,1038263.23,USD,DU1003749
DEBUG:ib_insync.client:<<< 6,2,FullAvailableFunds-C,0.00,USD,DU1003749
DEBUG:ib_insync.client:<<< 6,2,FullAvailableFunds-P,0.00,USD,DU1003749
DEBUG:ib_insync.client:<<< 6,2,FullAvailableFunds-S,1038263.23,USD,DU1003749
DEBUG:ib_insync.client:<<< 6,2,FullExcessLiquidity,1038263.23,USD,DU1003749
DEBUG:ib_insync.client:<<< 6,2,FullExcessLiquidity-C,0.00,USD,DU1003749
DEBUG:ib_insync.client:<<< 6,2,FullExcessLiquidity-P,0.00,USD,DU1003749
DEBUG:ib_insync.client:<<< 6,2,FullExcessLiquidity-S,1038263.23,USD,DU1003749
DEBUG:ib_insync.client:<<< 6,2,FullInitMarginReq,0.00,USD,DU1003749
DEBUG:ib_insync.client:<<< 6,2,FullInitMarginReq-C,0.00,USD,DU1003749
DEBUG:ib_insync.client:<<< 6,2,FullInitMarginReq-P,0.00,USD,DU1003749
DEBUG:ib_insync.client:<<< 6,2,FullInitMarginReq-S,0.00,USD,DU1003749
DEBUG:ib_insync.client:<<< 6,2,FullMaintMarginReq,0.00,USD,DU1003749
DEBUG:ib_insync.client:<<< 6,2,FullMaintMarginReq-C,0.00,USD,DU1003749
DEBUG:ib_insync.client:<<< 6,2,FullMaintMarginReq-P,0.00,USD,DU1003749
DEBUG:ib_insync.client:<<< 6,2,FullMaintMarginReq-S,0.00,USD,DU1003749
DEBUG:ib_insync.client:<<< 6,2,FundValue,0.00,BASE,DU1003749
DEBUG:ib_insync.client:<<< 6,2,FundValue,0.00,USD,DU1003749
DEBUG:ib_insync.client:<<< 6,2,FutureOptionValue,0.00,BASE,DU1003749
DEBUG:ib_insync.client:<<< 6,2,FutureOptionValue,0.00,USD,DU1003749
DEBUG:ib_insync.client:<<< 6,2,FuturesPNL,0.00,BASE,DU1003749
DEBUG:ib_insync.client:<<< 6,2,FuturesPNL,0.00,USD,DU1003749
DEBUG:ib_insync.client:<<< 6,2,FxCashBalance,0.00,BASE,DU1003749
DEBUG:ib_insync.client:<<< 6,2,FxCashBalance,0.00,USD,DU1003749
DEBUG:ib_insync.client:<<< 6,2,GrossPositionValue,0.00,USD,DU1003749
DEBUG:ib_insync.client:<<< 6,2,GrossPositionValue-S,0.00,USD,DU1003749
DEBUG:ib_insync.client:<<< 6,2,Guarantee,0.00,USD,DU1003749
DEBUG:ib_insync.client:<<< 6,2,Guarantee-C,0.00,USD,DU1003749
DEBUG:ib_insync.client:<<< 6,2,Guarantee-P,0.00,USD,DU1003749
DEBUG:ib_insync.client:<<< 6,2,Guarantee-S,0.00,USD,DU1003749
DEBUG:ib_insync.client:<<< 6,2,IndianStockHaircut,0.00,USD,DU1003749
DEBUG:ib_insync.client:<<< 6,2,IndianStockHaircut-C,0.00,USD,DU1003749
DEBUG:ib_insync.client:<<< 6,2,IndianStockHaircut-P,0.00,USD,DU1003749
DEBUG:ib_insync.client:<<< 6,2,IndianStockHaircut-S,0.00,USD,DU1003749
DEBUG:ib_insync.client:<<< 6,2,InitMarginReq,0.00,USD,DU1003749
DEBUG:ib_insync.client:<<< 6,2,InitMarginReq-C,0.00,USD,DU1003749
DEBUG:ib_insync.client:<<< 6,2,InitMarginReq-P,0.00,USD,DU1003749
DEBUG:ib_insync.client:<<< 6,2,InitMarginReq-S,0.00,USD,DU1003749
DEBUG:ib_insync.client:<<< 6,2,IssuerOptionValue,0.00,BASE,DU1003749
DEBUG:ib_insync.client:<<< 6,2,IssuerOptionValue,0.00,USD,DU1003749
DEBUG:ib_insync.client:<<< 6,2,Leverage-S,0.00,,DU1003749
DEBUG:ib_insync.client:<<< 6,2,LookAheadAvailableFunds,1038263.23,USD,DU1003749
DEBUG:ib_insync.client:<<< 6,2,LookAheadAvailableFunds-C,0.00,USD,DU1003749
DEBUG:ib_insync.client:<<< 6,2,LookAheadAvailableFunds-P,0.00,USD,DU1003749
DEBUG:ib_insync.client:<<< 6,2,LookAheadAvailableFunds-S,1038263.23,USD,DU1003749
DEBUG:ib_insync.client:<<< 6,2,LookAheadExcessLiquidity,1038263.23,USD,DU1003749
DEBUG:ib_insync.client:<<< 6,2,LookAheadExcessLiquidity-C,0.00,USD,DU1003749
DEBUG:ib_insync.client:<<< 6,2,LookAheadExcessLiquidity-P,0.00,USD,DU1003749
DEBUG:ib_insync.client:<<< 6,2,LookAheadExcessLiquidity-S,1038263.23,USD,DU1003749
DEBUG:ib_insync.client:<<< 6,2,LookAheadInitMarginReq,0.00,USD,DU1003749
DEBUG:ib_insync.client:<<< 6,2,LookAheadInitMarginReq-C,0.00,USD,DU1003749
DEBUG:ib_insync.client:<<< 6,2,LookAheadInitMarginReq-P,0.00,USD,DU1003749
DEBUG:ib_insync.client:<<< 6,2,LookAheadInitMarginReq-S,0.00,USD,DU1003749
DEBUG:ib_insync.client:<<< 6,2,LookAheadMaintMarginReq,0.00,USD,DU1003749
DEBUG:ib_insync.client:<<< 6,2,LookAheadMaintMarginReq-C,0.00,USD,DU1003749
DEBUG:ib_insync.client:<<< 6,2,LookAheadMaintMarginReq-P,0.00,USD,DU1003749
DEBUG:ib_insync.client:<<< 6,2,LookAheadMaintMarginReq-S,0.00,USD,DU1003749
DEBUG:ib_insync.client:<<< 6,2,LookAheadNextChange,0,,DU1003749
DEBUG:ib_insync.client:<<< 6,2,MaintMarginReq,0.00,USD,DU1003749
DEBUG:ib_insync.client:<<< 6,2,MaintMarginReq-C,0.00,USD,DU1003749
DEBUG:ib_insync.client:<<< 6,2,MaintMarginReq-P,0.00,USD,DU1003749
DEBUG:ib_insync.client:<<< 6,2,MaintMarginReq-S,0.00,USD,DU1003749
DEBUG:ib_insync.client:<<< 6,2,MoneyMarketFundValue,0.00,BASE,DU1003749
DEBUG:ib_insync.client:<<< 6,2,MoneyMarketFundValue,0.00,USD,DU1003749
DEBUG:ib_insync.client:<<< 6,2,MutualFundValue,0.00,BASE,DU1003749
DEBUG:ib_insync.client:<<< 6,2,MutualFundValue,0.00,USD,DU1003749
DEBUG:ib_insync.client:<<< 6,2,NLVAndMarginInReview,false,,DU1003749
DEBUG:ib_insync.client:<<< 6,2,NetDividend,0.00,BASE,DU1003749
DEBUG:ib_insync.client:<<< 6,2,NetDividend,0.00,USD,DU1003749
DEBUG:ib_insync.client:<<< 6,2,NetLiquidation,1038263.23,USD,DU1003749
DEBUG:ib_insync.client:<<< 6,2,NetLiquidation-C,0.00,USD,DU1003749
DEBUG:ib_insync.client:<<< 6,2,NetLiquidation-P,0.00,USD,DU1003749
DEBUG:ib_insync.client:<<< 6,2,NetLiquidation-S,1038263.23,USD,DU1003749
DEBUG:ib_insync.client:<<< 6,2,NetLiquidationByCurrency,1038263.23,BASE,DU1003749
DEBUG:ib_insync.client:<<< 6,2,NetLiquidationByCurrency,1038263.23,USD,DU1003749
DEBUG:ib_insync.client:<<< 6,2,NetLiquidationUncertainty,0.00,USD,DU1003749
DEBUG:ib_insync.client:<<< 6,2,OptionMarketValue,0.00,BASE,DU1003749
DEBUG:ib_insync.client:<<< 6,2,OptionMarketValue,0.00,USD,DU1003749
DEBUG:ib_insync.client:<<< 6,2,PASharesValue,0.00,USD,DU1003749
DEBUG:ib_insync.client:<<< 6,2,PASharesValue-C,0.00,USD,DU1003749
DEBUG:ib_insync.client:<<< 6,2,PASharesValue-P,0.00,USD,DU1003749
DEBUG:ib_insync.client:<<< 6,2,PASharesValue-S,0.00,USD,DU1003749
DEBUG:ib_insync.client:<<< 6,2,PhysicalCertificateValue,0.00,USD,DU1003749
DEBUG:ib_insync.client:<<< 6,2,PhysicalCertificateValue-C,0.00,USD,DU1003749
DEBUG:ib_insync.client:<<< 6,2,PhysicalCertificateValue-P,0.00,USD,DU1003749
DEBUG:ib_insync.client:<<< 6,2,PhysicalCertificateValue-S,0.00,USD,DU1003749
DEBUG:ib_insync.client:<<< 6,2,PostExpirationExcess,0.00,USD,DU1003749
DEBUG:ib_insync.client:<<< 6,2,PostExpirationExcess-C,0.00,USD,DU1003749
DEBUG:ib_insync.client:<<< 6,2,PostExpirationExcess-P,0.00,USD,DU1003749
DEBUG:ib_insync.client:<<< 6,2,PostExpirationExcess-S,0.00,USD,DU1003749
DEBUG:ib_insync.client:<<< 6,2,PostExpirationMargin,0.00,USD,DU1003749
DEBUG:ib_insync.client:<<< 6,2,PostExpirationMargin-C,0.00,USD,DU1003749
DEBUG:ib_insync.client:<<< 6,2,PostExpirationMargin-P,0.00,USD,DU1003749
DEBUG:ib_insync.client:<<< 6,2,PostExpirationMargin-S,0.00,USD,DU1003749
DEBUG:ib_insync.client:<<< 6,2,PreviousDayEquityWithLoanValue,1038263.23,USD,DU1003749
DEBUG:ib_insync.client:<<< 6,2,PreviousDayEquityWithLoanValue-S,1038263.23,USD,DU1003749
DEBUG:ib_insync.client:<<< 6,2,RealCurrency,BASE,BASE,DU1003749
DEBUG:ib_insync.client:<<< 6,2,RealCurrency,USD,USD,DU1003749
DEBUG:ib_insync.client:<<< 6,2,RealizedPnL,0.00,BASE,DU1003749
DEBUG:ib_insync.client:<<< 6,2,RealizedPnL,0.00,USD,DU1003749
DEBUG:ib_insync.client:<<< 6,2,RegTEquity,1038263.23,USD,DU1003749
DEBUG:ib_insync.client:<<< 6,2,RegTEquity-S,1038263.23,USD,DU1003749
DEBUG:ib_insync.client:<<< 6,2,RegTMargin,0.00,USD,DU1003749
DEBUG:ib_insync.client:<<< 6,2,RegTMargin-S,0.00,USD,DU1003749
DEBUG:ib_insync.client:<<< 6,2,SMA,1038263.23,USD,DU1003749
DEBUG:ib_insync.client:<<< 6,2,SMA-S,1038263.23,USD,DU1003749
DEBUG:ib_insync.client:<<< 6,2,SegmentTitle-C,US Commodities,,DU1003749
DEBUG:ib_insync.client:<<< 6,2,SegmentTitle-P,Crypto at Paxos,,DU1003749
DEBUG:ib_insync.client:<<< 6,2,SegmentTitle-S,US Securities,,DU1003749
DEBUG:ib_insync.client:<<< 6,2,StockMarketValue,0.00,BASE,DU1003749
DEBUG:ib_insync.client:<<< 6,2,StockMarketValue,0.00,USD,DU1003749
DEBUG:ib_insync.client:<<< 6,2,TBillValue,0.00,BASE,DU1003749
DEBUG:ib_insync.client:<<< 6,2,TBillValue,0.00,USD,DU1003749
DEBUG:ib_insync.client:<<< 6,2,TBondValue,0.00,BASE,DU1003749
DEBUG:ib_insync.client:<<< 6,2,TBondValue,0.00,USD,DU1003749
DEBUG:ib_insync.client:<<< 6,2,TotalCashBalance,1035984.32,BASE,DU1003749
DEBUG:ib_insync.client:<<< 6,2,TotalCashBalance,1035984.32,USD,DU1003749
DEBUG:ib_insync.client:<<< 6,2,TotalCashValue,1035984.32,USD,DU1003749
DEBUG:ib_insync.client:<<< 6,2,TotalCashValue-C,0.00,USD,DU1003749
DEBUG:ib_insync.client:<<< 6,2,TotalCashValue-P,0.00,USD,DU1003749
DEBUG:ib_insync.client:<<< 6,2,TotalCashValue-S,1035984.32,USD,DU1003749
DEBUG:ib_insync.client:<<< 6,2,TotalDebitCardPendingCharges,0.00,USD,DU1003749
DEBUG:ib_insync.client:<<< 6,2,TotalDebitCardPendingCharges-C,0.00,USD,DU1003749
DEBUG:ib_insync.client:<<< 6,2,TotalDebitCardPendingCharges-P,0.00,USD,DU1003749
DEBUG:ib_insync.client:<<< 6,2,TotalDebitCardPendingCharges-S,0.00,USD,DU1003749
DEBUG:ib_insync.client:<<< 6,2,TradingType-S,STKNOPT,,DU1003749
DEBUG:ib_insync.client:<<< 6,2,UnrealizedPnL,0.00,BASE,DU1003749
DEBUG:ib_insync.client:<<< 6,2,UnrealizedPnL,0.00,USD,DU1003749
DEBUG:ib_insync.client:<<< 6,2,WarrantValue,0.00,BASE,DU1003749
DEBUG:ib_insync.client:<<< 6,2,WarrantValue,0.00,USD,DU1003749
DEBUG:ib_insync.client:<<< 6,2,WhatIfPMEnabled,true,,DU1003749
DEBUG:ib_insync.client:<<< 8,1,21:56
DEBUG:ib_insync.client:<<< 54,1,DU1003749
DEBUG:ib_insync.client:<<< 73,1,1,DU1003749,,AccountCode,DU1003749,
DEBUG:ib_insync.client:<<< 73,1,1,DU1003749,,AccountReady,true,
DEBUG:ib_insync.client:<<< 73,1,1,DU1003749,,AccountType,JOINT,
DEBUG:ib_insync.client:<<< 73,1,1,DU1003749,,AccruedCash,2278.91,USD
DEBUG:ib_insync.client:<<< 73,1,1,DU1003749,,AccruedCash-C,0.00,USD
DEBUG:ib_insync.client:<<< 73,1,1,DU1003749,,AccruedCash-P,0.00,USD
DEBUG:ib_insync.client:<<< 73,1,1,DU1003749,,AccruedCash-S,2278.91,USD
DEBUG:ib_insync.client:<<< 73,1,1,DU1003749,,AccruedDividend,0.00,USD
DEBUG:ib_insync.client:<<< 73,1,1,DU1003749,,AccruedDividend-C,0.00,USD
DEBUG:ib_insync.client:<<< 73,1,1,DU1003749,,AccruedDividend-P,0.00,USD
DEBUG:ib_insync.client:<<< 73,1,1,DU1003749,,AccruedDividend-S,0.00,USD
DEBUG:ib_insync.client:<<< 73,1,1,DU1003749,,AvailableFunds,1038263.23,USD
DEBUG:ib_insync.client:<<< 73,1,1,DU1003749,,AvailableFunds-C,0.00,USD
DEBUG:ib_insync.client:<<< 73,1,1,DU1003749,,AvailableFunds-P,0.00,USD
DEBUG:ib_insync.client:<<< 73,1,1,DU1003749,,AvailableFunds-S,1038263.23,USD
DEBUG:ib_insync.client:<<< 73,1,1,DU1003749,,Billable,0.00,USD
DEBUG:ib_insync.client:<<< 73,1,1,DU1003749,,Billable-C,0.00,USD
DEBUG:ib_insync.client:<<< 73,1,1,DU1003749,,Billable-P,0.00,USD
DEBUG:ib_insync.client:<<< 73,1,1,DU1003749,,Billable-S,0.00,USD
DEBUG:ib_insync.client:<<< 73,1,1,DU1003749,,BuyingPower,4153052.92,USD
DEBUG:ib_insync.client:<<< 73,1,1,DU1003749,,ColumnPrio-C,2,
DEBUG:ib_insync.client:<<< 73,1,1,DU1003749,,ColumnPrio-P,5,
DEBUG:ib_insync.client:<<< 73,1,1,DU1003749,,ColumnPrio-S,1,
DEBUG:ib_insync.client:<<< 73,1,1,DU1003749,,Cushion,1,
DEBUG:ib_insync.client:<<< 73,1,1,DU1003749,,DayTradesRemaining,-1,
DEBUG:ib_insync.client:<<< 73,1,1,DU1003749,,DayTradesRemainingT+1,-1,
DEBUG:ib_insync.client:<<< 73,1,1,DU1003749,,DayTradesRemainingT+2,-1,
DEBUG:ib_insync.client:<<< 73,1,1,DU1003749,,DayTradesRemainingT+3,-1,
DEBUG:ib_insync.client:<<< 73,1,1,DU1003749,,DayTradesRemainingT+4,-1,
DEBUG:ib_insync.client:<<< 73,1,1,DU1003749,,EquityWithLoanValue,1038263.23,USD
DEBUG:ib_insync.client:<<< 73,1,1,DU1003749,,EquityWithLoanValue-C,0.00,USD
DEBUG:ib_insync.client:<<< 73,1,1,DU1003749,,EquityWithLoanValue-P,0.00,USD
DEBUG:ib_insync.client:<<< 73,1,1,DU1003749,,EquityWithLoanValue-S,1038263.23,USD
DEBUG:ib_insync.client:<<< 73,1,1,DU1003749,,ExcessLiquidity,1038263.23,USD
DEBUG:ib_insync.client:<<< 73,1,1,DU1003749,,ExcessLiquidity-C,0.00,USD
DEBUG:ib_insync.client:<<< 73,1,1,DU1003749,,ExcessLiquidity-P,0.00,USD
DEBUG:ib_insync.client:<<< 73,1,1,DU1003749,,ExcessLiquidity-S,1038263.23,USD
DEBUG:ib_insync.client:<<< 73,1,1,DU1003749,,FullAvailableFunds,1038263.23,USD
DEBUG:ib_insync.client:<<< 73,1,1,DU1003749,,FullAvailableFunds-C,0.00,USD
DEBUG:ib_insync.client:<<< 73,1,1,DU1003749,,FullAvailableFunds-P,0.00,USD
DEBUG:ib_insync.client:<<< 73,1,1,DU1003749,,FullAvailableFunds-S,1038263.23,USD
DEBUG:ib_insync.client:<<< 73,1,1,DU1003749,,FullExcessLiquidity,1038263.23,USD
DEBUG:ib_insync.client:<<< 73,1,1,DU1003749,,FullExcessLiquidity-C,0.00,USD
DEBUG:ib_insync.client:<<< 73,1,1,DU1003749,,FullExcessLiquidity-P,0.00,USD
DEBUG:ib_insync.client:<<< 73,1,1,DU1003749,,FullExcessLiquidity-S,1038263.23,USD
DEBUG:ib_insync.client:<<< 73,1,1,DU1003749,,FullInitMarginReq,0.00,USD
DEBUG:ib_insync.client:<<< 73,1,1,DU1003749,,FullInitMarginReq-C,0.00,USD
DEBUG:ib_insync.client:<<< 73,1,1,DU1003749,,FullInitMarginReq-P,0.00,USD
DEBUG:ib_insync.client:<<< 73,1,1,DU1003749,,FullInitMarginReq-S,0.00,USD
DEBUG:ib_insync.client:<<< 73,1,1,DU1003749,,FullMaintMarginReq,0.00,USD
DEBUG:ib_insync.client:<<< 73,1,1,DU1003749,,FullMaintMarginReq-C,0.00,USD
DEBUG:ib_insync.client:<<< 73,1,1,DU1003749,,FullMaintMarginReq-P,0.00,USD
DEBUG:ib_insync.client:<<< 73,1,1,DU1003749,,FullMaintMarginReq-S,0.00,USD
DEBUG:ib_insync.client:<<< 73,1,1,DU1003749,,GrossPositionValue,0.00,USD
DEBUG:ib_insync.client:<<< 73,1,1,DU1003749,,GrossPositionValue-S,0.00,USD
DEBUG:ib_insync.client:<<< 73,1,1,DU1003749,,Guarantee,0.00,USD
DEBUG:ib_insync.client:<<< 73,1,1,DU1003749,,Guarantee-C,0.00,USD
DEBUG:ib_insync.client:<<< 73,1,1,DU1003749,,Guarantee-P,0.00,USD
DEBUG:ib_insync.client:<<< 73,1,1,DU1003749,,Guarantee-S,0.00,USD
DEBUG:ib_insync.client:<<< 73,1,1,DU1003749,,IndianStockHaircut,0.00,USD
DEBUG:ib_insync.client:<<< 73,1,1,DU1003749,,IndianStockHaircut-C,0.00,USD
DEBUG:ib_insync.client:<<< 73,1,1,DU1003749,,IndianStockHaircut-P,0.00,USD
DEBUG:ib_insync.client:<<< 73,1,1,DU1003749,,IndianStockHaircut-S,0.00,USD
DEBUG:ib_insync.client:<<< 73,1,1,DU1003749,,InitMarginReq,0.00,USD
DEBUG:ib_insync.client:<<< 73,1,1,DU1003749,,InitMarginReq-C,0.00,USD
DEBUG:ib_insync.client:<<< 73,1,1,DU1003749,,InitMarginReq-P,0.00,USD
DEBUG:ib_insync.client:<<< 73,1,1,DU1003749,,InitMarginReq-S,0.00,USD
DEBUG:ib_insync.client:<<< 73,1,1,DU1003749,,Leverage-S,0.00,
DEBUG:ib_insync.client:<<< 73,1,1,DU1003749,,LookAheadAvailableFunds,1038263.23,USD
DEBUG:ib_insync.client:<<< 73,1,1,DU1003749,,LookAheadAvailableFunds-C,0.00,USD
DEBUG:ib_insync.client:<<< 73,1,1,DU1003749,,LookAheadAvailableFunds-P,0.00,USD
DEBUG:ib_insync.client:<<< 73,1,1,DU1003749,,LookAheadAvailableFunds-S,1038263.23,USD
DEBUG:ib_insync.client:<<< 73,1,1,DU1003749,,LookAheadExcessLiquidity,1038263.23,USD
DEBUG:ib_insync.client:<<< 73,1,1,DU1003749,,LookAheadExcessLiquidity-C,0.00,USD
DEBUG:ib_insync.client:<<< 73,1,1,DU1003749,,LookAheadExcessLiquidity-P,0.00,USD
DEBUG:ib_insync.client:<<< 73,1,1,DU1003749,,LookAheadExcessLiquidity-S,1038263.23,USD
DEBUG:ib_insync.client:<<< 73,1,1,DU1003749,,LookAheadInitMarginReq,0.00,USD
DEBUG:ib_insync.client:<<< 73,1,1,DU1003749,,LookAheadInitMarginReq-C,0.00,USD
DEBUG:ib_insync.client:<<< 73,1,1,DU1003749,,LookAheadInitMarginReq-P,0.00,USD
DEBUG:ib_insync.client:<<< 73,1,1,DU1003749,,LookAheadInitMarginReq-S,0.00,USD
DEBUG:ib_insync.client:<<< 73,1,1,DU1003749,,LookAheadMaintMarginReq,0.00,USD
DEBUG:ib_insync.client:<<< 73,1,1,DU1003749,,LookAheadMaintMarginReq-C,0.00,USD
DEBUG:ib_insync.client:<<< 73,1,1,DU1003749,,LookAheadMaintMarginReq-P,0.00,USD
DEBUG:ib_insync.client:<<< 73,1,1,DU1003749,,LookAheadMaintMarginReq-S,0.00,USD
DEBUG:ib_insync.client:<<< 73,1,1,DU1003749,,LookAheadNextChange,0,
DEBUG:ib_insync.client:<<< 73,1,1,DU1003749,,MaintMarginReq,0.00,USD
DEBUG:ib_insync.client:<<< 73,1,1,DU1003749,,MaintMarginReq-C,0.00,USD
DEBUG:ib_insync.client:<<< 73,1,1,DU1003749,,MaintMarginReq-P,0.00,USD
DEBUG:ib_insync.client:<<< 73,1,1,DU1003749,,MaintMarginReq-S,0.00,USD
DEBUG:ib_insync.client:<<< 73,1,1,DU1003749,,NLVAndMarginInReview,false,
DEBUG:ib_insync.client:<<< 73,1,1,DU1003749,,NetLiquidation,1038263.23,USD
DEBUG:ib_insync.client:<<< 73,1,1,DU1003749,,NetLiquidation-C,0.00,USD
DEBUG:ib_insync.client:<<< 73,1,1,DU1003749,,NetLiquidation-P,0.00,USD
DEBUG:ib_insync.client:<<< 73,1,1,DU1003749,,NetLiquidation-S,1038263.23,USD
DEBUG:ib_insync.client:<<< 73,1,1,DU1003749,,NetLiquidationUncertainty,0.00,USD
DEBUG:ib_insync.client:<<< 73,1,1,DU1003749,,PASharesValue,0.00,USD
DEBUG:ib_insync.client:<<< 73,1,1,DU1003749,,PASharesValue-C,0.00,USD
DEBUG:ib_insync.client:<<< 73,1,1,DU1003749,,PASharesValue-P,0.00,USD
DEBUG:ib_insync.client:<<< 73,1,1,DU1003749,,PASharesValue-S,0.00,USD
DEBUG:ib_insync.client:<<< 73,1,1,DU1003749,,PhysicalCertificateValue,0.00,USD
DEBUG:ib_insync.client:<<< 73,1,1,DU1003749,,PhysicalCertificateValue-C,0.00,USD
DEBUG:ib_insync.client:<<< 73,1,1,DU1003749,,PhysicalCertificateValue-P,0.00,USD
DEBUG:ib_insync.client:<<< 73,1,1,DU1003749,,PhysicalCertificateValue-S,0.00,USD
DEBUG:ib_insync.client:<<< 73,1,1,DU1003749,,PostExpirationExcess,0.00,USD
DEBUG:ib_insync.client:<<< 73,1,1,DU1003749,,PostExpirationExcess-C,0.00,USD
DEBUG:ib_insync.client:<<< 73,1,1,DU1003749,,PostExpirationExcess-P,0.00,USD
DEBUG:ib_insync.client:<<< 73,1,1,DU1003749,,PostExpirationExcess-S,0.00,USD
DEBUG:ib_insync.client:<<< 73,1,1,DU1003749,,PostExpirationMargin,0.00,USD
DEBUG:ib_insync.client:<<< 73,1,1,DU1003749,,PostExpirationMargin-C,0.00,USD
DEBUG:ib_insync.client:<<< 73,1,1,DU1003749,,PostExpirationMargin-P,0.00,USD
DEBUG:ib_insync.client:<<< 73,1,1,DU1003749,,PostExpirationMargin-S,0.00,USD
DEBUG:ib_insync.client:<<< 73,1,1,DU1003749,,PreviousDayEquityWithLoanValue,1038263.23,USD
DEBUG:ib_insync.client:<<< 73,1,1,DU1003749,,PreviousDayEquityWithLoanValue-S,1038263.23,USD
DEBUG:ib_insync.client:<<< 73,1,1,DU1003749,,RegTEquity,1038263.23,USD
DEBUG:ib_insync.client:<<< 73,1,1,DU1003749,,RegTEquity-S,1038263.23,USD
DEBUG:ib_insync.client:<<< 73,1,1,DU1003749,,RegTMargin,0.00,USD
DEBUG:ib_insync.client:<<< 73,1,1,DU1003749,,RegTMargin-S,0.00,USD
DEBUG:ib_insync.client:<<< 73,1,1,DU1003749,,SMA,1038263.23,USD
DEBUG:ib_insync.client:<<< 73,1,1,DU1003749,,SMA-S,1038263.23,USD
DEBUG:ib_insync.client:<<< 73,1,1,DU1003749,,SegmentTitle-C,US Commodities,
DEBUG:ib_insync.client:<<< 73,1,1,DU1003749,,SegmentTitle-P,Crypto at Paxos,
DEBUG:ib_insync.client:<<< 73,1,1,DU1003749,,SegmentTitle-S,US Securities,
DEBUG:ib_insync.client:<<< 73,1,1,DU1003749,,TotalCashValue,1035984.32,USD
DEBUG:ib_insync.client:<<< 73,1,1,DU1003749,,TotalCashValue-C,0.00,USD
DEBUG:ib_insync.client:<<< 73,1,1,DU1003749,,TotalCashValue-P,0.00,USD
DEBUG:ib_insync.client:<<< 73,1,1,DU1003749,,TotalCashValue-S,1035984.32,USD
DEBUG:ib_insync.client:<<< 73,1,1,DU1003749,,TotalDebitCardPendingCharges,0.00,USD
DEBUG:ib_insync.client:<<< 73,1,1,DU1003749,,TotalDebitCardPendingCharges-C,0.00,USD
DEBUG:ib_insync.client:<<< 73,1,1,DU1003749,,TotalDebitCardPendingCharges-P,0.00,USD
DEBUG:ib_insync.client:<<< 73,1,1,DU1003749,,TotalDebitCardPendingCharges-S,0.00,USD
DEBUG:ib_insync.client:<<< 73,1,1,DU1003749,,TradingType-S,STKNOPT,
DEBUG:ib_insync.client:<<< 73,1,1,DU1003749,,WhatIfPMEnabled,true,
DEBUG:ib_insync.client:<<< 73,1,1,DU1003749,,Currency,USD,USD
DEBUG:ib_insync.client:<<< 73,1,1,DU1003749,,CashBalance,1035984.32,USD
DEBUG:ib_insync.client:<<< 73,1,1,DU1003749,,TotalCashBalance,1035984.32,USD
DEBUG:ib_insync.client:<<< 73,1,1,DU1003749,,AccruedCash,2278.91,USD
DEBUG:ib_insync.client:<<< 73,1,1,DU1003749,,StockMarketValue,0.00,USD
DEBUG:ib_insync.client:<<< 73,1,1,DU1003749,,OptionMarketValue,0.00,USD
DEBUG:ib_insync.client:<<< 73,1,1,DU1003749,,FutureOptionValue,0.00,USD
DEBUG:ib_insync.client:<<< 73,1,1,DU1003749,,FuturesPNL,0.00,USD
DEBUG:ib_insync.client:<<< 73,1,1,DU1003749,,NetLiquidationByCurrency,1038263.23,USD
DEBUG:ib_insync.client:<<< 73,1,1,DU1003749,,UnrealizedPnL,0.00,USD
DEBUG:ib_insync.client:<<< 73,1,1,DU1003749,,RealizedPnL,0.00,USD
DEBUG:ib_insync.client:<<< 73,1,1,DU1003749,,ExchangeRate,1.00,USD
DEBUG:ib_insync.client:<<< 73,1,1,DU1003749,,FundValue,0.00,USD
DEBUG:ib_insync.client:<<< 73,1,1,DU1003749,,NetDividend,0.00,USD
DEBUG:ib_insync.client:<<< 73,1,1,DU1003749,,MutualFundValue,0.00,USD
DEBUG:ib_insync.client:<<< 73,1,1,DU1003749,,MoneyMarketFundValue,0.00,USD
DEBUG:ib_insync.client:<<< 73,1,1,DU1003749,,CorporateBondValue,0.00,USD
DEBUG:ib_insync.client:<<< 73,1,1,DU1003749,,TBondValue,0.00,USD
DEBUG:ib_insync.client:<<< 73,1,1,DU1003749,,TBillValue,0.00,USD
DEBUG:ib_insync.client:<<< 73,1,1,DU1003749,,WarrantValue,0.00,USD
DEBUG:ib_insync.client:<<< 73,1,1,DU1003749,,FxCashBalance,0.00,USD
DEBUG:ib_insync.client:<<< 73,1,1,DU1003749,,AccountOrGroup,DU1003749,USD
DEBUG:ib_insync.client:<<< 73,1,1,DU1003749,,RealCurrency,USD,USD
DEBUG:ib_insync.client:<<< 73,1,1,DU1003749,,IssuerOptionValue,0.00,USD
DEBUG:ib_insync.client:<<< 73,1,1,DU1003749,,Cryptocurrency,0.00,USD
DEBUG:ib_insync.client:<<< 73,1,1,DU1003749,,Currency,BASE,BASE
DEBUG:ib_insync.client:<<< 73,1,1,DU1003749,,CashBalance,1035984.32,BASE
DEBUG:ib_insync.client:<<< 73,1,1,DU1003749,,TotalCashBalance,1035984.32,BASE
DEBUG:ib_insync.client:<<< 73,1,1,DU1003749,,AccruedCash,2278.91,BASE
DEBUG:ib_insync.client:<<< 73,1,1,DU1003749,,StockMarketValue,0.00,BASE
DEBUG:ib_insync.client:<<< 73,1,1,DU1003749,,OptionMarketValue,0.00,BASE
DEBUG:ib_insync.client:<<< 73,1,1,DU1003749,,FutureOptionValue,0.00,BASE
DEBUG:ib_insync.client:<<< 73,1,1,DU1003749,,FuturesPNL,0.00,BASE
DEBUG:ib_insync.client:<<< 73,1,1,DU1003749,,NetLiquidationByCurrency,1038263.23,BASE
DEBUG:ib_insync.client:<<< 73,1,1,DU1003749,,UnrealizedPnL,0.00,BASE
DEBUG:ib_insync.client:<<< 73,1,1,DU1003749,,RealizedPnL,0.00,BASE
DEBUG:ib_insync.client:<<< 73,1,1,DU1003749,,ExchangeRate,1.00,BASE
DEBUG:ib_insync.client:<<< 73,1,1,DU1003749,,FundValue,0.00,BASE
DEBUG:ib_insync.client:<<< 73,1,1,DU1003749,,NetDividend,0.00,BASE
DEBUG:ib_insync.client:<<< 73,1,1,DU1003749,,MutualFundValue,0.00,BASE
DEBUG:ib_insync.client:<<< 73,1,1,DU1003749,,MoneyMarketFundValue,0.00,BASE
DEBUG:ib_insync.client:<<< 73,1,1,DU1003749,,CorporateBondValue,0.00,BASE
DEBUG:ib_insync.client:<<< 73,1,1,DU1003749,,TBondValue,0.00,BASE
DEBUG:ib_insync.client:<<< 73,1,1,DU1003749,,TBillValue,0.00,BASE
DEBUG:ib_insync.client:<<< 73,1,1,DU1003749,,WarrantValue,0.00,BASE
DEBUG:ib_insync.client:<<< 73,1,1,DU1003749,,FxCashBalance,0.00,BASE
DEBUG:ib_insync.client:<<< 73,1,1,DU1003749,,AccountOrGroup,DU1003749,BASE
DEBUG:ib_insync.client:<<< 73,1,1,DU1003749,,RealCurrency,USD,BASE
DEBUG:ib_insync.client:<<< 73,1,1,DU1003749,,IssuerOptionValue,0.00,BASE
DEBUG:ib_insync.client:<<< 73,1,1,DU1003749,,Cryptocurrency,0.00,BASE
DEBUG:ib_insync.client:<<< 74,1,1
DEBUG:ib_insync.client:>>> 7,3,2,0,,,,,,
DEBUG:ib_insync.client:<<< 55,1,2
INFO:ib_insync.ib:Synchronization complete
DEBUG:ib_insync.client:>>> 50,3,3,0,BTC,CRYPTO,,0.0,,,PAXOS,,USD,,,5,MIDPOINT,0,
DEBUG:ib_insync.client:<<< 50,3,3,1667440645,20321.625,20321.625,20321.625,20321.625,-1,-1,-1
DEBUG:ib_insync.client:<<< 50,3,3,1667440650,20321.625,20321.625,20321.125,20321.125,-1,-1,-1
DEBUG:ib_insync.client:<<< 50,3,3,1667440655,20321.125,20321.125,20321.125,20321.125,-1,-1,-1
DEBUG:ib_insync.client:<<< 50,3,3,1667440660,20321.125,20321.125,20321.125,20321.125,-1,-1,-1
DEBUG:ib_insync.client:>>> 51,1,3
INFO:ib_insync.ib:Disconnecting from 127.0.0.1:7497, 178 B sent in 9 messages, 19.2 kB received in 425 messages, session time 1.86 ks.
INFO:ib_insync.client:Disconnecting
INFO:ib_insync.ib:Disconnecting from 127.0.0.1:7497, 178 B sent in 9 messages, 19.1 kB received in 421 messages, session time 1.74 ks.
INFO:ib_insync.client:Disconnecting
INFO:ib_insync.ib:Disconnecting from 127.0.0.1:7497, 178 B sent in 9 messages, 19.1 kB received in 421 messages, session time 1.66 ks.
INFO:ib_insync.client:Disconnecting
INFO:ib_insync.ib:Disconnecting from 127.0.0.1:7497, 178 B sent in 9 messages, 19.1 kB received in 421 messages, session time 1.71 ks.
INFO:ib_insync.client:Disconnecting
INFO:ib_insync.ib:Disconnecting from 127.0.0.1:7497, 182 B sent in 9 messages, 19.3 kB received in 421 messages, session time 1.61 ks.
INFO:ib_insync.client:Disconnecting
INFO:ib_insync.ib:Disconnecting from 127.0.0.1:7497, 179 B sent in 9 messages, 18.8 kB received in 405 messages, session time 888 s.
INFO:ib_insync.client:Disconnecting
INFO:ib_insync.ib:Disconnecting from 127.0.0.1:7497, 179 B sent in 9 messages, 18.4 kB received in 389 messages, session time 140 s.
INFO:ib_insync.client:Disconnecting
INFO:ib_insync.ib:Disconnecting from 127.0.0.1:7497, 179 B sent in 9 messages, 18.2 kB received in 384 messages, session time 78.2 s.
INFO:ib_insync.client:Disconnecting
